ARM GAS  C:\Users\xliu430\AppData\Local\Temp\ccgoms2v.s 			page 1


   1              		.syntax unified
   2              		.cpu cortex-m3
   3              		.fpu softvfp
   4              		.eabi_attribute 20, 1
   5              		.eabi_attribute 21, 1
   6              		.eabi_attribute 23, 3
   7              		.eabi_attribute 24, 1
   8              		.eabi_attribute 25, 1
   9              		.eabi_attribute 26, 1
  10              		.eabi_attribute 30, 1
  11              		.eabi_attribute 34, 1
  12              		.eabi_attribute 18, 4
  13              		.thumb
  14              		.syntax unified
  15              		.file	"main.c"
  16              		.text
  17              	.Ltext0:
  18              		.cfi_sections	.debug_frame
  19              		.section	.text.eoc,"ax",%progbits
  20              		.align	2
  21              		.global	eoc
  22              		.thumb
  23              		.thumb_func
  24              		.type	eoc, %function
  25              	eoc:
  26              	.LFB64:
  27              		.file 1 "main.c"
   1:main.c        **** /* ========================================
   2:main.c        ****  *
   3:main.c        ****  * Copyright YOUR COMPANY, THE YEAR
   4:main.c        ****  * All Rights Reserved
   5:main.c        ****  * UNPUBLISHED, LICENSED SOFTWARE.
   6:main.c        ****  *
   7:main.c        ****  * CONFIDENTIAL AND PROPRIETARY INFORMATION
   8:main.c        ****  * WHICH IS THE PROPERTY OF your company.
   9:main.c        ****  *
  10:main.c        ****  * ========================================
  11:main.c        **** */
  12:main.c        **** #include "project.h"
  13:main.c        **** #include <stdio.h>
  14:main.c        **** #include <project.h>
  15:main.c        **** #include <string.h>
  16:main.c        ****  int flag=0;
  17:main.c        **** int count =0;
  18:main.c        **** int array[1000] ={0};
  19:main.c        **** 
  20:main.c        **** /*
  21:main.c        **** CY_ISR(tc_sample){
  22:main.c        **** LED_Write(~LED_Read());
  23:main.c        **** 
  24:main.c        **** ADC_SAR_1_StartConvert();
  25:main.c        **** 
  26:main.c        **** isr_TC_ClearPending();
  27:main.c        **** Timer_1_ReadStatusRegister();
  28:main.c        **** }
  29:main.c        **** */
  30:main.c        **** 
ARM GAS  C:\Users\xliu430\AppData\Local\Temp\ccgoms2v.s 			page 2


  31:main.c        **** CY_ISR(eoc){
  28              		.loc 1 31 0
  29              		.cfi_startproc
  30              		@ args = 0, pretend = 0, frame = 0
  31              		@ frame_needed = 0, uses_anonymous_args = 0
  32 0000 08B5     		push	{r3, lr}
  33              		.cfi_def_cfa_offset 8
  34              		.cfi_offset 3, -8
  35              		.cfi_offset 14, -4
  32:main.c        ****  
  33:main.c        **** 
  34:main.c        **** if(count < 999){
  36              		.loc 1 34 0
  37 0002 0C4B     		ldr	r3, .L5
  38 0004 1A68     		ldr	r2, [r3]
  39 0006 40F2E633 		movw	r3, #998
  40 000a 9A42     		cmp	r2, r3
  41 000c 0BDC     		bgt	.L2
  42              	.LBB2:
  35:main.c        ****     int val = ADC_SAR_1_GetResult16();
  43              		.loc 1 35 0
  44 000e FFF7FEFF 		bl	ADC_SAR_1_GetResult16
  45              	.LVL0:
  36:main.c        ****     int mVolts = ADC_SAR_1_CountsTo_mVolts(val);
  46              		.loc 1 36 0
  47 0012 FFF7FEFF 		bl	ADC_SAR_1_CountsTo_mVolts
  48              	.LVL1:
  37:main.c        ****     array[count] = mVolts;
  49              		.loc 1 37 0
  50 0016 074A     		ldr	r2, .L5
  51 0018 1368     		ldr	r3, [r2]
  52 001a 02EB8301 		add	r1, r2, r3, lsl #2
  53 001e 4860     		str	r0, [r1, #4]
  38:main.c        ****     count++;
  54              		.loc 1 38 0
  55 0020 0133     		adds	r3, r3, #1
  56 0022 1360     		str	r3, [r2]
  57              	.LBE2:
  58 0024 08BD     		pop	{r3, pc}
  59              	.LVL2:
  60              	.L2:
  39:main.c        ****     }
  40:main.c        **** else{
  41:main.c        ****     Timer_1_Stop();
  61              		.loc 1 41 0
  62 0026 FFF7FEFF 		bl	Timer_1_Stop
  63              	.LVL3:
  42:main.c        ****     
  43:main.c        ****     flag = 1;
  64              		.loc 1 43 0
  65 002a 0122     		movs	r2, #1
  66 002c 014B     		ldr	r3, .L5
  67 002e C3F8A42F 		str	r2, [r3, #4004]
  68 0032 08BD     		pop	{r3, pc}
  69              	.L6:
  70              		.align	2
  71              	.L5:
ARM GAS  C:\Users\xliu430\AppData\Local\Temp\ccgoms2v.s 			page 3


  72 0034 00000000 		.word	.LANCHOR0
  73              		.cfi_endproc
  74              	.LFE64:
  75              		.size	eoc, .-eoc
  76              		.section	.text.usbPutString,"ax",%progbits
  77              		.align	2
  78              		.global	usbPutString
  79              		.thumb
  80              		.thumb_func
  81              		.type	usbPutString, %function
  82              	usbPutString:
  83              	.LFB65:
  44:main.c        **** }
  45:main.c        **** }
  46:main.c        **** 
  47:main.c        **** void usbPutString(char *s)
  48:main.c        **** {
  84              		.loc 1 48 0
  85              		.cfi_startproc
  86              		@ args = 0, pretend = 0, frame = 0
  87              		@ frame_needed = 0, uses_anonymous_args = 0
  88              	.LVL4:
  89 0000 10B5     		push	{r4, lr}
  90              		.cfi_def_cfa_offset 8
  91              		.cfi_offset 4, -8
  92              		.cfi_offset 14, -4
  93 0002 0446     		mov	r4, r0
  94              	.LVL5:
  95              	.L8:
  49:main.c        **** // !! Assumes that *s is a string with allocated space >=64 chars     
  50:main.c        **** //  Since USB implementation retricts data packets to 64 chars, this function truncates the
  51:main.c        **** //  length to 62 char (63rd char is a '!')
  52:main.c        ****     
  53:main.c        ****     while (USBUART_1_CDCIsReady() == 0);
  96              		.loc 1 53 0 discriminator 1
  97 0004 FFF7FEFF 		bl	USBUART_1_CDCIsReady
  98              	.LVL6:
  99 0008 0028     		cmp	r0, #0
 100 000a FBD0     		beq	.L8
  54:main.c        ****     s[63]='\0';
 101              		.loc 1 54 0
 102 000c 0023     		movs	r3, #0
 103 000e 84F83F30 		strb	r3, [r4, #63]
  55:main.c        ****     s[62]='!';
 104              		.loc 1 55 0
 105 0012 2123     		movs	r3, #33
 106 0014 84F83E30 		strb	r3, [r4, #62]
  56:main.c        ****     USBUART_1_PutData((uint8*)s,strlen(s));
 107              		.loc 1 56 0
 108 0018 2046     		mov	r0, r4
 109 001a FFF7FEFF 		bl	strlen
 110              	.LVL7:
 111 001e 81B2     		uxth	r1, r0
 112 0020 2046     		mov	r0, r4
 113 0022 FFF7FEFF 		bl	USBUART_1_PutData
 114              	.LVL8:
 115 0026 10BD     		pop	{r4, pc}
ARM GAS  C:\Users\xliu430\AppData\Local\Temp\ccgoms2v.s 			page 4


 116              		.cfi_endproc
 117              	.LFE65:
 118              		.size	usbPutString, .-usbPutString
 119              		.section	.text.findMaximum,"ax",%progbits
 120              		.align	2
 121              		.global	findMaximum
 122              		.thumb
 123              		.thumb_func
 124              		.type	findMaximum, %function
 125              	findMaximum:
 126              	.LFB66:
  57:main.c        **** }
  58:main.c        **** 
  59:main.c        **** int findMaximum(int array[1000]){
 127              		.loc 1 59 0
 128              		.cfi_startproc
 129              		@ args = 0, pretend = 0, frame = 0
 130              		@ frame_needed = 0, uses_anonymous_args = 0
 131              		@ link register save eliminated.
 132              	.LVL9:
 133              	.LBB3:
  60:main.c        **** int maximum = 0;
  61:main.c        ****     for(int i = 100; i < 1000-100; i ++){
 134              		.loc 1 61 0
 135 0000 6423     		movs	r3, #100
 136              	.LBE3:
  60:main.c        **** int maximum = 0;
 137              		.loc 1 60 0
 138 0002 0021     		movs	r1, #0
 139              	.LBB4:
 140              		.loc 1 61 0
 141 0004 05E0     		b	.L11
 142              	.LVL10:
 143              	.L13:
  62:main.c        ****         if (array[i]> maximum){
 144              		.loc 1 62 0
 145 0006 50F82320 		ldr	r2, [r0, r3, lsl #2]
 146 000a 9142     		cmp	r1, r2
 147 000c 00DA     		bge	.L12
  63:main.c        ****          maximum = array[i];
 148              		.loc 1 63 0
 149 000e 1146     		mov	r1, r2
 150              	.LVL11:
 151              	.L12:
  61:main.c        ****         if (array[i]> maximum){
 152              		.loc 1 61 0 discriminator 2
 153 0010 0133     		adds	r3, r3, #1
 154              	.LVL12:
 155              	.L11:
  61:main.c        ****         if (array[i]> maximum){
 156              		.loc 1 61 0 is_stmt 0 discriminator 1
 157 0012 B3F5617F 		cmp	r3, #900
 158 0016 F6DB     		blt	.L13
 159              	.LBE4:
  64:main.c        ****         }  
  65:main.c        ****     }
  66:main.c        ****     return maximum;
ARM GAS  C:\Users\xliu430\AppData\Local\Temp\ccgoms2v.s 			page 5


  67:main.c        **** }
 160              		.loc 1 67 0 is_stmt 1
 161 0018 0846     		mov	r0, r1
 162              	.LVL13:
 163 001a 7047     		bx	lr
 164              		.cfi_endproc
 165              	.LFE66:
 166              		.size	findMaximum, .-findMaximum
 167              		.section	.text.main,"ax",%progbits
 168              		.align	2
 169              		.global	main
 170              		.thumb
 171              		.thumb_func
 172              		.type	main, %function
 173              	main:
 174              	.LFB67:
  68:main.c        **** 
  69:main.c        **** 
  70:main.c        **** int main(void)
  71:main.c        **** 
  72:main.c        **** {   //isr_TC_StartEx(tc_sample);
 175              		.loc 1 72 0
 176              		.cfi_startproc
 177              		@ args = 0, pretend = 0, frame = 104
 178              		@ frame_needed = 0, uses_anonymous_args = 0
 179 0000 30B5     		push	{r4, r5, lr}
 180              		.cfi_def_cfa_offset 12
 181              		.cfi_offset 4, -12
 182              		.cfi_offset 5, -8
 183              		.cfi_offset 14, -4
 184 0002 9BB0     		sub	sp, sp, #108
 185              		.cfi_def_cfa_offset 120
  73:main.c        ****     isr_EOC_StartEx(eoc);
 186              		.loc 1 73 0
 187 0004 1E48     		ldr	r0, .L22
 188 0006 FFF7FEFF 		bl	isr_EOC_StartEx
 189              	.LVL14:
  74:main.c        **** 
  75:main.c        **** 
  76:main.c        ****     CyGlobalIntEnable; /* Enable global interrupts. */
 190              		.loc 1 76 0
 191              		.syntax unified
 192              	@ 76 "main.c" 1
 193 000a 62B6     		CPSIE   i
 194              	@ 0 "" 2
  77:main.c        ****     
  78:main.c        ****     USBUART_1_Start(0,USBUART_1_5V_OPERATION);
 195              		.loc 1 78 0
 196              		.thumb
 197              		.syntax unified
 198 000c 0121     		movs	r1, #1
 199 000e 0020     		movs	r0, #0
 200 0010 FFF7FEFF 		bl	USBUART_1_Start
 201              	.LVL15:
 202              	.L16:
  79:main.c        ****     while(USBUART_1_GetConfiguration() == 0){}
 203              		.loc 1 79 0 discriminator 1
ARM GAS  C:\Users\xliu430\AppData\Local\Temp\ccgoms2v.s 			page 6


 204 0014 FFF7FEFF 		bl	USBUART_1_GetConfiguration
 205              	.LVL16:
 206 0018 0028     		cmp	r0, #0
 207 001a FBD0     		beq	.L16
  80:main.c        ****     ADC_SAR_1_Start();
 208              		.loc 1 80 0
 209 001c FFF7FEFF 		bl	ADC_SAR_1_Start
 210              	.LVL17:
  81:main.c        ****     Timer_1_Start();
 211              		.loc 1 81 0
 212 0020 FFF7FEFF 		bl	Timer_1_Start
 213              	.LVL18:
 214              	.L20:
  82:main.c        ****     
  83:main.c        ****     
  84:main.c        ****     /* Place your initialization/startup code here (e.g. MyInst_Start()) */
  85:main.c        ****   
  86:main.c        ****     for(;;)
  87:main.c        ****     {
  88:main.c        ****         
  89:main.c        ****         
  90:main.c        ****         /* Place your application code here. */
  91:main.c        ****         if(flag == 1){
 215              		.loc 1 91 0
 216 0024 174B     		ldr	r3, .L22+4
 217 0026 D3F8A43F 		ldr	r3, [r3, #4004]
 218 002a 012B     		cmp	r3, #1
 219 002c 23D1     		bne	.L17
 220              	.LBB5:
  92:main.c        ****            
  93:main.c        ****             //int val = ADC_SAR_1_GetResult16();
  94:main.c        ****             //int mVolts = ADC_SAR_1_CountsTo_mVolts(val);
  95:main.c        ****             //int result = mVolts + 1024;
  96:main.c        ****            int result=  findMaximum(array);
 221              		.loc 1 96 0
 222 002e 154D     		ldr	r5, .L22+4
 223 0030 281D     		adds	r0, r5, #4
 224 0032 FFF7FEFF 		bl	findMaximum
 225              	.LVL19:
 226 0036 0446     		mov	r4, r0
 227              	.LVL20:
  97:main.c        ****             char send[100];
  98:main.c        ****                 sprintf(send,"%d\r\n",result);
 228              		.loc 1 98 0
 229 0038 0246     		mov	r2, r0
 230 003a 1349     		ldr	r1, .L22+8
 231 003c 01A8     		add	r0, sp, #4
 232              	.LVL21:
 233 003e FFF7FEFF 		bl	sprintf
 234              	.LVL22:
  99:main.c        ****                 usbPutString(send);
 235              		.loc 1 99 0
 236 0042 01A8     		add	r0, sp, #4
 237 0044 FFF7FEFF 		bl	usbPutString
 238              	.LVL23:
 100:main.c        ****                 flag = 0;
 239              		.loc 1 100 0
ARM GAS  C:\Users\xliu430\AppData\Local\Temp\ccgoms2v.s 			page 7


 240 0048 0023     		movs	r3, #0
 241 004a C5F8A43F 		str	r3, [r5, #4004]
 101:main.c        ****                 if(result > 600){
 242              		.loc 1 101 0
 243 004e B4F5167F 		cmp	r4, #600
 244 0052 03DD     		ble	.L18
 102:main.c        ****                     LED_Write(1);
 245              		.loc 1 102 0
 246 0054 0120     		movs	r0, #1
 247 0056 FFF7FEFF 		bl	LED_Write
 248              	.LVL24:
 249 005a 02E0     		b	.L19
 250              	.L18:
 103:main.c        ****                 }
 104:main.c        ****                 else{
 105:main.c        ****                     LED_Write(0);
 251              		.loc 1 105 0
 252 005c 0020     		movs	r0, #0
 253 005e FFF7FEFF 		bl	LED_Write
 254              	.LVL25:
 255              	.L19:
 106:main.c        ****                 }
 107:main.c        ****                 count = 0;
 256              		.loc 1 107 0
 257 0062 0021     		movs	r1, #0
 258 0064 0748     		ldr	r0, .L22+4
 259 0066 40F8041B 		str	r1, [r0], #4
 108:main.c        ****                 memset(array,0,sizeof(array));
 260              		.loc 1 108 0
 261 006a 4FF47A62 		mov	r2, #4000
 262 006e FFF7FEFF 		bl	memset
 263              	.LVL26:
 109:main.c        ****                 Timer_1_Start();
 264              		.loc 1 109 0
 265 0072 FFF7FEFF 		bl	Timer_1_Start
 266              	.LVL27:
 267              	.L17:
 268              	.LBE5:
 110:main.c        ****                 
 111:main.c        **** 
 112:main.c        ****         /*
 113:main.c        ****             for(int i =100; i<count-100; i++){
 114:main.c        ****                 int result = array[i];
 115:main.c        ****                 char send[100];
 116:main.c        ****                 sprintf(send,"%d\r\n",result);
 117:main.c        ****                 usbPutString(send);
 118:main.c        ****                 
 119:main.c        ****             }
 120:main.c        ****             flag = 0;
 121:main.c        ****             Timer_1_Start();
 122:main.c        ****          */
 123:main.c        ****         }
 124:main.c        ****        
 125:main.c        ****         CyDelay(1000);
 269              		.loc 1 125 0
 270 0076 4FF47A70 		mov	r0, #1000
 271 007a FFF7FEFF 		bl	CyDelay
ARM GAS  C:\Users\xliu430\AppData\Local\Temp\ccgoms2v.s 			page 8


 272              	.LVL28:
 126:main.c        ****     }
 273              		.loc 1 126 0
 274 007e D1E7     		b	.L20
 275              	.L23:
 276              		.align	2
 277              	.L22:
 278 0080 00000000 		.word	eoc
 279 0084 00000000 		.word	.LANCHOR0
 280 0088 00000000 		.word	.LC0
 281              		.cfi_endproc
 282              	.LFE67:
 283              		.size	main, .-main
 284              		.global	array
 285              		.global	count
 286              		.global	flag
 287              		.section	.rodata.str1.4,"aMS",%progbits,1
 288              		.align	2
 289              	.LC0:
 290 0000 25640D0A 		.ascii	"%d\015\012\000"
 290      00
 291              		.bss
 292              		.align	2
 293              		.set	.LANCHOR0,. + 0
 294              		.type	count, %object
 295              		.size	count, 4
 296              	count:
 297 0000 00000000 		.space	4
 298              		.type	array, %object
 299              		.size	array, 4000
 300              	array:
 301 0004 00000000 		.space	4000
 301      00000000 
 301      00000000 
 301      00000000 
 301      00000000 
 302              		.type	flag, %object
 303              		.size	flag, 4
 304              	flag:
 305 0fa4 00000000 		.space	4
 306              		.text
 307              	.Letext0:
 308              		.file 2 "c:\\program files (x86)\\cypress\\psoc creator\\4.2\\psoc creator\\import\\gnu\\arm\\5.4.
 309              		.file 3 "c:\\program files (x86)\\cypress\\psoc creator\\4.2\\psoc creator\\import\\gnu\\arm\\5.4.
 310              		.file 4 "Generated_Source\\PSoC5/cytypes.h"
 311              		.file 5 "Generated_Source\\PSoC5/core_cm3.h"
 312              		.file 6 "Generated_Source\\PSoC5/ADC_SAR_1.h"
 313              		.file 7 "Generated_Source\\PSoC5/Timer_1.h"
 314              		.file 8 "Generated_Source\\PSoC5/USBUART_1_cdc.h"
 315              		.file 9 "c:\\program files (x86)\\cypress\\psoc creator\\4.2\\psoc creator\\import\\gnu\\arm\\5.4.
 316              		.file 10 "c:\\program files (x86)\\cypress\\psoc creator\\4.2\\psoc creator\\import\\gnu\\arm\\5.4
 317              		.file 11 "Generated_Source\\PSoC5/LED.h"
 318              		.file 12 "Generated_Source\\PSoC5/isr_EOC.h"
 319              		.file 13 "Generated_Source\\PSoC5/USBUART_1.h"
 320              		.file 14 "Generated_Source\\PSoC5/CyLib.h"
 321              		.section	.debug_info,"",%progbits
 322              	.Ldebug_info0:
ARM GAS  C:\Users\xliu430\AppData\Local\Temp\ccgoms2v.s 			page 9


 323 0000 F8030000 		.4byte	0x3f8
 324 0004 0400     		.2byte	0x4
 325 0006 00000000 		.4byte	.Ldebug_abbrev0
 326 000a 04       		.byte	0x4
 327 000b 01       		.uleb128 0x1
 328 000c 0E010000 		.4byte	.LASF40
 329 0010 0C       		.byte	0xc
 330 0011 72020000 		.4byte	.LASF41
 331 0015 0E000000 		.4byte	.LASF42
 332 0019 18000000 		.4byte	.Ldebug_ranges0+0x18
 333 001d 00000000 		.4byte	0
 334 0021 00000000 		.4byte	.Ldebug_line0
 335 0025 02       		.uleb128 0x2
 336 0026 01       		.byte	0x1
 337 0027 06       		.byte	0x6
 338 0028 CC020000 		.4byte	.LASF0
 339 002c 02       		.uleb128 0x2
 340 002d 01       		.byte	0x1
 341 002e 08       		.byte	0x8
 342 002f 00010000 		.4byte	.LASF1
 343 0033 02       		.uleb128 0x2
 344 0034 02       		.byte	0x2
 345 0035 05       		.byte	0x5
 346 0036 00020000 		.4byte	.LASF2
 347 003a 02       		.uleb128 0x2
 348 003b 02       		.byte	0x2
 349 003c 07       		.byte	0x7
 350 003d AE010000 		.4byte	.LASF3
 351 0041 03       		.uleb128 0x3
 352 0042 A4000000 		.4byte	.LASF9
 353 0046 02       		.byte	0x2
 354 0047 3F       		.byte	0x3f
 355 0048 4C000000 		.4byte	0x4c
 356 004c 02       		.uleb128 0x2
 357 004d 04       		.byte	0x4
 358 004e 05       		.byte	0x5
 359 004f B7020000 		.4byte	.LASF4
 360 0053 02       		.uleb128 0x2
 361 0054 04       		.byte	0x4
 362 0055 07       		.byte	0x7
 363 0056 9C010000 		.4byte	.LASF5
 364 005a 02       		.uleb128 0x2
 365 005b 08       		.byte	0x8
 366 005c 05       		.byte	0x5
 367 005d 64020000 		.4byte	.LASF6
 368 0061 02       		.uleb128 0x2
 369 0062 08       		.byte	0x8
 370 0063 07       		.byte	0x7
 371 0064 20020000 		.4byte	.LASF7
 372 0068 04       		.uleb128 0x4
 373 0069 04       		.byte	0x4
 374 006a 05       		.byte	0x5
 375 006b 696E7400 		.ascii	"int\000"
 376 006f 02       		.uleb128 0x2
 377 0070 04       		.byte	0x4
 378 0071 07       		.byte	0x7
 379 0072 D5000000 		.4byte	.LASF8
ARM GAS  C:\Users\xliu430\AppData\Local\Temp\ccgoms2v.s 			page 10


 380 0076 03       		.uleb128 0x3
 381 0077 F2000000 		.4byte	.LASF10
 382 007b 03       		.byte	0x3
 383 007c 2C       		.byte	0x2c
 384 007d 41000000 		.4byte	0x41
 385 0081 05       		.uleb128 0x5
 386 0082 84020000 		.4byte	.LASF11
 387 0086 04       		.byte	0x4
 388 0087 E401     		.2byte	0x1e4
 389 0089 2C000000 		.4byte	0x2c
 390 008d 02       		.uleb128 0x2
 391 008e 04       		.byte	0x4
 392 008f 04       		.byte	0x4
 393 0090 FA000000 		.4byte	.LASF12
 394 0094 02       		.uleb128 0x2
 395 0095 08       		.byte	0x8
 396 0096 04       		.byte	0x4
 397 0097 E7010000 		.4byte	.LASF13
 398 009b 02       		.uleb128 0x2
 399 009c 01       		.byte	0x1
 400 009d 08       		.byte	0x8
 401 009e 79020000 		.4byte	.LASF14
 402 00a2 02       		.uleb128 0x2
 403 00a3 08       		.byte	0x8
 404 00a4 04       		.byte	0x4
 405 00a5 C0020000 		.4byte	.LASF15
 406 00a9 02       		.uleb128 0x2
 407 00aa 04       		.byte	0x4
 408 00ab 07       		.byte	0x7
 409 00ac 45020000 		.4byte	.LASF16
 410 00b0 06       		.uleb128 0x6
 411 00b1 04       		.byte	0x4
 412 00b2 9B000000 		.4byte	0x9b
 413 00b6 07       		.uleb128 0x7
 414 00b7 656F6300 		.ascii	"eoc\000"
 415 00bb 01       		.byte	0x1
 416 00bc 1F       		.byte	0x1f
 417 00bd 00000000 		.4byte	.LFB64
 418 00c1 38000000 		.4byte	.LFE64-.LFB64
 419 00c5 01       		.uleb128 0x1
 420 00c6 9C       		.byte	0x9c
 421 00c7 13010000 		.4byte	0x113
 422 00cb 08       		.uleb128 0x8
 423 00cc 0E000000 		.4byte	.LBB2
 424 00d0 16000000 		.4byte	.LBE2-.LBB2
 425 00d4 09010000 		.4byte	0x109
 426 00d8 09       		.uleb128 0x9
 427 00d9 76616C00 		.ascii	"val\000"
 428 00dd 01       		.byte	0x1
 429 00de 23       		.byte	0x23
 430 00df 68000000 		.4byte	0x68
 431 00e3 00000000 		.4byte	.LLST0
 432 00e7 0A       		.uleb128 0xa
 433 00e8 3E020000 		.4byte	.LASF17
 434 00ec 01       		.byte	0x1
 435 00ed 24       		.byte	0x24
 436 00ee 68000000 		.4byte	0x68
ARM GAS  C:\Users\xliu430\AppData\Local\Temp\ccgoms2v.s 			page 11


 437 00f2 19000000 		.4byte	.LLST1
 438 00f6 0B       		.uleb128 0xb
 439 00f7 12000000 		.4byte	.LVL0
 440 00fb 56030000 		.4byte	0x356
 441 00ff 0B       		.uleb128 0xb
 442 0100 16000000 		.4byte	.LVL1
 443 0104 61030000 		.4byte	0x361
 444 0108 00       		.byte	0
 445 0109 0B       		.uleb128 0xb
 446 010a 2A000000 		.4byte	.LVL3
 447 010e 6C030000 		.4byte	0x36c
 448 0112 00       		.byte	0
 449 0113 0C       		.uleb128 0xc
 450 0114 AE000000 		.4byte	.LASF18
 451 0118 01       		.byte	0x1
 452 0119 2F       		.byte	0x2f
 453 011a 00000000 		.4byte	.LFB65
 454 011e 28000000 		.4byte	.LFE65-.LFB65
 455 0122 01       		.uleb128 0x1
 456 0123 9C       		.byte	0x9c
 457 0124 63010000 		.4byte	0x163
 458 0128 0D       		.uleb128 0xd
 459 0129 7300     		.ascii	"s\000"
 460 012b 01       		.byte	0x1
 461 012c 2F       		.byte	0x2f
 462 012d B0000000 		.4byte	0xb0
 463 0131 2C000000 		.4byte	.LLST2
 464 0135 0B       		.uleb128 0xb
 465 0136 08000000 		.4byte	.LVL6
 466 013a 77030000 		.4byte	0x377
 467 013e 0E       		.uleb128 0xe
 468 013f 1E000000 		.4byte	.LVL7
 469 0143 82030000 		.4byte	0x382
 470 0147 52010000 		.4byte	0x152
 471 014b 0F       		.uleb128 0xf
 472 014c 01       		.uleb128 0x1
 473 014d 50       		.byte	0x50
 474 014e 02       		.uleb128 0x2
 475 014f 74       		.byte	0x74
 476 0150 00       		.sleb128 0
 477 0151 00       		.byte	0
 478 0152 10       		.uleb128 0x10
 479 0153 26000000 		.4byte	.LVL8
 480 0157 8D030000 		.4byte	0x38d
 481 015b 0F       		.uleb128 0xf
 482 015c 01       		.uleb128 0x1
 483 015d 50       		.byte	0x50
 484 015e 02       		.uleb128 0x2
 485 015f 74       		.byte	0x74
 486 0160 00       		.sleb128 0
 487 0161 00       		.byte	0
 488 0162 00       		.byte	0
 489 0163 11       		.uleb128 0x11
 490 0164 C1010000 		.4byte	.LASF43
 491 0168 01       		.byte	0x1
 492 0169 3B       		.byte	0x3b
 493 016a 68000000 		.4byte	0x68
ARM GAS  C:\Users\xliu430\AppData\Local\Temp\ccgoms2v.s 			page 12


 494 016e 00000000 		.4byte	.LFB66
 495 0172 1C000000 		.4byte	.LFE66-.LFB66
 496 0176 01       		.uleb128 0x1
 497 0177 9C       		.byte	0x9c
 498 0178 AE010000 		.4byte	0x1ae
 499 017c 12       		.uleb128 0x12
 500 017d CD010000 		.4byte	.LASF19
 501 0181 01       		.byte	0x1
 502 0182 3B       		.byte	0x3b
 503 0183 AE010000 		.4byte	0x1ae
 504 0187 4A000000 		.4byte	.LLST3
 505 018b 0A       		.uleb128 0xa
 506 018c 8A020000 		.4byte	.LASF20
 507 0190 01       		.byte	0x1
 508 0191 3C       		.byte	0x3c
 509 0192 68000000 		.4byte	0x68
 510 0196 6B000000 		.4byte	.LLST4
 511 019a 13       		.uleb128 0x13
 512 019b 00000000 		.4byte	.Ldebug_ranges0+0
 513 019f 09       		.uleb128 0x9
 514 01a0 6900     		.ascii	"i\000"
 515 01a2 01       		.byte	0x1
 516 01a3 3D       		.byte	0x3d
 517 01a4 68000000 		.4byte	0x68
 518 01a8 8A000000 		.4byte	.LLST5
 519 01ac 00       		.byte	0
 520 01ad 00       		.byte	0
 521 01ae 06       		.uleb128 0x6
 522 01af 04       		.byte	0x4
 523 01b0 68000000 		.4byte	0x68
 524 01b4 14       		.uleb128 0x14
 525 01b5 0F020000 		.4byte	.LASF44
 526 01b9 01       		.byte	0x1
 527 01ba 46       		.byte	0x46
 528 01bb 68000000 		.4byte	0x68
 529 01bf 00000000 		.4byte	.LFB67
 530 01c3 8C000000 		.4byte	.LFE67-.LFB67
 531 01c7 01       		.uleb128 0x1
 532 01c8 9C       		.byte	0x9c
 533 01c9 F1020000 		.4byte	0x2f1
 534 01cd 08       		.uleb128 0x8
 535 01ce 2E000000 		.4byte	.LBB5
 536 01d2 48000000 		.4byte	.LBE5-.LBB5
 537 01d6 95020000 		.4byte	0x295
 538 01da 0A       		.uleb128 0xa
 539 01db 37020000 		.4byte	.LASF21
 540 01df 01       		.byte	0x1
 541 01e0 60       		.byte	0x60
 542 01e1 68000000 		.4byte	0x68
 543 01e5 AA000000 		.4byte	.LLST6
 544 01e9 15       		.uleb128 0x15
 545 01ea 1B020000 		.4byte	.LASF22
 546 01ee 01       		.byte	0x1
 547 01ef 61       		.byte	0x61
 548 01f0 F1020000 		.4byte	0x2f1
 549 01f4 03       		.uleb128 0x3
 550 01f5 91       		.byte	0x91
ARM GAS  C:\Users\xliu430\AppData\Local\Temp\ccgoms2v.s 			page 13


 551 01f6 8C7F     		.sleb128 -116
 552 01f8 0E       		.uleb128 0xe
 553 01f9 36000000 		.4byte	.LVL19
 554 01fd 63010000 		.4byte	0x163
 555 0201 0C020000 		.4byte	0x20c
 556 0205 0F       		.uleb128 0xf
 557 0206 01       		.uleb128 0x1
 558 0207 50       		.byte	0x50
 559 0208 02       		.uleb128 0x2
 560 0209 75       		.byte	0x75
 561 020a 04       		.sleb128 4
 562 020b 00       		.byte	0
 563 020c 0E       		.uleb128 0xe
 564 020d 42000000 		.4byte	.LVL22
 565 0211 98030000 		.4byte	0x398
 566 0215 30020000 		.4byte	0x230
 567 0219 0F       		.uleb128 0xf
 568 021a 01       		.uleb128 0x1
 569 021b 50       		.byte	0x50
 570 021c 03       		.uleb128 0x3
 571 021d 91       		.byte	0x91
 572 021e 8C7F     		.sleb128 -116
 573 0220 0F       		.uleb128 0xf
 574 0221 01       		.uleb128 0x1
 575 0222 51       		.byte	0x51
 576 0223 05       		.uleb128 0x5
 577 0224 03       		.byte	0x3
 578 0225 00000000 		.4byte	.LC0
 579 0229 0F       		.uleb128 0xf
 580 022a 01       		.uleb128 0x1
 581 022b 52       		.byte	0x52
 582 022c 02       		.uleb128 0x2
 583 022d 74       		.byte	0x74
 584 022e 00       		.sleb128 0
 585 022f 00       		.byte	0
 586 0230 0E       		.uleb128 0xe
 587 0231 48000000 		.4byte	.LVL23
 588 0235 13010000 		.4byte	0x113
 589 0239 45020000 		.4byte	0x245
 590 023d 0F       		.uleb128 0xf
 591 023e 01       		.uleb128 0x1
 592 023f 50       		.byte	0x50
 593 0240 03       		.uleb128 0x3
 594 0241 91       		.byte	0x91
 595 0242 8C7F     		.sleb128 -116
 596 0244 00       		.byte	0
 597 0245 0E       		.uleb128 0xe
 598 0246 5A000000 		.4byte	.LVL24
 599 024a A3030000 		.4byte	0x3a3
 600 024e 58020000 		.4byte	0x258
 601 0252 0F       		.uleb128 0xf
 602 0253 01       		.uleb128 0x1
 603 0254 50       		.byte	0x50
 604 0255 01       		.uleb128 0x1
 605 0256 31       		.byte	0x31
 606 0257 00       		.byte	0
 607 0258 0E       		.uleb128 0xe
ARM GAS  C:\Users\xliu430\AppData\Local\Temp\ccgoms2v.s 			page 14


 608 0259 62000000 		.4byte	.LVL25
 609 025d A3030000 		.4byte	0x3a3
 610 0261 6B020000 		.4byte	0x26b
 611 0265 0F       		.uleb128 0xf
 612 0266 01       		.uleb128 0x1
 613 0267 50       		.byte	0x50
 614 0268 01       		.uleb128 0x1
 615 0269 30       		.byte	0x30
 616 026a 00       		.byte	0
 617 026b 0E       		.uleb128 0xe
 618 026c 72000000 		.4byte	.LVL26
 619 0270 AE030000 		.4byte	0x3ae
 620 0274 8B020000 		.4byte	0x28b
 621 0278 0F       		.uleb128 0xf
 622 0279 01       		.uleb128 0x1
 623 027a 50       		.byte	0x50
 624 027b 02       		.uleb128 0x2
 625 027c 75       		.byte	0x75
 626 027d 04       		.sleb128 4
 627 027e 0F       		.uleb128 0xf
 628 027f 01       		.uleb128 0x1
 629 0280 51       		.byte	0x51
 630 0281 01       		.uleb128 0x1
 631 0282 30       		.byte	0x30
 632 0283 0F       		.uleb128 0xf
 633 0284 01       		.uleb128 0x1
 634 0285 52       		.byte	0x52
 635 0286 03       		.uleb128 0x3
 636 0287 0A       		.byte	0xa
 637 0288 A00F     		.2byte	0xfa0
 638 028a 00       		.byte	0
 639 028b 0B       		.uleb128 0xb
 640 028c 76000000 		.4byte	.LVL27
 641 0290 B7030000 		.4byte	0x3b7
 642 0294 00       		.byte	0
 643 0295 0E       		.uleb128 0xe
 644 0296 0A000000 		.4byte	.LVL14
 645 029a C2030000 		.4byte	0x3c2
 646 029e AC020000 		.4byte	0x2ac
 647 02a2 0F       		.uleb128 0xf
 648 02a3 01       		.uleb128 0x1
 649 02a4 50       		.byte	0x50
 650 02a5 05       		.uleb128 0x5
 651 02a6 03       		.byte	0x3
 652 02a7 00000000 		.4byte	eoc
 653 02ab 00       		.byte	0
 654 02ac 0E       		.uleb128 0xe
 655 02ad 14000000 		.4byte	.LVL15
 656 02b1 CD030000 		.4byte	0x3cd
 657 02b5 C4020000 		.4byte	0x2c4
 658 02b9 0F       		.uleb128 0xf
 659 02ba 01       		.uleb128 0x1
 660 02bb 50       		.byte	0x50
 661 02bc 01       		.uleb128 0x1
 662 02bd 30       		.byte	0x30
 663 02be 0F       		.uleb128 0xf
 664 02bf 01       		.uleb128 0x1
ARM GAS  C:\Users\xliu430\AppData\Local\Temp\ccgoms2v.s 			page 15


 665 02c0 51       		.byte	0x51
 666 02c1 01       		.uleb128 0x1
 667 02c2 31       		.byte	0x31
 668 02c3 00       		.byte	0
 669 02c4 0B       		.uleb128 0xb
 670 02c5 18000000 		.4byte	.LVL16
 671 02c9 D9030000 		.4byte	0x3d9
 672 02cd 0B       		.uleb128 0xb
 673 02ce 20000000 		.4byte	.LVL17
 674 02d2 E5030000 		.4byte	0x3e5
 675 02d6 0B       		.uleb128 0xb
 676 02d7 24000000 		.4byte	.LVL18
 677 02db B7030000 		.4byte	0x3b7
 678 02df 10       		.uleb128 0x10
 679 02e0 7E000000 		.4byte	.LVL28
 680 02e4 F0030000 		.4byte	0x3f0
 681 02e8 0F       		.uleb128 0xf
 682 02e9 01       		.uleb128 0x1
 683 02ea 50       		.byte	0x50
 684 02eb 03       		.uleb128 0x3
 685 02ec 0A       		.byte	0xa
 686 02ed E803     		.2byte	0x3e8
 687 02ef 00       		.byte	0
 688 02f0 00       		.byte	0
 689 02f1 16       		.uleb128 0x16
 690 02f2 9B000000 		.4byte	0x9b
 691 02f6 01030000 		.4byte	0x301
 692 02fa 17       		.uleb128 0x17
 693 02fb A9000000 		.4byte	0xa9
 694 02ff 63       		.byte	0x63
 695 0300 00       		.byte	0
 696 0301 18       		.uleb128 0x18
 697 0302 D3010000 		.4byte	.LASF23
 698 0306 05       		.byte	0x5
 699 0307 1207     		.2byte	0x712
 700 0309 0D030000 		.4byte	0x30d
 701 030d 19       		.uleb128 0x19
 702 030e 76000000 		.4byte	0x76
 703 0312 1A       		.uleb128 0x1a
 704 0313 0A020000 		.4byte	.LASF24
 705 0317 01       		.byte	0x1
 706 0318 10       		.byte	0x10
 707 0319 68000000 		.4byte	0x68
 708 031d 05       		.uleb128 0x5
 709 031e 03       		.byte	0x3
 710 031f 00000000 		.4byte	flag
 711 0323 1A       		.uleb128 0x1a
 712 0324 7E020000 		.4byte	.LASF25
 713 0328 01       		.byte	0x1
 714 0329 11       		.byte	0x11
 715 032a 68000000 		.4byte	0x68
 716 032e 05       		.uleb128 0x5
 717 032f 03       		.byte	0x3
 718 0330 00000000 		.4byte	count
 719 0334 16       		.uleb128 0x16
 720 0335 68000000 		.4byte	0x68
 721 0339 45030000 		.4byte	0x345
ARM GAS  C:\Users\xliu430\AppData\Local\Temp\ccgoms2v.s 			page 16


 722 033d 1B       		.uleb128 0x1b
 723 033e A9000000 		.4byte	0xa9
 724 0342 E703     		.2byte	0x3e7
 725 0344 00       		.byte	0
 726 0345 1A       		.uleb128 0x1a
 727 0346 CD010000 		.4byte	.LASF19
 728 034a 01       		.byte	0x1
 729 034b 12       		.byte	0x12
 730 034c 34030000 		.4byte	0x334
 731 0350 05       		.uleb128 0x5
 732 0351 03       		.byte	0x3
 733 0352 00000000 		.4byte	array
 734 0356 1C       		.uleb128 0x1c
 735 0357 4E020000 		.4byte	.LASF26
 736 035b 4E020000 		.4byte	.LASF26
 737 035f 06       		.byte	0x6
 738 0360 3B       		.byte	0x3b
 739 0361 1C       		.uleb128 0x1c
 740 0362 BB000000 		.4byte	.LASF27
 741 0366 BB000000 		.4byte	.LASF27
 742 036a 06       		.byte	0x6
 743 036b 3F       		.byte	0x3f
 744 036c 1C       		.uleb128 0x1c
 745 036d E8020000 		.4byte	.LASF28
 746 0371 E8020000 		.4byte	.LASF28
 747 0375 07       		.byte	0x7
 748 0376 5B       		.byte	0x5b
 749 0377 1C       		.uleb128 0x1c
 750 0378 A2020000 		.4byte	.LASF29
 751 037c A2020000 		.4byte	.LASF29
 752 0380 08       		.byte	0x8
 753 0381 28       		.byte	0x28
 754 0382 1C       		.uleb128 0x1c
 755 0383 14020000 		.4byte	.LASF30
 756 0387 14020000 		.4byte	.LASF30
 757 038b 09       		.byte	0x9
 758 038c 21       		.byte	0x21
 759 038d 1C       		.uleb128 0x1c
 760 038e EE010000 		.4byte	.LASF31
 761 0392 EE010000 		.4byte	.LASF31
 762 0396 08       		.byte	0x8
 763 0397 23       		.byte	0x23
 764 0398 1C       		.uleb128 0x1c
 765 0399 F5020000 		.4byte	.LASF32
 766 039d F5020000 		.4byte	.LASF32
 767 03a1 0A       		.byte	0xa
 768 03a2 E7       		.byte	0xe7
 769 03a3 1C       		.uleb128 0x1c
 770 03a4 9A000000 		.4byte	.LASF33
 771 03a8 9A000000 		.4byte	.LASF33
 772 03ac 0B       		.byte	0xb
 773 03ad 26       		.byte	0x26
 774 03ae 1D       		.uleb128 0x1d
 775 03af E0010000 		.4byte	.LASF45
 776 03b3 E0010000 		.4byte	.LASF45
 777 03b7 1C       		.uleb128 0x1c
 778 03b8 00000000 		.4byte	.LASF34
ARM GAS  C:\Users\xliu430\AppData\Local\Temp\ccgoms2v.s 			page 17


 779 03bc 00000000 		.4byte	.LASF34
 780 03c0 07       		.byte	0x7
 781 03c1 5A       		.byte	0x5a
 782 03c2 1C       		.uleb128 0x1c
 783 03c3 E2000000 		.4byte	.LASF35
 784 03c7 E2000000 		.4byte	.LASF35
 785 03cb 0C       		.byte	0xc
 786 03cc 18       		.byte	0x18
 787 03cd 1E       		.uleb128 0x1e
 788 03ce 92020000 		.4byte	.LASF36
 789 03d2 92020000 		.4byte	.LASF36
 790 03d6 0D       		.byte	0xd
 791 03d7 2A01     		.2byte	0x12a
 792 03d9 1E       		.uleb128 0x1e
 793 03da 7F000000 		.4byte	.LASF37
 794 03de 7F000000 		.4byte	.LASF37
 795 03e2 0D       		.byte	0xd
 796 03e3 2D01     		.2byte	0x12d
 797 03e5 1C       		.uleb128 0x1c
 798 03e6 D8020000 		.4byte	.LASF38
 799 03ea D8020000 		.4byte	.LASF38
 800 03ee 06       		.byte	0x6
 801 03ef 34       		.byte	0x34
 802 03f0 1C       		.uleb128 0x1c
 803 03f1 FD020000 		.4byte	.LASF39
 804 03f5 FD020000 		.4byte	.LASF39
 805 03f9 0E       		.byte	0xe
 806 03fa 76       		.byte	0x76
 807 03fb 00       		.byte	0
 808              		.section	.debug_abbrev,"",%progbits
 809              	.Ldebug_abbrev0:
 810 0000 01       		.uleb128 0x1
 811 0001 11       		.uleb128 0x11
 812 0002 01       		.byte	0x1
 813 0003 25       		.uleb128 0x25
 814 0004 0E       		.uleb128 0xe
 815 0005 13       		.uleb128 0x13
 816 0006 0B       		.uleb128 0xb
 817 0007 03       		.uleb128 0x3
 818 0008 0E       		.uleb128 0xe
 819 0009 1B       		.uleb128 0x1b
 820 000a 0E       		.uleb128 0xe
 821 000b 55       		.uleb128 0x55
 822 000c 17       		.uleb128 0x17
 823 000d 11       		.uleb128 0x11
 824 000e 01       		.uleb128 0x1
 825 000f 10       		.uleb128 0x10
 826 0010 17       		.uleb128 0x17
 827 0011 00       		.byte	0
 828 0012 00       		.byte	0
 829 0013 02       		.uleb128 0x2
 830 0014 24       		.uleb128 0x24
 831 0015 00       		.byte	0
 832 0016 0B       		.uleb128 0xb
 833 0017 0B       		.uleb128 0xb
 834 0018 3E       		.uleb128 0x3e
 835 0019 0B       		.uleb128 0xb
ARM GAS  C:\Users\xliu430\AppData\Local\Temp\ccgoms2v.s 			page 18


 836 001a 03       		.uleb128 0x3
 837 001b 0E       		.uleb128 0xe
 838 001c 00       		.byte	0
 839 001d 00       		.byte	0
 840 001e 03       		.uleb128 0x3
 841 001f 16       		.uleb128 0x16
 842 0020 00       		.byte	0
 843 0021 03       		.uleb128 0x3
 844 0022 0E       		.uleb128 0xe
 845 0023 3A       		.uleb128 0x3a
 846 0024 0B       		.uleb128 0xb
 847 0025 3B       		.uleb128 0x3b
 848 0026 0B       		.uleb128 0xb
 849 0027 49       		.uleb128 0x49
 850 0028 13       		.uleb128 0x13
 851 0029 00       		.byte	0
 852 002a 00       		.byte	0
 853 002b 04       		.uleb128 0x4
 854 002c 24       		.uleb128 0x24
 855 002d 00       		.byte	0
 856 002e 0B       		.uleb128 0xb
 857 002f 0B       		.uleb128 0xb
 858 0030 3E       		.uleb128 0x3e
 859 0031 0B       		.uleb128 0xb
 860 0032 03       		.uleb128 0x3
 861 0033 08       		.uleb128 0x8
 862 0034 00       		.byte	0
 863 0035 00       		.byte	0
 864 0036 05       		.uleb128 0x5
 865 0037 16       		.uleb128 0x16
 866 0038 00       		.byte	0
 867 0039 03       		.uleb128 0x3
 868 003a 0E       		.uleb128 0xe
 869 003b 3A       		.uleb128 0x3a
 870 003c 0B       		.uleb128 0xb
 871 003d 3B       		.uleb128 0x3b
 872 003e 05       		.uleb128 0x5
 873 003f 49       		.uleb128 0x49
 874 0040 13       		.uleb128 0x13
 875 0041 00       		.byte	0
 876 0042 00       		.byte	0
 877 0043 06       		.uleb128 0x6
 878 0044 0F       		.uleb128 0xf
 879 0045 00       		.byte	0
 880 0046 0B       		.uleb128 0xb
 881 0047 0B       		.uleb128 0xb
 882 0048 49       		.uleb128 0x49
 883 0049 13       		.uleb128 0x13
 884 004a 00       		.byte	0
 885 004b 00       		.byte	0
 886 004c 07       		.uleb128 0x7
 887 004d 2E       		.uleb128 0x2e
 888 004e 01       		.byte	0x1
 889 004f 3F       		.uleb128 0x3f
 890 0050 19       		.uleb128 0x19
 891 0051 03       		.uleb128 0x3
 892 0052 08       		.uleb128 0x8
ARM GAS  C:\Users\xliu430\AppData\Local\Temp\ccgoms2v.s 			page 19


 893 0053 3A       		.uleb128 0x3a
 894 0054 0B       		.uleb128 0xb
 895 0055 3B       		.uleb128 0x3b
 896 0056 0B       		.uleb128 0xb
 897 0057 27       		.uleb128 0x27
 898 0058 19       		.uleb128 0x19
 899 0059 11       		.uleb128 0x11
 900 005a 01       		.uleb128 0x1
 901 005b 12       		.uleb128 0x12
 902 005c 06       		.uleb128 0x6
 903 005d 40       		.uleb128 0x40
 904 005e 18       		.uleb128 0x18
 905 005f 9742     		.uleb128 0x2117
 906 0061 19       		.uleb128 0x19
 907 0062 01       		.uleb128 0x1
 908 0063 13       		.uleb128 0x13
 909 0064 00       		.byte	0
 910 0065 00       		.byte	0
 911 0066 08       		.uleb128 0x8
 912 0067 0B       		.uleb128 0xb
 913 0068 01       		.byte	0x1
 914 0069 11       		.uleb128 0x11
 915 006a 01       		.uleb128 0x1
 916 006b 12       		.uleb128 0x12
 917 006c 06       		.uleb128 0x6
 918 006d 01       		.uleb128 0x1
 919 006e 13       		.uleb128 0x13
 920 006f 00       		.byte	0
 921 0070 00       		.byte	0
 922 0071 09       		.uleb128 0x9
 923 0072 34       		.uleb128 0x34
 924 0073 00       		.byte	0
 925 0074 03       		.uleb128 0x3
 926 0075 08       		.uleb128 0x8
 927 0076 3A       		.uleb128 0x3a
 928 0077 0B       		.uleb128 0xb
 929 0078 3B       		.uleb128 0x3b
 930 0079 0B       		.uleb128 0xb
 931 007a 49       		.uleb128 0x49
 932 007b 13       		.uleb128 0x13
 933 007c 02       		.uleb128 0x2
 934 007d 17       		.uleb128 0x17
 935 007e 00       		.byte	0
 936 007f 00       		.byte	0
 937 0080 0A       		.uleb128 0xa
 938 0081 34       		.uleb128 0x34
 939 0082 00       		.byte	0
 940 0083 03       		.uleb128 0x3
 941 0084 0E       		.uleb128 0xe
 942 0085 3A       		.uleb128 0x3a
 943 0086 0B       		.uleb128 0xb
 944 0087 3B       		.uleb128 0x3b
 945 0088 0B       		.uleb128 0xb
 946 0089 49       		.uleb128 0x49
 947 008a 13       		.uleb128 0x13
 948 008b 02       		.uleb128 0x2
 949 008c 17       		.uleb128 0x17
ARM GAS  C:\Users\xliu430\AppData\Local\Temp\ccgoms2v.s 			page 20


 950 008d 00       		.byte	0
 951 008e 00       		.byte	0
 952 008f 0B       		.uleb128 0xb
 953 0090 898201   		.uleb128 0x4109
 954 0093 00       		.byte	0
 955 0094 11       		.uleb128 0x11
 956 0095 01       		.uleb128 0x1
 957 0096 31       		.uleb128 0x31
 958 0097 13       		.uleb128 0x13
 959 0098 00       		.byte	0
 960 0099 00       		.byte	0
 961 009a 0C       		.uleb128 0xc
 962 009b 2E       		.uleb128 0x2e
 963 009c 01       		.byte	0x1
 964 009d 3F       		.uleb128 0x3f
 965 009e 19       		.uleb128 0x19
 966 009f 03       		.uleb128 0x3
 967 00a0 0E       		.uleb128 0xe
 968 00a1 3A       		.uleb128 0x3a
 969 00a2 0B       		.uleb128 0xb
 970 00a3 3B       		.uleb128 0x3b
 971 00a4 0B       		.uleb128 0xb
 972 00a5 27       		.uleb128 0x27
 973 00a6 19       		.uleb128 0x19
 974 00a7 11       		.uleb128 0x11
 975 00a8 01       		.uleb128 0x1
 976 00a9 12       		.uleb128 0x12
 977 00aa 06       		.uleb128 0x6
 978 00ab 40       		.uleb128 0x40
 979 00ac 18       		.uleb128 0x18
 980 00ad 9742     		.uleb128 0x2117
 981 00af 19       		.uleb128 0x19
 982 00b0 01       		.uleb128 0x1
 983 00b1 13       		.uleb128 0x13
 984 00b2 00       		.byte	0
 985 00b3 00       		.byte	0
 986 00b4 0D       		.uleb128 0xd
 987 00b5 05       		.uleb128 0x5
 988 00b6 00       		.byte	0
 989 00b7 03       		.uleb128 0x3
 990 00b8 08       		.uleb128 0x8
 991 00b9 3A       		.uleb128 0x3a
 992 00ba 0B       		.uleb128 0xb
 993 00bb 3B       		.uleb128 0x3b
 994 00bc 0B       		.uleb128 0xb
 995 00bd 49       		.uleb128 0x49
 996 00be 13       		.uleb128 0x13
 997 00bf 02       		.uleb128 0x2
 998 00c0 17       		.uleb128 0x17
 999 00c1 00       		.byte	0
 1000 00c2 00       		.byte	0
 1001 00c3 0E       		.uleb128 0xe
 1002 00c4 898201   		.uleb128 0x4109
 1003 00c7 01       		.byte	0x1
 1004 00c8 11       		.uleb128 0x11
 1005 00c9 01       		.uleb128 0x1
 1006 00ca 31       		.uleb128 0x31
ARM GAS  C:\Users\xliu430\AppData\Local\Temp\ccgoms2v.s 			page 21


 1007 00cb 13       		.uleb128 0x13
 1008 00cc 01       		.uleb128 0x1
 1009 00cd 13       		.uleb128 0x13
 1010 00ce 00       		.byte	0
 1011 00cf 00       		.byte	0
 1012 00d0 0F       		.uleb128 0xf
 1013 00d1 8A8201   		.uleb128 0x410a
 1014 00d4 00       		.byte	0
 1015 00d5 02       		.uleb128 0x2
 1016 00d6 18       		.uleb128 0x18
 1017 00d7 9142     		.uleb128 0x2111
 1018 00d9 18       		.uleb128 0x18
 1019 00da 00       		.byte	0
 1020 00db 00       		.byte	0
 1021 00dc 10       		.uleb128 0x10
 1022 00dd 898201   		.uleb128 0x4109
 1023 00e0 01       		.byte	0x1
 1024 00e1 11       		.uleb128 0x11
 1025 00e2 01       		.uleb128 0x1
 1026 00e3 31       		.uleb128 0x31
 1027 00e4 13       		.uleb128 0x13
 1028 00e5 00       		.byte	0
 1029 00e6 00       		.byte	0
 1030 00e7 11       		.uleb128 0x11
 1031 00e8 2E       		.uleb128 0x2e
 1032 00e9 01       		.byte	0x1
 1033 00ea 3F       		.uleb128 0x3f
 1034 00eb 19       		.uleb128 0x19
 1035 00ec 03       		.uleb128 0x3
 1036 00ed 0E       		.uleb128 0xe
 1037 00ee 3A       		.uleb128 0x3a
 1038 00ef 0B       		.uleb128 0xb
 1039 00f0 3B       		.uleb128 0x3b
 1040 00f1 0B       		.uleb128 0xb
 1041 00f2 27       		.uleb128 0x27
 1042 00f3 19       		.uleb128 0x19
 1043 00f4 49       		.uleb128 0x49
 1044 00f5 13       		.uleb128 0x13
 1045 00f6 11       		.uleb128 0x11
 1046 00f7 01       		.uleb128 0x1
 1047 00f8 12       		.uleb128 0x12
 1048 00f9 06       		.uleb128 0x6
 1049 00fa 40       		.uleb128 0x40
 1050 00fb 18       		.uleb128 0x18
 1051 00fc 9742     		.uleb128 0x2117
 1052 00fe 19       		.uleb128 0x19
 1053 00ff 01       		.uleb128 0x1
 1054 0100 13       		.uleb128 0x13
 1055 0101 00       		.byte	0
 1056 0102 00       		.byte	0
 1057 0103 12       		.uleb128 0x12
 1058 0104 05       		.uleb128 0x5
 1059 0105 00       		.byte	0
 1060 0106 03       		.uleb128 0x3
 1061 0107 0E       		.uleb128 0xe
 1062 0108 3A       		.uleb128 0x3a
 1063 0109 0B       		.uleb128 0xb
ARM GAS  C:\Users\xliu430\AppData\Local\Temp\ccgoms2v.s 			page 22


 1064 010a 3B       		.uleb128 0x3b
 1065 010b 0B       		.uleb128 0xb
 1066 010c 49       		.uleb128 0x49
 1067 010d 13       		.uleb128 0x13
 1068 010e 02       		.uleb128 0x2
 1069 010f 17       		.uleb128 0x17
 1070 0110 00       		.byte	0
 1071 0111 00       		.byte	0
 1072 0112 13       		.uleb128 0x13
 1073 0113 0B       		.uleb128 0xb
 1074 0114 01       		.byte	0x1
 1075 0115 55       		.uleb128 0x55
 1076 0116 17       		.uleb128 0x17
 1077 0117 00       		.byte	0
 1078 0118 00       		.byte	0
 1079 0119 14       		.uleb128 0x14
 1080 011a 2E       		.uleb128 0x2e
 1081 011b 01       		.byte	0x1
 1082 011c 3F       		.uleb128 0x3f
 1083 011d 19       		.uleb128 0x19
 1084 011e 03       		.uleb128 0x3
 1085 011f 0E       		.uleb128 0xe
 1086 0120 3A       		.uleb128 0x3a
 1087 0121 0B       		.uleb128 0xb
 1088 0122 3B       		.uleb128 0x3b
 1089 0123 0B       		.uleb128 0xb
 1090 0124 27       		.uleb128 0x27
 1091 0125 19       		.uleb128 0x19
 1092 0126 49       		.uleb128 0x49
 1093 0127 13       		.uleb128 0x13
 1094 0128 8701     		.uleb128 0x87
 1095 012a 19       		.uleb128 0x19
 1096 012b 11       		.uleb128 0x11
 1097 012c 01       		.uleb128 0x1
 1098 012d 12       		.uleb128 0x12
 1099 012e 06       		.uleb128 0x6
 1100 012f 40       		.uleb128 0x40
 1101 0130 18       		.uleb128 0x18
 1102 0131 9742     		.uleb128 0x2117
 1103 0133 19       		.uleb128 0x19
 1104 0134 01       		.uleb128 0x1
 1105 0135 13       		.uleb128 0x13
 1106 0136 00       		.byte	0
 1107 0137 00       		.byte	0
 1108 0138 15       		.uleb128 0x15
 1109 0139 34       		.uleb128 0x34
 1110 013a 00       		.byte	0
 1111 013b 03       		.uleb128 0x3
 1112 013c 0E       		.uleb128 0xe
 1113 013d 3A       		.uleb128 0x3a
 1114 013e 0B       		.uleb128 0xb
 1115 013f 3B       		.uleb128 0x3b
 1116 0140 0B       		.uleb128 0xb
 1117 0141 49       		.uleb128 0x49
 1118 0142 13       		.uleb128 0x13
 1119 0143 02       		.uleb128 0x2
 1120 0144 18       		.uleb128 0x18
ARM GAS  C:\Users\xliu430\AppData\Local\Temp\ccgoms2v.s 			page 23


 1121 0145 00       		.byte	0
 1122 0146 00       		.byte	0
 1123 0147 16       		.uleb128 0x16
 1124 0148 01       		.uleb128 0x1
 1125 0149 01       		.byte	0x1
 1126 014a 49       		.uleb128 0x49
 1127 014b 13       		.uleb128 0x13
 1128 014c 01       		.uleb128 0x1
 1129 014d 13       		.uleb128 0x13
 1130 014e 00       		.byte	0
 1131 014f 00       		.byte	0
 1132 0150 17       		.uleb128 0x17
 1133 0151 21       		.uleb128 0x21
 1134 0152 00       		.byte	0
 1135 0153 49       		.uleb128 0x49
 1136 0154 13       		.uleb128 0x13
 1137 0155 2F       		.uleb128 0x2f
 1138 0156 0B       		.uleb128 0xb
 1139 0157 00       		.byte	0
 1140 0158 00       		.byte	0
 1141 0159 18       		.uleb128 0x18
 1142 015a 34       		.uleb128 0x34
 1143 015b 00       		.byte	0
 1144 015c 03       		.uleb128 0x3
 1145 015d 0E       		.uleb128 0xe
 1146 015e 3A       		.uleb128 0x3a
 1147 015f 0B       		.uleb128 0xb
 1148 0160 3B       		.uleb128 0x3b
 1149 0161 05       		.uleb128 0x5
 1150 0162 49       		.uleb128 0x49
 1151 0163 13       		.uleb128 0x13
 1152 0164 3F       		.uleb128 0x3f
 1153 0165 19       		.uleb128 0x19
 1154 0166 3C       		.uleb128 0x3c
 1155 0167 19       		.uleb128 0x19
 1156 0168 00       		.byte	0
 1157 0169 00       		.byte	0
 1158 016a 19       		.uleb128 0x19
 1159 016b 35       		.uleb128 0x35
 1160 016c 00       		.byte	0
 1161 016d 49       		.uleb128 0x49
 1162 016e 13       		.uleb128 0x13
 1163 016f 00       		.byte	0
 1164 0170 00       		.byte	0
 1165 0171 1A       		.uleb128 0x1a
 1166 0172 34       		.uleb128 0x34
 1167 0173 00       		.byte	0
 1168 0174 03       		.uleb128 0x3
 1169 0175 0E       		.uleb128 0xe
 1170 0176 3A       		.uleb128 0x3a
 1171 0177 0B       		.uleb128 0xb
 1172 0178 3B       		.uleb128 0x3b
 1173 0179 0B       		.uleb128 0xb
 1174 017a 49       		.uleb128 0x49
 1175 017b 13       		.uleb128 0x13
 1176 017c 3F       		.uleb128 0x3f
 1177 017d 19       		.uleb128 0x19
ARM GAS  C:\Users\xliu430\AppData\Local\Temp\ccgoms2v.s 			page 24


 1178 017e 02       		.uleb128 0x2
 1179 017f 18       		.uleb128 0x18
 1180 0180 00       		.byte	0
 1181 0181 00       		.byte	0
 1182 0182 1B       		.uleb128 0x1b
 1183 0183 21       		.uleb128 0x21
 1184 0184 00       		.byte	0
 1185 0185 49       		.uleb128 0x49
 1186 0186 13       		.uleb128 0x13
 1187 0187 2F       		.uleb128 0x2f
 1188 0188 05       		.uleb128 0x5
 1189 0189 00       		.byte	0
 1190 018a 00       		.byte	0
 1191 018b 1C       		.uleb128 0x1c
 1192 018c 2E       		.uleb128 0x2e
 1193 018d 00       		.byte	0
 1194 018e 3F       		.uleb128 0x3f
 1195 018f 19       		.uleb128 0x19
 1196 0190 3C       		.uleb128 0x3c
 1197 0191 19       		.uleb128 0x19
 1198 0192 6E       		.uleb128 0x6e
 1199 0193 0E       		.uleb128 0xe
 1200 0194 03       		.uleb128 0x3
 1201 0195 0E       		.uleb128 0xe
 1202 0196 3A       		.uleb128 0x3a
 1203 0197 0B       		.uleb128 0xb
 1204 0198 3B       		.uleb128 0x3b
 1205 0199 0B       		.uleb128 0xb
 1206 019a 00       		.byte	0
 1207 019b 00       		.byte	0
 1208 019c 1D       		.uleb128 0x1d
 1209 019d 2E       		.uleb128 0x2e
 1210 019e 00       		.byte	0
 1211 019f 3F       		.uleb128 0x3f
 1212 01a0 19       		.uleb128 0x19
 1213 01a1 3C       		.uleb128 0x3c
 1214 01a2 19       		.uleb128 0x19
 1215 01a3 6E       		.uleb128 0x6e
 1216 01a4 0E       		.uleb128 0xe
 1217 01a5 03       		.uleb128 0x3
 1218 01a6 0E       		.uleb128 0xe
 1219 01a7 00       		.byte	0
 1220 01a8 00       		.byte	0
 1221 01a9 1E       		.uleb128 0x1e
 1222 01aa 2E       		.uleb128 0x2e
 1223 01ab 00       		.byte	0
 1224 01ac 3F       		.uleb128 0x3f
 1225 01ad 19       		.uleb128 0x19
 1226 01ae 3C       		.uleb128 0x3c
 1227 01af 19       		.uleb128 0x19
 1228 01b0 6E       		.uleb128 0x6e
 1229 01b1 0E       		.uleb128 0xe
 1230 01b2 03       		.uleb128 0x3
 1231 01b3 0E       		.uleb128 0xe
 1232 01b4 3A       		.uleb128 0x3a
 1233 01b5 0B       		.uleb128 0xb
 1234 01b6 3B       		.uleb128 0x3b
ARM GAS  C:\Users\xliu430\AppData\Local\Temp\ccgoms2v.s 			page 25


 1235 01b7 05       		.uleb128 0x5
 1236 01b8 00       		.byte	0
 1237 01b9 00       		.byte	0
 1238 01ba 00       		.byte	0
 1239              		.section	.debug_loc,"",%progbits
 1240              	.Ldebug_loc0:
 1241              	.LLST0:
 1242 0000 12000000 		.4byte	.LVL0
 1243 0004 15000000 		.4byte	.LVL1-1
 1244 0008 0700     		.2byte	0x7
 1245 000a 70       		.byte	0x70
 1246 000b 00       		.sleb128 0
 1247 000c 40       		.byte	0x40
 1248 000d 24       		.byte	0x24
 1249 000e 40       		.byte	0x40
 1250 000f 26       		.byte	0x26
 1251 0010 9F       		.byte	0x9f
 1252 0011 00000000 		.4byte	0
 1253 0015 00000000 		.4byte	0
 1254              	.LLST1:
 1255 0019 16000000 		.4byte	.LVL1
 1256 001d 26000000 		.4byte	.LVL2
 1257 0021 0100     		.2byte	0x1
 1258 0023 50       		.byte	0x50
 1259 0024 00000000 		.4byte	0
 1260 0028 00000000 		.4byte	0
 1261              	.LLST2:
 1262 002c 00000000 		.4byte	.LVL4
 1263 0030 04000000 		.4byte	.LVL5
 1264 0034 0100     		.2byte	0x1
 1265 0036 50       		.byte	0x50
 1266 0037 04000000 		.4byte	.LVL5
 1267 003b 28000000 		.4byte	.LFE65
 1268 003f 0100     		.2byte	0x1
 1269 0041 54       		.byte	0x54
 1270 0042 00000000 		.4byte	0
 1271 0046 00000000 		.4byte	0
 1272              	.LLST3:
 1273 004a 00000000 		.4byte	.LVL9
 1274 004e 1A000000 		.4byte	.LVL13
 1275 0052 0100     		.2byte	0x1
 1276 0054 50       		.byte	0x50
 1277 0055 1A000000 		.4byte	.LVL13
 1278 0059 1C000000 		.4byte	.LFE66
 1279 005d 0400     		.2byte	0x4
 1280 005f F3       		.byte	0xf3
 1281 0060 01       		.uleb128 0x1
 1282 0061 50       		.byte	0x50
 1283 0062 9F       		.byte	0x9f
 1284 0063 00000000 		.4byte	0
 1285 0067 00000000 		.4byte	0
 1286              	.LLST4:
 1287 006b 00000000 		.4byte	.LVL9
 1288 006f 06000000 		.4byte	.LVL10
 1289 0073 0200     		.2byte	0x2
 1290 0075 30       		.byte	0x30
 1291 0076 9F       		.byte	0x9f
ARM GAS  C:\Users\xliu430\AppData\Local\Temp\ccgoms2v.s 			page 26


 1292 0077 06000000 		.4byte	.LVL10
 1293 007b 1C000000 		.4byte	.LFE66
 1294 007f 0100     		.2byte	0x1
 1295 0081 51       		.byte	0x51
 1296 0082 00000000 		.4byte	0
 1297 0086 00000000 		.4byte	0
 1298              	.LLST5:
 1299 008a 00000000 		.4byte	.LVL9
 1300 008e 06000000 		.4byte	.LVL10
 1301 0092 0300     		.2byte	0x3
 1302 0094 08       		.byte	0x8
 1303 0095 64       		.byte	0x64
 1304 0096 9F       		.byte	0x9f
 1305 0097 06000000 		.4byte	.LVL10
 1306 009b 1C000000 		.4byte	.LFE66
 1307 009f 0100     		.2byte	0x1
 1308 00a1 53       		.byte	0x53
 1309 00a2 00000000 		.4byte	0
 1310 00a6 00000000 		.4byte	0
 1311              	.LLST6:
 1312 00aa 38000000 		.4byte	.LVL20
 1313 00ae 3E000000 		.4byte	.LVL21
 1314 00b2 0100     		.2byte	0x1
 1315 00b4 50       		.byte	0x50
 1316 00b5 3E000000 		.4byte	.LVL21
 1317 00b9 41000000 		.4byte	.LVL22-1
 1318 00bd 0100     		.2byte	0x1
 1319 00bf 52       		.byte	0x52
 1320 00c0 41000000 		.4byte	.LVL22-1
 1321 00c4 76000000 		.4byte	.LVL27
 1322 00c8 0100     		.2byte	0x1
 1323 00ca 54       		.byte	0x54
 1324 00cb 00000000 		.4byte	0
 1325 00cf 00000000 		.4byte	0
 1326              		.section	.debug_aranges,"",%progbits
 1327 0000 34000000 		.4byte	0x34
 1328 0004 0200     		.2byte	0x2
 1329 0006 00000000 		.4byte	.Ldebug_info0
 1330 000a 04       		.byte	0x4
 1331 000b 00       		.byte	0
 1332 000c 0000     		.2byte	0
 1333 000e 0000     		.2byte	0
 1334 0010 00000000 		.4byte	.LFB64
 1335 0014 38000000 		.4byte	.LFE64-.LFB64
 1336 0018 00000000 		.4byte	.LFB65
 1337 001c 28000000 		.4byte	.LFE65-.LFB65
 1338 0020 00000000 		.4byte	.LFB66
 1339 0024 1C000000 		.4byte	.LFE66-.LFB66
 1340 0028 00000000 		.4byte	.LFB67
 1341 002c 8C000000 		.4byte	.LFE67-.LFB67
 1342 0030 00000000 		.4byte	0
 1343 0034 00000000 		.4byte	0
 1344              		.section	.debug_ranges,"",%progbits
 1345              	.Ldebug_ranges0:
 1346 0000 00000000 		.4byte	.LBB3
 1347 0004 02000000 		.4byte	.LBE3
 1348 0008 04000000 		.4byte	.LBB4
ARM GAS  C:\Users\xliu430\AppData\Local\Temp\ccgoms2v.s 			page 27


 1349 000c 18000000 		.4byte	.LBE4
 1350 0010 00000000 		.4byte	0
 1351 0014 00000000 		.4byte	0
 1352 0018 00000000 		.4byte	.LFB64
 1353 001c 38000000 		.4byte	.LFE64
 1354 0020 00000000 		.4byte	.LFB65
 1355 0024 28000000 		.4byte	.LFE65
 1356 0028 00000000 		.4byte	.LFB66
 1357 002c 1C000000 		.4byte	.LFE66
 1358 0030 00000000 		.4byte	.LFB67
 1359 0034 8C000000 		.4byte	.LFE67
 1360 0038 00000000 		.4byte	0
 1361 003c 00000000 		.4byte	0
 1362              		.section	.debug_line,"",%progbits
 1363              	.Ldebug_line0:
 1364 0000 A9020000 		.section	.debug_str,"MS",%progbits,1
 1364      02002A02 
 1364      00000201 
 1364      FB0E0D00 
 1364      01010101 
 1365              	.LASF34:
 1366 0000 54696D65 		.ascii	"Timer_1_Start\000"
 1366      725F315F 
 1366      53746172 
 1366      7400
 1367              	.LASF42:
 1368 000e 5C5C6669 		.ascii	"\\\\files.auckland.ac.nz\\myhome\\Documents\\GitHub"
 1368      6C65732E 
 1368      6175636B 
 1368      6C616E64 
 1368      2E61632E 
 1369 003c 5C70726F 		.ascii	"\\project-project_group_15\\hardware task1 - versio"
 1369      6A656374 
 1369      2D70726F 
 1369      6A656374 
 1369      5F67726F 
 1370 006d 6E325C44 		.ascii	"n2\\Design01.cydsn\000"
 1370      65736967 
 1370      6E30312E 
 1370      63796473 
 1370      6E00
 1371              	.LASF37:
 1372 007f 55534255 		.ascii	"USBUART_1_GetConfiguration\000"
 1372      4152545F 
 1372      315F4765 
 1372      74436F6E 
 1372      66696775 
 1373              	.LASF33:
 1374 009a 4C45445F 		.ascii	"LED_Write\000"
 1374      57726974 
 1374      6500
 1375              	.LASF9:
 1376 00a4 5F5F696E 		.ascii	"__int32_t\000"
 1376      7433325F 
 1376      7400
 1377              	.LASF18:
 1378 00ae 75736250 		.ascii	"usbPutString\000"
ARM GAS  C:\Users\xliu430\AppData\Local\Temp\ccgoms2v.s 			page 28


 1378      75745374 
 1378      72696E67 
 1378      00
 1379              	.LASF27:
 1380 00bb 4144435F 		.ascii	"ADC_SAR_1_CountsTo_mVolts\000"
 1380      5341525F 
 1380      315F436F 
 1380      756E7473 
 1380      546F5F6D 
 1381              	.LASF8:
 1382 00d5 756E7369 		.ascii	"unsigned int\000"
 1382      676E6564 
 1382      20696E74 
 1382      00
 1383              	.LASF35:
 1384 00e2 6973725F 		.ascii	"isr_EOC_StartEx\000"
 1384      454F435F 
 1384      53746172 
 1384      74457800 
 1385              	.LASF10:
 1386 00f2 696E7433 		.ascii	"int32_t\000"
 1386      325F7400 
 1387              	.LASF12:
 1388 00fa 666C6F61 		.ascii	"float\000"
 1388      7400
 1389              	.LASF1:
 1390 0100 756E7369 		.ascii	"unsigned char\000"
 1390      676E6564 
 1390      20636861 
 1390      7200
 1391              	.LASF40:
 1392 010e 474E5520 		.ascii	"GNU C11 5.4.1 20160609 (release) [ARM/embedded-5-br"
 1392      43313120 
 1392      352E342E 
 1392      31203230 
 1392      31363036 
 1393 0141 616E6368 		.ascii	"anch revision 237715] -mcpu=cortex-m3 -mthumb -g -O"
 1393      20726576 
 1393      6973696F 
 1393      6E203233 
 1393      37373135 
 1394 0174 67202D66 		.ascii	"g -ffunction-sections -ffat-lto-objects\000"
 1394      66756E63 
 1394      74696F6E 
 1394      2D736563 
 1394      74696F6E 
 1395              	.LASF5:
 1396 019c 6C6F6E67 		.ascii	"long unsigned int\000"
 1396      20756E73 
 1396      69676E65 
 1396      6420696E 
 1396      7400
 1397              	.LASF3:
 1398 01ae 73686F72 		.ascii	"short unsigned int\000"
 1398      7420756E 
 1398      7369676E 
 1398      65642069 
ARM GAS  C:\Users\xliu430\AppData\Local\Temp\ccgoms2v.s 			page 29


 1398      6E7400
 1399              	.LASF43:
 1400 01c1 66696E64 		.ascii	"findMaximum\000"
 1400      4D617869 
 1400      6D756D00 
 1401              	.LASF19:
 1402 01cd 61727261 		.ascii	"array\000"
 1402      7900
 1403              	.LASF23:
 1404 01d3 49544D5F 		.ascii	"ITM_RxBuffer\000"
 1404      52784275 
 1404      66666572 
 1404      00
 1405              	.LASF45:
 1406 01e0 6D656D73 		.ascii	"memset\000"
 1406      657400
 1407              	.LASF13:
 1408 01e7 646F7562 		.ascii	"double\000"
 1408      6C6500
 1409              	.LASF31:
 1410 01ee 55534255 		.ascii	"USBUART_1_PutData\000"
 1410      4152545F 
 1410      315F5075 
 1410      74446174 
 1410      6100
 1411              	.LASF2:
 1412 0200 73686F72 		.ascii	"short int\000"
 1412      7420696E 
 1412      7400
 1413              	.LASF24:
 1414 020a 666C6167 		.ascii	"flag\000"
 1414      00
 1415              	.LASF44:
 1416 020f 6D61696E 		.ascii	"main\000"
 1416      00
 1417              	.LASF30:
 1418 0214 7374726C 		.ascii	"strlen\000"
 1418      656E00
 1419              	.LASF22:
 1420 021b 73656E64 		.ascii	"send\000"
 1420      00
 1421              	.LASF7:
 1422 0220 6C6F6E67 		.ascii	"long long unsigned int\000"
 1422      206C6F6E 
 1422      6720756E 
 1422      7369676E 
 1422      65642069 
 1423              	.LASF21:
 1424 0237 72657375 		.ascii	"result\000"
 1424      6C7400
 1425              	.LASF17:
 1426 023e 6D566F6C 		.ascii	"mVolts\000"
 1426      747300
 1427              	.LASF16:
 1428 0245 73697A65 		.ascii	"sizetype\000"
 1428      74797065 
 1428      00
ARM GAS  C:\Users\xliu430\AppData\Local\Temp\ccgoms2v.s 			page 30


 1429              	.LASF26:
 1430 024e 4144435F 		.ascii	"ADC_SAR_1_GetResult16\000"
 1430      5341525F 
 1430      315F4765 
 1430      74526573 
 1430      756C7431 
 1431              	.LASF6:
 1432 0264 6C6F6E67 		.ascii	"long long int\000"
 1432      206C6F6E 
 1432      6720696E 
 1432      7400
 1433              	.LASF41:
 1434 0272 6D61696E 		.ascii	"main.c\000"
 1434      2E6300
 1435              	.LASF14:
 1436 0279 63686172 		.ascii	"char\000"
 1436      00
 1437              	.LASF25:
 1438 027e 636F756E 		.ascii	"count\000"
 1438      7400
 1439              	.LASF11:
 1440 0284 75696E74 		.ascii	"uint8\000"
 1440      3800
 1441              	.LASF20:
 1442 028a 6D617869 		.ascii	"maximum\000"
 1442      6D756D00 
 1443              	.LASF36:
 1444 0292 55534255 		.ascii	"USBUART_1_Start\000"
 1444      4152545F 
 1444      315F5374 
 1444      61727400 
 1445              	.LASF29:
 1446 02a2 55534255 		.ascii	"USBUART_1_CDCIsReady\000"
 1446      4152545F 
 1446      315F4344 
 1446      43497352 
 1446      65616479 
 1447              	.LASF4:
 1448 02b7 6C6F6E67 		.ascii	"long int\000"
 1448      20696E74 
 1448      00
 1449              	.LASF15:
 1450 02c0 6C6F6E67 		.ascii	"long double\000"
 1450      20646F75 
 1450      626C6500 
 1451              	.LASF0:
 1452 02cc 7369676E 		.ascii	"signed char\000"
 1452      65642063 
 1452      68617200 
 1453              	.LASF38:
 1454 02d8 4144435F 		.ascii	"ADC_SAR_1_Start\000"
 1454      5341525F 
 1454      315F5374 
 1454      61727400 
 1455              	.LASF28:
 1456 02e8 54696D65 		.ascii	"Timer_1_Stop\000"
 1456      725F315F 
ARM GAS  C:\Users\xliu430\AppData\Local\Temp\ccgoms2v.s 			page 31


 1456      53746F70 
 1456      00
 1457              	.LASF32:
 1458 02f5 73707269 		.ascii	"sprintf\000"
 1458      6E746600 
 1459              	.LASF39:
 1460 02fd 43794465 		.ascii	"CyDelay\000"
 1460      6C617900 
 1461              		.ident	"GCC: (GNU Tools for ARM Embedded Processors) 5.4.1 20160609 (release) [ARM/embedded-5-bran
