--------------- Build Started: 08/23/2022 16:19:55 Project: Design01, Configuration: ARM GCC 5.4-2016-q2-update Debug ---------------
cydsfit.exe -.appdatapath "C:\Users\xliu430\AppData\Local\Cypress Semiconductor\PSoC Creator\4.2" -.fdsnotice -.fdswarpdepfile=warp_dependencies.txt -.fdselabdepfile=elab_dependencies.txt -.fdsbldfile=generated_files.txt -.fdsreffile=referenced_files.txt -p "\\files.auckland.ac.nz\myhome\Documents\GitHub\project-project_group_15\hardware task1 - version3\Design01.cydsn\Design01.cyprj" -d CY8C5888LTI-LP097 -s "\\files.auckland.ac.nz\myhome\Documents\GitHub\project-project_group_15\hardware task1 - version3\Design01.cydsn\Generated_Source\PSoC5" -- -yv2 -q10 -ygs -o2 -v3 -.fftcfgtype=LE
Elaborating Design...
ADD: sdb.M0065: information: Analog terminal "ADC_SAR_2.vplus" on TopDesign is unconnected.
 * \\files.auckland.ac.nz\myhome\Documents\GitHub\project-project_group_15\hardware task1 - version3\Design01.cydsn\TopDesign\TopDesign.cysch (Signal: Net_314)
 * \\files.auckland.ac.nz\myhome\Documents\GitHub\project-project_group_15\hardware task1 - version3\Design01.cydsn\TopDesign\TopDesign.cysch (Shape_76.2)
 * \\files.auckland.ac.nz\myhome\Documents\GitHub\project-project_group_15\hardware task1 - version3\Design01.cydsn\TopDesign\TopDesign.cysch (Shape_78)
HDL Generation...
Synthesis...
Tech Mapping...
ADD: pft.M0040: information: The following 5 pin(s) will be assigned a location by the fitter: \ADC_SAR_2:Bypass(0)\, \USBUART_1:Dm(0)\, \USBUART_1:Dp(0)\, LED_1(0), Pin_2(0)
Analog Placement...
Info: apr.M0002: Analog signal "Net_314" is connected to one terminal only. (App=cydsfit)
Log: apr.M0058: The analog placement iterative improvement is 58% done. (App=cydsfit)
Analog Routing...
Analog Code Generation...
Digital Placement...
Digital Routing...
Bitstream Generation...
Bitstream Verification...
Static timing analysis...
API Generation...
Dependency Generation...
Cleanup...
--------------- Build Succeeded: 08/23/2022 16:20:25 ---------------
