ARM GAS  C:\Users\xliu430\AppData\Local\Temp\ccB9gBiM.s 			page 1


   1              		.syntax unified
   2              		.cpu cortex-m3
   3              		.fpu softvfp
   4              		.eabi_attribute 20, 1
   5              		.eabi_attribute 21, 1
   6              		.eabi_attribute 23, 3
   7              		.eabi_attribute 24, 1
   8              		.eabi_attribute 25, 1
   9              		.eabi_attribute 26, 1
  10              		.eabi_attribute 30, 1
  11              		.eabi_attribute 34, 1
  12              		.eabi_attribute 18, 4
  13              		.thumb
  14              		.syntax unified
  15              		.file	"cymetadata.c"
  16              		.text
  17              	.Ltext0:
  18              		.cfi_sections	.debug_frame
  19              		.global	cy_metadata
  20              		.global	cy_meta_flashprotect
  21              		.global	cy_meta_wonvl
  22              		.global	cy_meta_custnvl
  23              		.global	cy_meta_configecc
  24              		.section	.cyconfigecc,"a",%progbits
  25              		.align	2
  26              		.type	cy_meta_configecc, %object
  27              		.size	cy_meta_configecc, 300
  28              	cy_meta_configecc:
  29 0000 01       		.byte	1
  30 0001 45       		.byte	69
  31 0002 00       		.byte	0
  32 0003 40       		.byte	64
  33 0004 01       		.byte	1
  34 0005 4F       		.byte	79
  35 0006 00       		.byte	0
  36 0007 40       		.byte	64
  37 0008 01       		.byte	1
  38 0009 52       		.byte	82
  39 000a 00       		.byte	0
  40 000b 40       		.byte	64
  41 000c 01       		.byte	1
  42 000d 01       		.byte	1
  43 000e 01       		.byte	1
  44 000f 40       		.byte	64
  45 0010 01       		.byte	1
  46 0011 03       		.byte	3
  47 0012 01       		.byte	1
  48 0013 40       		.byte	64
  49 0014 02       		.byte	2
  50 0015 05       		.byte	5
  51 0016 01       		.byte	1
  52 0017 40       		.byte	64
  53 0018 01       		.byte	1
  54 0019 07       		.byte	7
  55 001a 01       		.byte	1
  56 001b 40       		.byte	64
  57 001c 03       		.byte	3
ARM GAS  C:\Users\xliu430\AppData\Local\Temp\ccB9gBiM.s 			page 2


  58 001d 09       		.byte	9
  59 001e 01       		.byte	1
  60 001f 40       		.byte	64
  61 0020 06       		.byte	6
  62 0021 0A       		.byte	10
  63 0022 01       		.byte	1
  64 0023 40       		.byte	64
  65 0024 05       		.byte	5
  66 0025 0B       		.byte	11
  67 0026 01       		.byte	1
  68 0027 40       		.byte	64
  69 0028 01       		.byte	1
  70 0029 0D       		.byte	13
  71 002a 01       		.byte	1
  72 002b 40       		.byte	64
  73 002c 01       		.byte	1
  74 002d 0F       		.byte	15
  75 002e 01       		.byte	1
  76 002f 40       		.byte	64
  77 0030 01       		.byte	1
  78 0031 17       		.byte	23
  79 0032 01       		.byte	1
  80 0033 40       		.byte	64
  81 0034 01       		.byte	1
  82 0035 19       		.byte	25
  83 0036 01       		.byte	1
  84 0037 40       		.byte	64
  85 0038 09       		.byte	9
  86 0039 40       		.byte	64
  87 003a 01       		.byte	1
  88 003b 40       		.byte	64
  89 003c 05       		.byte	5
  90 003d 41       		.byte	65
  91 003e 01       		.byte	1
  92 003f 40       		.byte	64
  93 0040 0A       		.byte	10
  94 0041 42       		.byte	66
  95 0042 01       		.byte	1
  96 0043 40       		.byte	64
  97 0044 04       		.byte	4
  98 0045 43       		.byte	67
  99 0046 01       		.byte	1
 100 0047 40       		.byte	64
 101 0048 01       		.byte	1
 102 0049 44       		.byte	68
 103 004a 01       		.byte	1
 104 004b 40       		.byte	64
 105 004c 03       		.byte	3
 106 004d 45       		.byte	69
 107 004e 01       		.byte	1
 108 004f 40       		.byte	64
 109 0050 06       		.byte	6
 110 0051 46       		.byte	70
 111 0052 01       		.byte	1
 112 0053 40       		.byte	64
 113 0054 0B       		.byte	11
 114 0055 47       		.byte	71
ARM GAS  C:\Users\xliu430\AppData\Local\Temp\ccB9gBiM.s 			page 3


 115 0056 01       		.byte	1
 116 0057 40       		.byte	64
 117 0058 02       		.byte	2
 118 0059 48       		.byte	72
 119 005a 01       		.byte	1
 120 005b 40       		.byte	64
 121 005c 01       		.byte	1
 122 005d 4C       		.byte	76
 123 005e 01       		.byte	1
 124 005f 40       		.byte	64
 125 0060 02       		.byte	2
 126 0061 51       		.byte	81
 127 0062 01       		.byte	1
 128 0063 40       		.byte	64
 129 0064 7E       		.byte	126
 130 0065 02       		.byte	2
 131 0066 0A       		.byte	10
 132 0067 4B       		.byte	75
 133 0068 7C       		.byte	124
 134 0069 40       		.byte	64
 135 006a E2       		.byte	-30
 136 006b 04       		.byte	4
 137 006c E2       		.byte	-30
 138 006d 20       		.byte	32
 139 006e E0       		.byte	-32
 140 006f 08       		.byte	8
 141 0070 E2       		.byte	-30
 142 0071 40       		.byte	64
 143 0072 EE       		.byte	-18
 144 0073 0C       		.byte	12
 145 0074 AF       		.byte	-81
 146 0075 20       		.byte	32
 147 0076 B7       		.byte	-73
 148 0077 80       		.byte	-128
 149 0078 EE       		.byte	-18
 150 0079 04       		.byte	4
 151 007a B8       		.byte	-72
 152 007b 20       		.byte	32
 153 007c BA       		.byte	-70
 154 007d C0       		.byte	-64
 155 007e BE       		.byte	-66
 156 007f 10       		.byte	16
 157 0080 D8       		.byte	-40
 158 0081 04       		.byte	4
 159 0082 DC       		.byte	-36
 160 0083 08       		.byte	8
 161 0084 DF       		.byte	-33
 162 0085 31       		.byte	49
 163 0086 1F       		.byte	31
 164 0087 A0       		.byte	-96
 165 0088 7F       		.byte	127
 166 0089 40       		.byte	64
 167 008a 87       		.byte	-121
 168 008b 40       		.byte	64
 169 008c DE       		.byte	-34
 170 008d 80       		.byte	-128
 171 008e E2       		.byte	-30
ARM GAS  C:\Users\xliu430\AppData\Local\Temp\ccB9gBiM.s 			page 4


 172 008f 40       		.byte	64
 173 0090 E2       		.byte	-30
 174 0091 20       		.byte	32
 175 0092 E2       		.byte	-30
 176 0093 04       		.byte	4
 177 0094 EE       		.byte	-18
 178 0095 02       		.byte	2
 179 0096 EE       		.byte	-18
 180 0097 02       		.byte	2
 181 0098 30       		.byte	48
 182 0099 02       		.byte	2
 183 009a 33       		.byte	51
 184 009b 20       		.byte	32
 185 009c 36       		.byte	54
 186 009d 40       		.byte	64
 187 009e 37       		.byte	55
 188 009f 02       		.byte	2
 189 00a0 38       		.byte	56
 190 00a1 40       		.byte	64
 191 00a2 80       		.byte	-128
 192 00a3 02       		.byte	2
 193 00a4 CC       		.byte	-52
 194 00a5 F0       		.byte	-16
 195 00a6 CE       		.byte	-50
 196 00a7 10       		.byte	16
 197 00a8 E2       		.byte	-30
 198 00a9 20       		.byte	32
 199 00aa 8B       		.byte	-117
 200 00ab 02       		.byte	2
 201 00ac 94       		.byte	-108
 202 00ad 40       		.byte	64
 203 00ae 9F       		.byte	-97
 204 00af 02       		.byte	2
 205 00b0 A6       		.byte	-90
 206 00b1 40       		.byte	64
 207 00b2 A7       		.byte	-89
 208 00b3 20       		.byte	32
 209 00b4 13       		.byte	19
 210 00b5 08       		.byte	8
 211 00b6 63       		.byte	99
 212 00b7 02       		.byte	2
 213 00b8 87       		.byte	-121
 214 00b9 08       		.byte	8
 215 00ba 8C       		.byte	-116
 216 00bb 40       		.byte	64
 217 00bc 94       		.byte	-108
 218 00bd 40       		.byte	64
 219 00be A6       		.byte	-90
 220 00bf 40       		.byte	64
 221 00c0 A7       		.byte	-89
 222 00c1 20       		.byte	32
 223 00c2 C4       		.byte	-60
 224 00c3 10       		.byte	16
 225 00c4 D6       		.byte	-42
 226 00c5 40       		.byte	64
 227 00c6 E0       		.byte	-32
 228 00c7 10       		.byte	16
ARM GAS  C:\Users\xliu430\AppData\Local\Temp\ccB9gBiM.s 			page 5


 229 00c8 A6       		.byte	-90
 230 00c9 40       		.byte	64
 231 00ca AB       		.byte	-85
 232 00cb 20       		.byte	32
 233 00cc AF       		.byte	-81
 234 00cd 01       		.byte	1
 235 00ce EE       		.byte	-18
 236 00cf 30       		.byte	48
 237 00d0 82       		.byte	-126
 238 00d1 40       		.byte	64
 239 00d2 8A       		.byte	-118
 240 00d3 01       		.byte	1
 241 00d4 96       		.byte	-106
 242 00d5 40       		.byte	64
 243 00d6 E2       		.byte	-30
 244 00d7 04       		.byte	4
 245 00d8 1A       		.byte	26
 246 00d9 20       		.byte	32
 247 00da 1B       		.byte	27
 248 00db 04       		.byte	4
 249 00dc 8E       		.byte	-114
 250 00dd 10       		.byte	16
 251 00de 96       		.byte	-106
 252 00df 42       		.byte	66
 253 00e0 C6       		.byte	-58
 254 00e1 08       		.byte	8
 255 00e2 E2       		.byte	-30
 256 00e3 02       		.byte	2
 257 00e4 0A       		.byte	10
 258 00e5 02       		.byte	2
 259 00e6 0B       		.byte	11
 260 00e7 40       		.byte	64
 261 00e8 0E       		.byte	14
 262 00e9 40       		.byte	64
 263 00ea 40       		.byte	64
 264 00eb 40       		.byte	64
 265 00ec 90       		.byte	-112
 266 00ed 40       		.byte	64
 267 00ee 96       		.byte	-106
 268 00ef 42       		.byte	66
 269 00f0 AB       		.byte	-85
 270 00f1 04       		.byte	4
 271 00f2 B4       		.byte	-76
 272 00f3 40       		.byte	64
 273 00f4 C2       		.byte	-62
 274 00f5 0E       		.byte	14
 275 00f6 D0       		.byte	-48
 276 00f7 02       		.byte	2
 277 00f8 E8       		.byte	-24
 278 00f9 02       		.byte	2
 279 00fa AE       		.byte	-82
 280 00fb 40       		.byte	64
 281 00fc EE       		.byte	-18
 282 00fd 40       		.byte	64
 283 00fe AF       		.byte	-81
 284 00ff 40       		.byte	64
 285 0100 00       		.byte	0
ARM GAS  C:\Users\xliu430\AppData\Local\Temp\ccB9gBiM.s 			page 6


 286 0101 AB       		.byte	-85
 287 0102 01       		.byte	1
 288 0103 03       		.byte	3
 289 0104 00       		.byte	0
 290 0105 00       		.byte	0
 291 0106 00       		.byte	0
 292 0107 00       		.byte	0
 293 0108 00       		.byte	0
 294 0109 00       		.byte	0
 295 010a 20       		.byte	32
 296 010b 00       		.byte	0
 297 010c 40       		.byte	64
 298 010d 00       		.byte	0
 299 010e 00       		.byte	0
 300 010f 00       		.byte	0
 301 0110 00       		.byte	0
 302 0111 00       		.byte	0
 303 0112 00       		.byte	0
 304 0113 00       		.byte	0
 305 0114 C0       		.byte	-64
 306 0115 00       		.byte	0
 307 0116 00       		.byte	0
 308 0117 00       		.byte	0
 309 0118 00       		.byte	0
 310 0119 0B       		.byte	11
 311 011a 0B       		.byte	11
 312 011b 00       		.byte	0
 313 011c 00       		.byte	0
 314 011d 00       		.byte	0
 315 011e 00       		.byte	0
 316 011f 00       		.byte	0
 317 0120 00       		.byte	0
 318 0121 04       		.byte	4
 319 0122 04       		.byte	4
 320 0123 00       		.byte	0
 321 0124 00       		.byte	0
 322 0125 00       		.byte	0
 323 0126 80       		.byte	-128
 324 0127 00       		.byte	0
 325 0128 17       		.byte	23
 326 0129 00       		.byte	0
 327 012a 18       		.byte	24
 328 012b 01       		.byte	1
 329              		.section	.cywolatch,"a",%progbits
 330              		.align	2
 331              		.type	cy_meta_wonvl, %object
 332              		.size	cy_meta_wonvl, 4
 333              	cy_meta_wonvl:
 334 0000 BC       		.byte	-68
 335 0001 90       		.byte	-112
 336 0002 AC       		.byte	-84
 337 0003 AF       		.byte	-81
 338              		.section	.cycustnvl,"a",%progbits
 339              		.align	2
 340              		.type	cy_meta_custnvl, %object
 341              		.size	cy_meta_custnvl, 4
 342              	cy_meta_custnvl:
ARM GAS  C:\Users\xliu430\AppData\Local\Temp\ccB9gBiM.s 			page 7


 343 0000 00       		.byte	0
 344 0001 00       		.byte	0
 345 0002 40       		.byte	64
 346 0003 05       		.byte	5
 347              		.section	.cymeta,"a",%progbits
 348              		.align	2
 349              		.type	cy_metadata, %object
 350              		.size	cy_metadata, 12
 351              	cy_metadata:
 352 0000 00       		.byte	0
 353 0001 01       		.byte	1
 354 0002 2E       		.byte	46
 355 0003 16       		.byte	22
 356 0004 10       		.byte	16
 357 0005 69       		.byte	105
 358 0006 00       		.byte	0
 359 0007 01       		.byte	1
 360 0008 00       		.byte	0
 361 0009 00       		.byte	0
 362 000a 00       		.byte	0
 363 000b 00       		.byte	0
 364              		.section	.cyflashprotect,"a",%progbits
 365              		.align	2
 366              		.type	cy_meta_flashprotect, %object
 367              		.size	cy_meta_flashprotect, 256
 368              	cy_meta_flashprotect:
 369 0000 00000000 		.space	256
 369      00000000 
 369      00000000 
 369      00000000 
 369      00000000 
 370              		.text
 371              	.Letext0:
 372              		.file 1 "c:\\program files (x86)\\cypress\\psoc creator\\4.2\\psoc creator\\import\\gnu\\arm\\5.4.
 373              		.file 2 "c:\\program files (x86)\\cypress\\psoc creator\\4.2\\psoc creator\\import\\gnu\\arm\\5.4.
 374              		.file 3 "Generated_Source\\PSoC5\\cymetadata.c"
 375              		.section	.debug_info,"",%progbits
 376              	.Ldebug_info0:
 377 0000 31010000 		.4byte	0x131
 378 0004 0400     		.2byte	0x4
 379 0006 00000000 		.4byte	.Ldebug_abbrev0
 380 000a 04       		.byte	0x4
 381 000b 01       		.uleb128 0x1
 382 000c 24000000 		.4byte	.LASF17
 383 0010 0C       		.byte	0xc
 384 0011 EF010000 		.4byte	.LASF18
 385 0015 7E010000 		.4byte	.LASF19
 386 0019 00000000 		.4byte	.Ldebug_line0
 387 001d 02       		.uleb128 0x2
 388 001e 01       		.byte	0x1
 389 001f 06       		.byte	0x6
 390 0020 72010000 		.4byte	.LASF0
 391 0024 03       		.uleb128 0x3
 392 0025 00000000 		.4byte	.LASF9
 393 0029 01       		.byte	0x1
 394 002a 1D       		.byte	0x1d
 395 002b 2F000000 		.4byte	0x2f
ARM GAS  C:\Users\xliu430\AppData\Local\Temp\ccB9gBiM.s 			page 8


 396 002f 02       		.uleb128 0x2
 397 0030 01       		.byte	0x1
 398 0031 08       		.byte	0x8
 399 0032 16000000 		.4byte	.LASF1
 400 0036 02       		.uleb128 0x2
 401 0037 02       		.byte	0x2
 402 0038 05       		.byte	0x5
 403 0039 5F010000 		.4byte	.LASF2
 404 003d 02       		.uleb128 0x2
 405 003e 02       		.byte	0x2
 406 003f 07       		.byte	0x7
 407 0040 C4000000 		.4byte	.LASF3
 408 0044 02       		.uleb128 0x2
 409 0045 04       		.byte	0x4
 410 0046 05       		.byte	0x5
 411 0047 69010000 		.4byte	.LASF4
 412 004b 02       		.uleb128 0x2
 413 004c 04       		.byte	0x4
 414 004d 07       		.byte	0x7
 415 004e B2000000 		.4byte	.LASF5
 416 0052 02       		.uleb128 0x2
 417 0053 08       		.byte	0x8
 418 0054 05       		.byte	0x5
 419 0055 51010000 		.4byte	.LASF6
 420 0059 02       		.uleb128 0x2
 421 005a 08       		.byte	0x8
 422 005b 07       		.byte	0x7
 423 005c 06010000 		.4byte	.LASF7
 424 0060 04       		.uleb128 0x4
 425 0061 04       		.byte	0x4
 426 0062 05       		.byte	0x5
 427 0063 696E7400 		.ascii	"int\000"
 428 0067 02       		.uleb128 0x2
 429 0068 04       		.byte	0x4
 430 0069 07       		.byte	0x7
 431 006a F9000000 		.4byte	.LASF8
 432 006e 03       		.uleb128 0x3
 433 006f 1D010000 		.4byte	.LASF10
 434 0073 02       		.byte	0x2
 435 0074 18       		.byte	0x18
 436 0075 24000000 		.4byte	0x24
 437 0079 05       		.uleb128 0x5
 438 007a 91000000 		.4byte	0x91
 439 007e 8A000000 		.4byte	0x8a
 440 0082 06       		.uleb128 0x6
 441 0083 8A000000 		.4byte	0x8a
 442 0087 2B01     		.2byte	0x12b
 443 0089 00       		.byte	0
 444 008a 02       		.uleb128 0x2
 445 008b 04       		.byte	0x4
 446 008c 07       		.byte	0x7
 447 008d 48010000 		.4byte	.LASF11
 448 0091 07       		.uleb128 0x7
 449 0092 6E000000 		.4byte	0x6e
 450 0096 08       		.uleb128 0x8
 451 0097 E7000000 		.4byte	.LASF12
 452 009b 03       		.byte	0x3
ARM GAS  C:\Users\xliu430\AppData\Local\Temp\ccB9gBiM.s 			page 9


 453 009c 1F       		.byte	0x1f
 454 009d A7000000 		.4byte	0xa7
 455 00a1 05       		.uleb128 0x5
 456 00a2 03       		.byte	0x3
 457 00a3 00000000 		.4byte	cy_meta_configecc
 458 00a7 07       		.uleb128 0x7
 459 00a8 79000000 		.4byte	0x79
 460 00ac 05       		.uleb128 0x5
 461 00ad 91000000 		.4byte	0x91
 462 00b1 BC000000 		.4byte	0xbc
 463 00b5 09       		.uleb128 0x9
 464 00b6 8A000000 		.4byte	0x8a
 465 00ba 03       		.byte	0x3
 466 00bb 00       		.byte	0
 467 00bc 08       		.uleb128 0x8
 468 00bd D7000000 		.4byte	.LASF13
 469 00c1 03       		.byte	0x3
 470 00c2 52       		.byte	0x52
 471 00c3 CD000000 		.4byte	0xcd
 472 00c7 05       		.uleb128 0x5
 473 00c8 03       		.byte	0x3
 474 00c9 00000000 		.4byte	cy_meta_custnvl
 475 00cd 07       		.uleb128 0x7
 476 00ce AC000000 		.4byte	0xac
 477 00d2 08       		.uleb128 0x8
 478 00d3 3A010000 		.4byte	.LASF14
 479 00d7 03       		.byte	0x3
 480 00d8 60       		.byte	0x60
 481 00d9 E3000000 		.4byte	0xe3
 482 00dd 05       		.uleb128 0x5
 483 00de 03       		.byte	0x3
 484 00df 00000000 		.4byte	cy_meta_wonvl
 485 00e3 07       		.uleb128 0x7
 486 00e4 AC000000 		.4byte	0xac
 487 00e8 05       		.uleb128 0x5
 488 00e9 91000000 		.4byte	0x91
 489 00ed F8000000 		.4byte	0xf8
 490 00f1 09       		.uleb128 0x9
 491 00f2 8A000000 		.4byte	0x8a
 492 00f6 FF       		.byte	0xff
 493 00f7 00       		.byte	0
 494 00f8 08       		.uleb128 0x8
 495 00f9 25010000 		.4byte	.LASF15
 496 00fd 03       		.byte	0x3
 497 00fe 6E       		.byte	0x6e
 498 00ff 09010000 		.4byte	0x109
 499 0103 05       		.uleb128 0x5
 500 0104 03       		.byte	0x3
 501 0105 00000000 		.4byte	cy_meta_flashprotect
 502 0109 07       		.uleb128 0x7
 503 010a E8000000 		.4byte	0xe8
 504 010e 05       		.uleb128 0x5
 505 010f 91000000 		.4byte	0x91
 506 0113 1E010000 		.4byte	0x11e
 507 0117 09       		.uleb128 0x9
 508 0118 8A000000 		.4byte	0x8a
 509 011c 0B       		.byte	0xb
ARM GAS  C:\Users\xliu430\AppData\Local\Temp\ccB9gBiM.s 			page 10


 510 011d 00       		.byte	0
 511 011e 08       		.uleb128 0x8
 512 011f 0A000000 		.4byte	.LASF16
 513 0123 03       		.byte	0x3
 514 0124 9B       		.byte	0x9b
 515 0125 2F010000 		.4byte	0x12f
 516 0129 05       		.uleb128 0x5
 517 012a 03       		.byte	0x3
 518 012b 00000000 		.4byte	cy_metadata
 519 012f 07       		.uleb128 0x7
 520 0130 0E010000 		.4byte	0x10e
 521 0134 00       		.byte	0
 522              		.section	.debug_abbrev,"",%progbits
 523              	.Ldebug_abbrev0:
 524 0000 01       		.uleb128 0x1
 525 0001 11       		.uleb128 0x11
 526 0002 01       		.byte	0x1
 527 0003 25       		.uleb128 0x25
 528 0004 0E       		.uleb128 0xe
 529 0005 13       		.uleb128 0x13
 530 0006 0B       		.uleb128 0xb
 531 0007 03       		.uleb128 0x3
 532 0008 0E       		.uleb128 0xe
 533 0009 1B       		.uleb128 0x1b
 534 000a 0E       		.uleb128 0xe
 535 000b 10       		.uleb128 0x10
 536 000c 17       		.uleb128 0x17
 537 000d 00       		.byte	0
 538 000e 00       		.byte	0
 539 000f 02       		.uleb128 0x2
 540 0010 24       		.uleb128 0x24
 541 0011 00       		.byte	0
 542 0012 0B       		.uleb128 0xb
 543 0013 0B       		.uleb128 0xb
 544 0014 3E       		.uleb128 0x3e
 545 0015 0B       		.uleb128 0xb
 546 0016 03       		.uleb128 0x3
 547 0017 0E       		.uleb128 0xe
 548 0018 00       		.byte	0
 549 0019 00       		.byte	0
 550 001a 03       		.uleb128 0x3
 551 001b 16       		.uleb128 0x16
 552 001c 00       		.byte	0
 553 001d 03       		.uleb128 0x3
 554 001e 0E       		.uleb128 0xe
 555 001f 3A       		.uleb128 0x3a
 556 0020 0B       		.uleb128 0xb
 557 0021 3B       		.uleb128 0x3b
 558 0022 0B       		.uleb128 0xb
 559 0023 49       		.uleb128 0x49
 560 0024 13       		.uleb128 0x13
 561 0025 00       		.byte	0
 562 0026 00       		.byte	0
 563 0027 04       		.uleb128 0x4
 564 0028 24       		.uleb128 0x24
 565 0029 00       		.byte	0
 566 002a 0B       		.uleb128 0xb
ARM GAS  C:\Users\xliu430\AppData\Local\Temp\ccB9gBiM.s 			page 11


 567 002b 0B       		.uleb128 0xb
 568 002c 3E       		.uleb128 0x3e
 569 002d 0B       		.uleb128 0xb
 570 002e 03       		.uleb128 0x3
 571 002f 08       		.uleb128 0x8
 572 0030 00       		.byte	0
 573 0031 00       		.byte	0
 574 0032 05       		.uleb128 0x5
 575 0033 01       		.uleb128 0x1
 576 0034 01       		.byte	0x1
 577 0035 49       		.uleb128 0x49
 578 0036 13       		.uleb128 0x13
 579 0037 01       		.uleb128 0x1
 580 0038 13       		.uleb128 0x13
 581 0039 00       		.byte	0
 582 003a 00       		.byte	0
 583 003b 06       		.uleb128 0x6
 584 003c 21       		.uleb128 0x21
 585 003d 00       		.byte	0
 586 003e 49       		.uleb128 0x49
 587 003f 13       		.uleb128 0x13
 588 0040 2F       		.uleb128 0x2f
 589 0041 05       		.uleb128 0x5
 590 0042 00       		.byte	0
 591 0043 00       		.byte	0
 592 0044 07       		.uleb128 0x7
 593 0045 26       		.uleb128 0x26
 594 0046 00       		.byte	0
 595 0047 49       		.uleb128 0x49
 596 0048 13       		.uleb128 0x13
 597 0049 00       		.byte	0
 598 004a 00       		.byte	0
 599 004b 08       		.uleb128 0x8
 600 004c 34       		.uleb128 0x34
 601 004d 00       		.byte	0
 602 004e 03       		.uleb128 0x3
 603 004f 0E       		.uleb128 0xe
 604 0050 3A       		.uleb128 0x3a
 605 0051 0B       		.uleb128 0xb
 606 0052 3B       		.uleb128 0x3b
 607 0053 0B       		.uleb128 0xb
 608 0054 49       		.uleb128 0x49
 609 0055 13       		.uleb128 0x13
 610 0056 3F       		.uleb128 0x3f
 611 0057 19       		.uleb128 0x19
 612 0058 02       		.uleb128 0x2
 613 0059 18       		.uleb128 0x18
 614 005a 00       		.byte	0
 615 005b 00       		.byte	0
 616 005c 09       		.uleb128 0x9
 617 005d 21       		.uleb128 0x21
 618 005e 00       		.byte	0
 619 005f 49       		.uleb128 0x49
 620 0060 13       		.uleb128 0x13
 621 0061 2F       		.uleb128 0x2f
 622 0062 0B       		.uleb128 0xb
 623 0063 00       		.byte	0
ARM GAS  C:\Users\xliu430\AppData\Local\Temp\ccB9gBiM.s 			page 12


 624 0064 00       		.byte	0
 625 0065 00       		.byte	0
 626              		.section	.debug_aranges,"",%progbits
 627 0000 14000000 		.4byte	0x14
 628 0004 0200     		.2byte	0x2
 629 0006 00000000 		.4byte	.Ldebug_info0
 630 000a 04       		.byte	0x4
 631 000b 00       		.byte	0
 632 000c 0000     		.2byte	0
 633 000e 0000     		.2byte	0
 634 0010 00000000 		.4byte	0
 635 0014 00000000 		.4byte	0
 636              		.section	.debug_line,"",%progbits
 637              	.Ldebug_line0:
 638 0000 3D010000 		.section	.debug_str,"MS",%progbits,1
 638      02003701 
 638      00000201 
 638      FB0E0D00 
 638      01010101 
 639              	.LASF9:
 640 0000 5F5F7569 		.ascii	"__uint8_t\000"
 640      6E74385F 
 640      7400
 641              	.LASF16:
 642 000a 63795F6D 		.ascii	"cy_metadata\000"
 642      65746164 
 642      61746100 
 643              	.LASF1:
 644 0016 756E7369 		.ascii	"unsigned char\000"
 644      676E6564 
 644      20636861 
 644      7200
 645              	.LASF17:
 646 0024 474E5520 		.ascii	"GNU C11 5.4.1 20160609 (release) [ARM/embedded-5-br"
 646      43313120 
 646      352E342E 
 646      31203230 
 646      31363036 
 647 0057 616E6368 		.ascii	"anch revision 237715] -mcpu=cortex-m3 -mthumb -g -O"
 647      20726576 
 647      6973696F 
 647      6E203233 
 647      37373135 
 648 008a 67202D66 		.ascii	"g -ffunction-sections -ffat-lto-objects\000"
 648      66756E63 
 648      74696F6E 
 648      2D736563 
 648      74696F6E 
 649              	.LASF5:
 650 00b2 6C6F6E67 		.ascii	"long unsigned int\000"
 650      20756E73 
 650      69676E65 
 650      6420696E 
 650      7400
 651              	.LASF3:
 652 00c4 73686F72 		.ascii	"short unsigned int\000"
 652      7420756E 
ARM GAS  C:\Users\xliu430\AppData\Local\Temp\ccB9gBiM.s 			page 13


 652      7369676E 
 652      65642069 
 652      6E7400
 653              	.LASF13:
 654 00d7 63795F6D 		.ascii	"cy_meta_custnvl\000"
 654      6574615F 
 654      63757374 
 654      6E766C00 
 655              	.LASF12:
 656 00e7 63795F6D 		.ascii	"cy_meta_configecc\000"
 656      6574615F 
 656      636F6E66 
 656      69676563 
 656      6300
 657              	.LASF8:
 658 00f9 756E7369 		.ascii	"unsigned int\000"
 658      676E6564 
 658      20696E74 
 658      00
 659              	.LASF7:
 660 0106 6C6F6E67 		.ascii	"long long unsigned int\000"
 660      206C6F6E 
 660      6720756E 
 660      7369676E 
 660      65642069 
 661              	.LASF10:
 662 011d 75696E74 		.ascii	"uint8_t\000"
 662      385F7400 
 663              	.LASF15:
 664 0125 63795F6D 		.ascii	"cy_meta_flashprotect\000"
 664      6574615F 
 664      666C6173 
 664      6870726F 
 664      74656374 
 665              	.LASF14:
 666 013a 63795F6D 		.ascii	"cy_meta_wonvl\000"
 666      6574615F 
 666      776F6E76 
 666      6C00
 667              	.LASF11:
 668 0148 73697A65 		.ascii	"sizetype\000"
 668      74797065 
 668      00
 669              	.LASF6:
 670 0151 6C6F6E67 		.ascii	"long long int\000"
 670      206C6F6E 
 670      6720696E 
 670      7400
 671              	.LASF2:
 672 015f 73686F72 		.ascii	"short int\000"
 672      7420696E 
 672      7400
 673              	.LASF4:
 674 0169 6C6F6E67 		.ascii	"long int\000"
 674      20696E74 
 674      00
 675              	.LASF0:
ARM GAS  C:\Users\xliu430\AppData\Local\Temp\ccB9gBiM.s 			page 14


 676 0172 7369676E 		.ascii	"signed char\000"
 676      65642063 
 676      68617200 
 677              	.LASF19:
 678 017e 5C5C6669 		.ascii	"\\\\files.auckland.ac.nz\\myhome\\Documents\\GitHub"
 678      6C65732E 
 678      6175636B 
 678      6C616E64 
 678      2E61632E 
 679 01ac 5C70726F 		.ascii	"\\project-project_group_15\\hardware task1 - versio"
 679      6A656374 
 679      2D70726F 
 679      6A656374 
 679      5F67726F 
 680 01dd 6E325C44 		.ascii	"n2\\Design01.cydsn\000"
 680      65736967 
 680      6E30312E 
 680      63796473 
 680      6E00
 681              	.LASF18:
 682 01ef 47656E65 		.ascii	"Generated_Source\\PSoC5\\cymetadata.c\000"
 682      72617465 
 682      645F536F 
 682      75726365 
 682      5C50536F 
 683              		.ident	"GCC: (GNU Tools for ARM Embedded Processors) 5.4.1 20160609 (release) [ARM/embedded-5-bran
