ARM GAS  C:\Users\xliu430\AppData\Local\Temp\ccbArNLI.s 			page 1


   1              		.syntax unified
   2              		.cpu cortex-m3
   3              		.fpu softvfp
   4              		.eabi_attribute 20, 1
   5              		.eabi_attribute 21, 1
   6              		.eabi_attribute 23, 3
   7              		.eabi_attribute 24, 1
   8              		.eabi_attribute 25, 1
   9              		.eabi_attribute 26, 1
  10              		.eabi_attribute 30, 1
  11              		.eabi_attribute 34, 1
  12              		.eabi_attribute 18, 4
  13              		.thumb
  14              		.syntax unified
  15              		.file	"main.c"
  16              		.text
  17              	.Ltext0:
  18              		.cfi_sections	.debug_frame
  19              		.global	__aeabi_i2d
  20              		.global	__aeabi_dmul
  21              		.global	__aeabi_ddiv
  22              		.global	__aeabi_d2iz
  23              		.section	.text.getDistance,"ax",%progbits
  24              		.align	2
  25              		.global	getDistance
  26              		.thumb
  27              		.thumb_func
  28              		.type	getDistance, %function
  29              	getDistance:
  30              	.LFB64:
  31              		.file 1 "main.c"
   1:main.c        **** /* ========================================
   2:main.c        ****  *
   3:main.c        ****  * Copyright YOUR COMPANY, THE YEAR
   4:main.c        ****  * All Rights Reserved
   5:main.c        ****  * UNPUBLISHED, LICENSED SOFTWARE.
   6:main.c        ****  *
   7:main.c        ****  * CONFIDENTIAL AND PROPRIETARY INFORMATION
   8:main.c        ****  * WHICH IS THE PROPERTY OF your company.
   9:main.c        ****  *
  10:main.c        ****  * ========================================
  11:main.c        **** */
  12:main.c        **** #include "project.h"
  13:main.c        **** #include <stdio.h>
  14:main.c        **** #include <project.h>
  15:main.c        **** #include <string.h>
  16:main.c        **** 
  17:main.c        **** 
  18:main.c        **** int16 count1=0;
  19:main.c        **** int16 count2 = 0;
  20:main.c        **** int speedresult = 0;
  21:main.c        **** 
  22:main.c        **** double countsPerSec = 0;
  23:main.c        **** double currrentDistance = 0;
  24:main.c        **** 
  25:main.c        **** int result1= 0;
  26:main.c        **** int flag=0;
ARM GAS  C:\Users\xliu430\AppData\Local\Temp\ccbArNLI.s 			page 2


  27:main.c        **** int distance =50;
  28:main.c        **** 
  29:main.c        **** int getDistance(int count){
  32              		.loc 1 29 0
  33              		.cfi_startproc
  34              		@ args = 0, pretend = 0, frame = 0
  35              		@ frame_needed = 0, uses_anonymous_args = 0
  36              	.LVL0:
  37 0000 08B5     		push	{r3, lr}
  38              		.cfi_def_cfa_offset 8
  39              		.cfi_offset 3, -8
  40              		.cfi_offset 14, -4
  30:main.c        ****     currrentDistance = 20.42*count/228;
  41              		.loc 1 30 0
  42 0002 FFF7FEFF 		bl	__aeabi_i2d
  43              	.LVL1:
  44 0006 08A3     		adr	r3, .L3
  45 0008 D3E90023 		ldrd	r2, [r3]
  46 000c FFF7FEFF 		bl	__aeabi_dmul
  47              	.LVL2:
  48 0010 0022     		movs	r2, #0
  49 0012 074B     		ldr	r3, .L3+8
  50 0014 FFF7FEFF 		bl	__aeabi_ddiv
  51              	.LVL3:
  52 0018 064B     		ldr	r3, .L3+12
  53 001a C3E90001 		strd	r0, [r3]
  31:main.c        ****     int result = (int) currrentDistance;
  54              		.loc 1 31 0
  55 001e FFF7FEFF 		bl	__aeabi_d2iz
  56              	.LVL4:
  32:main.c        ****     return result;
  33:main.c        **** }
  57              		.loc 1 33 0
  58 0022 08BD     		pop	{r3, pc}
  59              	.L4:
  60 0024 AFF30080 		.align	3
  61              	.L3:
  62 0028 EC51B81E 		.word	515396076
  63 002c 856B3440 		.word	1077177221
  64 0030 00806C40 		.word	1080852480
  65 0034 00000000 		.word	.LANCHOR0
  66              		.cfi_endproc
  67              	.LFE64:
  68              		.size	getDistance, .-getDistance
  69              		.section	.text.stopTheMotor,"ax",%progbits
  70              		.align	2
  71              		.global	stopTheMotor
  72              		.thumb
  73              		.thumb_func
  74              		.type	stopTheMotor, %function
  75              	stopTheMotor:
  76              	.LFB65:
  34:main.c        **** 
  35:main.c        **** void stopTheMotor(){
  77              		.loc 1 35 0
  78              		.cfi_startproc
  79              		@ args = 0, pretend = 0, frame = 0
ARM GAS  C:\Users\xliu430\AppData\Local\Temp\ccbArNLI.s 			page 3


  80              		@ frame_needed = 0, uses_anonymous_args = 0
  81 0000 08B5     		push	{r3, lr}
  82              		.cfi_def_cfa_offset 8
  83              		.cfi_offset 3, -8
  84              		.cfi_offset 14, -4
  36:main.c        ****     PWM_leftmotor_WriteCompare1(127);
  85              		.loc 1 36 0
  86 0002 7F20     		movs	r0, #127
  87 0004 FFF7FEFF 		bl	PWM_leftmotor_WriteCompare1
  88              	.LVL5:
  37:main.c        ****     PWM_leftmotor_WriteCompare2(127);
  89              		.loc 1 37 0
  90 0008 7F20     		movs	r0, #127
  91 000a FFF7FEFF 		bl	PWM_leftmotor_WriteCompare2
  92              	.LVL6:
  38:main.c        ****     
  39:main.c        ****     PWM_rightmotor_WriteCompare1(127);
  93              		.loc 1 39 0
  94 000e 7F20     		movs	r0, #127
  95 0010 FFF7FEFF 		bl	PWM_rightmotor_WriteCompare1
  96              	.LVL7:
  40:main.c        ****     PWM_rightmotor_WriteCompare2(127);
  97              		.loc 1 40 0
  98 0014 7F20     		movs	r0, #127
  99 0016 FFF7FEFF 		bl	PWM_rightmotor_WriteCompare2
 100              	.LVL8:
 101 001a 08BD     		pop	{r3, pc}
 102              		.cfi_endproc
 103              	.LFE65:
 104              		.size	stopTheMotor, .-stopTheMotor
 105              		.section	.text.TC,"ax",%progbits
 106              		.align	2
 107              		.global	TC
 108              		.thumb
 109              		.thumb_func
 110              		.type	TC, %function
 111              	TC:
 112              	.LFB66:
  41:main.c        **** 
  42:main.c        **** }
  43:main.c        **** 
  44:main.c        **** 
  45:main.c        **** 
  46:main.c        **** CY_ISR(TC){
 113              		.loc 1 46 0
 114              		.cfi_startproc
 115              		@ args = 0, pretend = 0, frame = 0
 116              		@ frame_needed = 0, uses_anonymous_args = 0
 117 0000 10B5     		push	{r4, lr}
 118              		.cfi_def_cfa_offset 8
 119              		.cfi_offset 4, -8
 120              		.cfi_offset 14, -4
  47:main.c        ****     
  48:main.c        ****     
  49:main.c        ****     Timer_1_ReadStatusRegister(); 
 121              		.loc 1 49 0
 122 0002 FFF7FEFF 		bl	Timer_1_ReadStatusRegister
ARM GAS  C:\Users\xliu430\AppData\Local\Temp\ccbArNLI.s 			page 4


 123              	.LVL9:
  50:main.c        ****     flag =1;
 124              		.loc 1 50 0
 125 0006 184C     		ldr	r4, .L10+8
 126 0008 0123     		movs	r3, #1
 127 000a A360     		str	r3, [r4, #8]
  51:main.c        ****     count2 = QuadDec_2_GetCounter() - count1;
 128              		.loc 1 51 0
 129 000c FFF7FEFF 		bl	QuadDec_2_GetCounter
 130              	.LVL10:
 131 0010 E389     		ldrh	r3, [r4, #14]
 132 0012 C01A     		subs	r0, r0, r3
 133 0014 A081     		strh	r0, [r4, #12]	@ movhi
  52:main.c        ****     count1= QuadDec_2_GetCounter();
 134              		.loc 1 52 0
 135 0016 FFF7FEFF 		bl	QuadDec_2_GetCounter
 136              	.LVL11:
 137 001a E081     		strh	r0, [r4, #14]	@ movhi
  53:main.c        ****     
  54:main.c        ****     result1 = getDistance(count1);
 138              		.loc 1 54 0
 139 001c FFF7FEFF 		bl	getDistance
 140              	.LVL12:
 141 0020 2061     		str	r0, [r4, #16]
  55:main.c        ****     if(result1 >distance ){
 142              		.loc 1 55 0
 143 0022 124B     		ldr	r3, .L10+12
 144 0024 1B68     		ldr	r3, [r3]
 145 0026 9842     		cmp	r0, r3
 146 0028 01DD     		ble	.L8
  56:main.c        ****         stopTheMotor();
 147              		.loc 1 56 0
 148 002a FFF7FEFF 		bl	stopTheMotor
 149              	.LVL13:
 150              	.L8:
  57:main.c        ****     }
  58:main.c        **** 
  59:main.c        ****     
  60:main.c        ****     countsPerSec = count2 *20;
 151              		.loc 1 60 0
 152 002e 0E4C     		ldr	r4, .L10+8
 153 0030 B4F90C00 		ldrsh	r0, [r4, #12]
 154 0034 00EB8000 		add	r0, r0, r0, lsl #2
 155 0038 8000     		lsls	r0, r0, #2
 156 003a FFF7FEFF 		bl	__aeabi_i2d
 157              	.LVL14:
  61:main.c        ****     countsPerSec = 20.42*countsPerSec /228;
 158              		.loc 1 61 0
 159 003e 08A3     		adr	r3, .L10
 160 0040 D3E90023 		ldrd	r2, [r3]
 161 0044 FFF7FEFF 		bl	__aeabi_dmul
 162              	.LVL15:
 163 0048 0022     		movs	r2, #0
 164 004a 094B     		ldr	r3, .L10+16
 165 004c FFF7FEFF 		bl	__aeabi_ddiv
 166              	.LVL16:
 167 0050 C4E90601 		strd	r0, [r4, #24]
ARM GAS  C:\Users\xliu430\AppData\Local\Temp\ccbArNLI.s 			page 5


  62:main.c        ****     speedresult = (int)countsPerSec;
 168              		.loc 1 62 0
 169 0054 FFF7FEFF 		bl	__aeabi_d2iz
 170              	.LVL17:
 171 0058 2062     		str	r0, [r4, #32]
 172 005a 10BD     		pop	{r4, pc}
 173              	.L11:
 174 005c AFF30080 		.align	3
 175              	.L10:
 176 0060 EC51B81E 		.word	515396076
 177 0064 856B3440 		.word	1077177221
 178 0068 00000000 		.word	.LANCHOR0
 179 006c 00000000 		.word	.LANCHOR1
 180 0070 00806C40 		.word	1080852480
 181              		.cfi_endproc
 182              	.LFE66:
 183              		.size	TC, .-TC
 184              		.section	.text.usbPutString,"ax",%progbits
 185              		.align	2
 186              		.global	usbPutString
 187              		.thumb
 188              		.thumb_func
 189              		.type	usbPutString, %function
 190              	usbPutString:
 191              	.LFB67:
  63:main.c        ****     
  64:main.c        ****     
  65:main.c        ****     
  66:main.c        **** }
  67:main.c        **** 
  68:main.c        **** 
  69:main.c        **** 
  70:main.c        **** void usbPutString(char *s)
  71:main.c        **** {
 192              		.loc 1 71 0
 193              		.cfi_startproc
 194              		@ args = 0, pretend = 0, frame = 0
 195              		@ frame_needed = 0, uses_anonymous_args = 0
 196              	.LVL18:
 197 0000 10B5     		push	{r4, lr}
 198              		.cfi_def_cfa_offset 8
 199              		.cfi_offset 4, -8
 200              		.cfi_offset 14, -4
 201 0002 0446     		mov	r4, r0
 202              	.LVL19:
 203              	.L13:
  72:main.c        **** // !! Assumes that *s is a string with allocated space >=64 chars     
  73:main.c        **** //  Since USB implementation retricts data packets to 64 chars, this function truncates the
  74:main.c        **** //  length to 62 char (63rd char is a '!')
  75:main.c        ****     
  76:main.c        ****     while (USBUART_1_CDCIsReady() == 0);
 204              		.loc 1 76 0 discriminator 1
 205 0004 FFF7FEFF 		bl	USBUART_1_CDCIsReady
 206              	.LVL20:
 207 0008 0028     		cmp	r0, #0
 208 000a FBD0     		beq	.L13
  77:main.c        ****     s[63]='\0';
ARM GAS  C:\Users\xliu430\AppData\Local\Temp\ccbArNLI.s 			page 6


 209              		.loc 1 77 0
 210 000c 0023     		movs	r3, #0
 211 000e 84F83F30 		strb	r3, [r4, #63]
  78:main.c        ****     s[62]='!';
 212              		.loc 1 78 0
 213 0012 2123     		movs	r3, #33
 214 0014 84F83E30 		strb	r3, [r4, #62]
  79:main.c        ****     USBUART_1_PutData((uint8*)s,strlen(s));
 215              		.loc 1 79 0
 216 0018 2046     		mov	r0, r4
 217 001a FFF7FEFF 		bl	strlen
 218              	.LVL21:
 219 001e 81B2     		uxth	r1, r0
 220 0020 2046     		mov	r0, r4
 221 0022 FFF7FEFF 		bl	USBUART_1_PutData
 222              	.LVL22:
 223 0026 10BD     		pop	{r4, pc}
 224              		.cfi_endproc
 225              	.LFE67:
 226              		.size	usbPutString, .-usbPutString
 227              		.section	.text.main,"ax",%progbits
 228              		.align	2
 229              		.global	main
 230              		.thumb
 231              		.thumb_func
 232              		.type	main, %function
 233              	main:
 234              	.LFB68:
  80:main.c        **** }
  81:main.c        **** 
  82:main.c        **** 
  83:main.c        **** 
  84:main.c        **** 
  85:main.c        **** int main(void)
  86:main.c        **** {
 235              		.loc 1 86 0
 236              		.cfi_startproc
 237              		@ args = 0, pretend = 0, frame = 104
 238              		@ frame_needed = 0, uses_anonymous_args = 0
 239 0000 00B5     		push	{lr}
 240              		.cfi_def_cfa_offset 4
 241              		.cfi_offset 14, -4
 242 0002 9BB0     		sub	sp, sp, #108
 243              		.cfi_def_cfa_offset 112
  87:main.c        ****     
  88:main.c        ****     isr_TC_StartEx(TC);
 244              		.loc 1 88 0
 245 0004 1B48     		ldr	r0, .L19
 246 0006 FFF7FEFF 		bl	isr_TC_StartEx
 247              	.LVL23:
  89:main.c        ****     CyGlobalIntEnable; /* Enable global interrupts. */
 248              		.loc 1 89 0
 249              		.syntax unified
 250              	@ 89 "main.c" 1
 251 000a 62B6     		CPSIE   i
 252              	@ 0 "" 2
  90:main.c        **** 
ARM GAS  C:\Users\xliu430\AppData\Local\Temp\ccbArNLI.s 			page 7


  91:main.c        ****     USBUART_1_Start(0,USBUART_1_5V_OPERATION);
 253              		.loc 1 91 0
 254              		.thumb
 255              		.syntax unified
 256 000c 0121     		movs	r1, #1
 257 000e 0020     		movs	r0, #0
 258 0010 FFF7FEFF 		bl	USBUART_1_Start
 259              	.LVL24:
  92:main.c        ****     Timer_1_Start();
 260              		.loc 1 92 0
 261 0014 FFF7FEFF 		bl	Timer_1_Start
 262              	.LVL25:
  93:main.c        ****     QuadDec_1_Start();
 263              		.loc 1 93 0
 264 0018 FFF7FEFF 		bl	QuadDec_1_Start
 265              	.LVL26:
  94:main.c        ****     QuadDec_2_Start();
 266              		.loc 1 94 0
 267 001c FFF7FEFF 		bl	QuadDec_2_Start
 268              	.LVL27:
  95:main.c        ****     QuadDec_2_SetCounter(0);
 269              		.loc 1 95 0
 270 0020 0020     		movs	r0, #0
 271 0022 FFF7FEFF 		bl	QuadDec_2_SetCounter
 272              	.LVL28:
  96:main.c        ****     
  97:main.c        ****     //while(USBUART_1_GetConfiguration() == 0){}
  98:main.c        **** 
  99:main.c        ****     
 100:main.c        ****  
 101:main.c        ****     //leftmotor moving backward
 102:main.c        ****     PWM_leftmotor_Start();
 273              		.loc 1 102 0
 274 0026 FFF7FEFF 		bl	PWM_leftmotor_Start
 275              	.LVL29:
 103:main.c        ****     
 104:main.c        ****     //rightmotor moving forward
 105:main.c        ****     PWM_rightmotor_Start();
 276              		.loc 1 105 0
 277 002a FFF7FEFF 		bl	PWM_rightmotor_Start
 278              	.LVL30:
 106:main.c        ****     
 107:main.c        ****     PWM_leftmotor_WriteCompare1(0);
 279              		.loc 1 107 0
 280 002e 0020     		movs	r0, #0
 281 0030 FFF7FEFF 		bl	PWM_leftmotor_WriteCompare1
 282              	.LVL31:
 108:main.c        ****     PWM_leftmotor_WriteCompare2(127);
 283              		.loc 1 108 0
 284 0034 7F20     		movs	r0, #127
 285 0036 FFF7FEFF 		bl	PWM_leftmotor_WriteCompare2
 286              	.LVL32:
 109:main.c        ****     
 110:main.c        ****     PWM_rightmotor_WriteCompare1(127);
 287              		.loc 1 110 0
 288 003a 7F20     		movs	r0, #127
 289 003c FFF7FEFF 		bl	PWM_rightmotor_WriteCompare1
ARM GAS  C:\Users\xliu430\AppData\Local\Temp\ccbArNLI.s 			page 8


 290              	.LVL33:
 111:main.c        ****     PWM_rightmotor_WriteCompare2(0);
 291              		.loc 1 111 0
 292 0040 0020     		movs	r0, #0
 293 0042 FFF7FEFF 		bl	PWM_rightmotor_WriteCompare2
 294              	.LVL34:
 295              	.L16:
 112:main.c        ****     
 113:main.c        ****     
 114:main.c        **** 
 115:main.c        ****     /* Place your initialization/startup code here (e.g. MyInst_Start()) */
 116:main.c        **** 
 117:main.c        ****     for(;;)
 118:main.c        ****     {
 119:main.c        ****         /* Place your application code here. */
 120:main.c        ****         /*
 121:main.c        ****         int result=  522;
 122:main.c        ****         char send[100];
 123:main.c        ****         sprintf(send,"%d\r\n",result);
 124:main.c        ****         usbPutString(send);
 125:main.c        ****         CyDelay(100);
 126:main.c        ****         */
 127:main.c        ****         
 128:main.c        ****         if(flag == 1){
 296              		.loc 1 128 0
 297 0046 0C4B     		ldr	r3, .L19+4
 298 0048 9B68     		ldr	r3, [r3, #8]
 299 004a 012B     		cmp	r3, #1
 300 004c FBD1     		bne	.L16
 301              	.LBB2:
 129:main.c        ****             flag = 0;
 302              		.loc 1 129 0
 303 004e 0A4B     		ldr	r3, .L19+4
 304 0050 0022     		movs	r2, #0
 305 0052 9A60     		str	r2, [r3, #8]
 130:main.c        ****             char send[100];
 131:main.c        ****             sprintf(send,"%d",result1);
 306              		.loc 1 131 0
 307 0054 1A69     		ldr	r2, [r3, #16]
 308 0056 0949     		ldr	r1, .L19+8
 309 0058 01A8     		add	r0, sp, #4
 310 005a FFF7FEFF 		bl	sprintf
 311              	.LVL35:
 132:main.c        ****             usbPutString(send);
 312              		.loc 1 132 0
 313 005e 01A8     		add	r0, sp, #4
 314 0060 FFF7FEFF 		bl	usbPutString
 315              	.LVL36:
 133:main.c        ****             usbPutString("cm/s");
 316              		.loc 1 133 0
 317 0064 0648     		ldr	r0, .L19+12
 318 0066 FFF7FEFF 		bl	usbPutString
 319              	.LVL37:
 134:main.c        ****             usbPutString("\r\n");
 320              		.loc 1 134 0
 321 006a 0648     		ldr	r0, .L19+16
 322 006c FFF7FEFF 		bl	usbPutString
ARM GAS  C:\Users\xliu430\AppData\Local\Temp\ccbArNLI.s 			page 9


 323              	.LVL38:
 324 0070 E9E7     		b	.L16
 325              	.L20:
 326 0072 00BF     		.align	2
 327              	.L19:
 328 0074 00000000 		.word	TC
 329 0078 00000000 		.word	.LANCHOR0
 330 007c 00000000 		.word	.LC0
 331 0080 04000000 		.word	.LC1
 332 0084 0C000000 		.word	.LC2
 333              	.LBE2:
 334              		.cfi_endproc
 335              	.LFE68:
 336              		.size	main, .-main
 337              		.global	distance
 338              		.global	flag
 339              		.global	result1
 340              		.global	currrentDistance
 341              		.global	countsPerSec
 342              		.global	speedresult
 343              		.global	count2
 344              		.global	count1
 345              		.data
 346              		.align	2
 347              		.set	.LANCHOR1,. + 0
 348              		.type	distance, %object
 349              		.size	distance, 4
 350              	distance:
 351 0000 32000000 		.word	50
 352              		.section	.rodata.str1.4,"aMS",%progbits,1
 353              		.align	2
 354              	.LC0:
 355 0000 256400   		.ascii	"%d\000"
 356 0003 00       		.space	1
 357              	.LC1:
 358 0004 636D2F73 		.ascii	"cm/s\000"
 358      00
 359 0009 000000   		.space	3
 360              	.LC2:
 361 000c 0D0A00   		.ascii	"\015\012\000"
 362              		.bss
 363              		.align	3
 364              		.set	.LANCHOR0,. + 0
 365              		.type	currrentDistance, %object
 366              		.size	currrentDistance, 8
 367              	currrentDistance:
 368 0000 00000000 		.space	8
 368      00000000 
 369              		.type	flag, %object
 370              		.size	flag, 4
 371              	flag:
 372 0008 00000000 		.space	4
 373              		.type	count2, %object
 374              		.size	count2, 2
 375              	count2:
 376 000c 0000     		.space	2
 377              		.type	count1, %object
ARM GAS  C:\Users\xliu430\AppData\Local\Temp\ccbArNLI.s 			page 10


 378              		.size	count1, 2
 379              	count1:
 380 000e 0000     		.space	2
 381              		.type	result1, %object
 382              		.size	result1, 4
 383              	result1:
 384 0010 00000000 		.space	4
 385 0014 00000000 		.space	4
 386              		.type	countsPerSec, %object
 387              		.size	countsPerSec, 8
 388              	countsPerSec:
 389 0018 00000000 		.space	8
 389      00000000 
 390              		.type	speedresult, %object
 391              		.size	speedresult, 4
 392              	speedresult:
 393 0020 00000000 		.space	4
 394              		.text
 395              	.Letext0:
 396              		.file 2 "c:\\program files (x86)\\cypress\\psoc creator\\4.2\\psoc creator\\import\\gnu\\arm\\5.4.
 397              		.file 3 "c:\\program files (x86)\\cypress\\psoc creator\\4.2\\psoc creator\\import\\gnu\\arm\\5.4.
 398              		.file 4 "Generated_Source\\PSoC5/cytypes.h"
 399              		.file 5 "Generated_Source\\PSoC5/core_cm3.h"
 400              		.file 6 "Generated_Source\\PSoC5/PWM_leftmotor.h"
 401              		.file 7 "Generated_Source\\PSoC5/PWM_rightmotor.h"
 402              		.file 8 "Generated_Source\\PSoC5/Timer_1.h"
 403              		.file 9 "Generated_Source\\PSoC5/QuadDec_2.h"
 404              		.file 10 "Generated_Source\\PSoC5/USBUART_1_cdc.h"
 405              		.file 11 "c:\\program files (x86)\\cypress\\psoc creator\\4.2\\psoc creator\\import\\gnu\\arm\\5.4
 406              		.file 12 "c:\\program files (x86)\\cypress\\psoc creator\\4.2\\psoc creator\\import\\gnu\\arm\\5.4
 407              		.file 13 "Generated_Source\\PSoC5/isr_TC.h"
 408              		.file 14 "Generated_Source\\PSoC5/USBUART_1.h"
 409              		.file 15 "Generated_Source\\PSoC5/QuadDec_1.h"
 410              		.section	.debug_info,"",%progbits
 411              	.Ldebug_info0:
 412 0000 A6040000 		.4byte	0x4a6
 413 0004 0400     		.2byte	0x4
 414 0006 00000000 		.4byte	.Ldebug_abbrev0
 415 000a 04       		.byte	0x4
 416 000b 01       		.uleb128 0x1
 417 000c C6000000 		.4byte	.LASF49
 418 0010 0C       		.byte	0xc
 419 0011 D7020000 		.4byte	.LASF50
 420 0015 A8010000 		.4byte	.LASF51
 421 0019 00000000 		.4byte	.Ldebug_ranges0+0
 422 001d 00000000 		.4byte	0
 423 0021 00000000 		.4byte	.Ldebug_line0
 424 0025 02       		.uleb128 0x2
 425 0026 01       		.byte	0x1
 426 0027 06       		.byte	0x6
 427 0028 0E000000 		.4byte	.LASF0
 428 002c 02       		.uleb128 0x2
 429 002d 01       		.byte	0x1
 430 002e 08       		.byte	0x8
 431 002f B8000000 		.4byte	.LASF1
 432 0033 02       		.uleb128 0x2
 433 0034 02       		.byte	0x2
ARM GAS  C:\Users\xliu430\AppData\Local\Temp\ccbArNLI.s 			page 11


 434 0035 05       		.byte	0x5
 435 0036 F5020000 		.4byte	.LASF2
 436 003a 02       		.uleb128 0x2
 437 003b 02       		.byte	0x2
 438 003c 07       		.byte	0x7
 439 003d 88010000 		.4byte	.LASF3
 440 0041 03       		.uleb128 0x3
 441 0042 3E000000 		.4byte	.LASF9
 442 0046 02       		.byte	0x2
 443 0047 3F       		.byte	0x3f
 444 0048 4C000000 		.4byte	0x4c
 445 004c 02       		.uleb128 0x2
 446 004d 04       		.byte	0x4
 447 004e 05       		.byte	0x5
 448 004f 5A030000 		.4byte	.LASF4
 449 0053 02       		.uleb128 0x2
 450 0054 04       		.byte	0x4
 451 0055 07       		.byte	0x7
 452 0056 76010000 		.4byte	.LASF5
 453 005a 02       		.uleb128 0x2
 454 005b 08       		.byte	0x8
 455 005c 05       		.byte	0x5
 456 005d 00000000 		.4byte	.LASF6
 457 0061 02       		.uleb128 0x2
 458 0062 08       		.byte	0x8
 459 0063 07       		.byte	0x7
 460 0064 4C020000 		.4byte	.LASF7
 461 0068 04       		.uleb128 0x4
 462 0069 04       		.byte	0x4
 463 006a 05       		.byte	0x5
 464 006b 696E7400 		.ascii	"int\000"
 465 006f 02       		.uleb128 0x2
 466 0070 04       		.byte	0x4
 467 0071 07       		.byte	0x7
 468 0072 55000000 		.4byte	.LASF8
 469 0076 03       		.uleb128 0x3
 470 0077 8C020000 		.4byte	.LASF10
 471 007b 03       		.byte	0x3
 472 007c 2C       		.byte	0x2c
 473 007d 41000000 		.4byte	0x41
 474 0081 05       		.uleb128 0x5
 475 0082 FF020000 		.4byte	.LASF11
 476 0086 04       		.byte	0x4
 477 0087 E401     		.2byte	0x1e4
 478 0089 2C000000 		.4byte	0x2c
 479 008d 05       		.uleb128 0x5
 480 008e 70010000 		.4byte	.LASF12
 481 0092 04       		.byte	0x4
 482 0093 E801     		.2byte	0x1e8
 483 0095 33000000 		.4byte	0x33
 484 0099 02       		.uleb128 0x2
 485 009a 04       		.byte	0x4
 486 009b 04       		.byte	0x4
 487 009c 93000000 		.4byte	.LASF13
 488 00a0 02       		.uleb128 0x2
 489 00a1 08       		.byte	0x8
 490 00a2 04       		.byte	0x4
ARM GAS  C:\Users\xliu430\AppData\Local\Temp\ccbArNLI.s 			page 12


 491 00a3 10020000 		.4byte	.LASF14
 492 00a7 02       		.uleb128 0x2
 493 00a8 01       		.byte	0x1
 494 00a9 08       		.byte	0x8
 495 00aa DE020000 		.4byte	.LASF15
 496 00ae 02       		.uleb128 0x2
 497 00af 08       		.byte	0x8
 498 00b0 04       		.byte	0x4
 499 00b1 63030000 		.4byte	.LASF16
 500 00b5 02       		.uleb128 0x2
 501 00b6 04       		.byte	0x4
 502 00b7 07       		.byte	0x7
 503 00b8 94020000 		.4byte	.LASF17
 504 00bc 06       		.uleb128 0x6
 505 00bd 04       		.byte	0x4
 506 00be A7000000 		.4byte	0xa7
 507 00c2 07       		.uleb128 0x7
 508 00c3 62000000 		.4byte	.LASF52
 509 00c7 01       		.byte	0x1
 510 00c8 1D       		.byte	0x1d
 511 00c9 68000000 		.4byte	0x68
 512 00cd 00000000 		.4byte	.LFB64
 513 00d1 38000000 		.4byte	.LFE64-.LFB64
 514 00d5 01       		.uleb128 0x1
 515 00d6 9C       		.byte	0x9c
 516 00d7 F8000000 		.4byte	0xf8
 517 00db 08       		.uleb128 0x8
 518 00dc E3020000 		.4byte	.LASF19
 519 00e0 01       		.byte	0x1
 520 00e1 1D       		.byte	0x1d
 521 00e2 68000000 		.4byte	0x68
 522 00e6 00000000 		.4byte	.LLST0
 523 00ea 09       		.uleb128 0x9
 524 00eb 63020000 		.4byte	.LASF20
 525 00ef 01       		.byte	0x1
 526 00f0 1F       		.byte	0x1f
 527 00f1 68000000 		.4byte	0x68
 528 00f5 01       		.uleb128 0x1
 529 00f6 50       		.byte	0x50
 530 00f7 00       		.byte	0
 531 00f8 0A       		.uleb128 0xa
 532 00f9 7F020000 		.4byte	.LASF53
 533 00fd 01       		.byte	0x1
 534 00fe 23       		.byte	0x23
 535 00ff 00000000 		.4byte	.LFB65
 536 0103 1C000000 		.4byte	.LFE65-.LFB65
 537 0107 01       		.uleb128 0x1
 538 0108 9C       		.byte	0x9c
 539 0109 5A010000 		.4byte	0x15a
 540 010d 0B       		.uleb128 0xb
 541 010e 08000000 		.4byte	.LVL5
 542 0112 E2030000 		.4byte	0x3e2
 543 0116 21010000 		.4byte	0x121
 544 011a 0C       		.uleb128 0xc
 545 011b 01       		.uleb128 0x1
 546 011c 50       		.byte	0x50
 547 011d 02       		.uleb128 0x2
ARM GAS  C:\Users\xliu430\AppData\Local\Temp\ccbArNLI.s 			page 13


 548 011e 08       		.byte	0x8
 549 011f 7F       		.byte	0x7f
 550 0120 00       		.byte	0
 551 0121 0B       		.uleb128 0xb
 552 0122 0E000000 		.4byte	.LVL6
 553 0126 ED030000 		.4byte	0x3ed
 554 012a 35010000 		.4byte	0x135
 555 012e 0C       		.uleb128 0xc
 556 012f 01       		.uleb128 0x1
 557 0130 50       		.byte	0x50
 558 0131 02       		.uleb128 0x2
 559 0132 08       		.byte	0x8
 560 0133 7F       		.byte	0x7f
 561 0134 00       		.byte	0
 562 0135 0B       		.uleb128 0xb
 563 0136 14000000 		.4byte	.LVL7
 564 013a F8030000 		.4byte	0x3f8
 565 013e 49010000 		.4byte	0x149
 566 0142 0C       		.uleb128 0xc
 567 0143 01       		.uleb128 0x1
 568 0144 50       		.byte	0x50
 569 0145 02       		.uleb128 0x2
 570 0146 08       		.byte	0x8
 571 0147 7F       		.byte	0x7f
 572 0148 00       		.byte	0
 573 0149 0D       		.uleb128 0xd
 574 014a 1A000000 		.4byte	.LVL8
 575 014e 03040000 		.4byte	0x403
 576 0152 0C       		.uleb128 0xc
 577 0153 01       		.uleb128 0x1
 578 0154 50       		.byte	0x50
 579 0155 02       		.uleb128 0x2
 580 0156 08       		.byte	0x8
 581 0157 7F       		.byte	0x7f
 582 0158 00       		.byte	0
 583 0159 00       		.byte	0
 584 015a 0E       		.uleb128 0xe
 585 015b 544300   		.ascii	"TC\000"
 586 015e 01       		.byte	0x1
 587 015f 2E       		.byte	0x2e
 588 0160 00000000 		.4byte	.LFB66
 589 0164 74000000 		.4byte	.LFE66-.LFB66
 590 0168 01       		.uleb128 0x1
 591 0169 9C       		.byte	0x9c
 592 016a 9C010000 		.4byte	0x19c
 593 016e 0F       		.uleb128 0xf
 594 016f 06000000 		.4byte	.LVL9
 595 0173 0E040000 		.4byte	0x40e
 596 0177 0F       		.uleb128 0xf
 597 0178 10000000 		.4byte	.LVL10
 598 017c 19040000 		.4byte	0x419
 599 0180 0F       		.uleb128 0xf
 600 0181 1A000000 		.4byte	.LVL11
 601 0185 19040000 		.4byte	0x419
 602 0189 0F       		.uleb128 0xf
 603 018a 20000000 		.4byte	.LVL12
 604 018e C2000000 		.4byte	0xc2
ARM GAS  C:\Users\xliu430\AppData\Local\Temp\ccbArNLI.s 			page 14


 605 0192 0F       		.uleb128 0xf
 606 0193 2E000000 		.4byte	.LVL13
 607 0197 F8000000 		.4byte	0xf8
 608 019b 00       		.byte	0
 609 019c 10       		.uleb128 0x10
 610 019d 48000000 		.4byte	.LASF18
 611 01a1 01       		.byte	0x1
 612 01a2 46       		.byte	0x46
 613 01a3 00000000 		.4byte	.LFB67
 614 01a7 28000000 		.4byte	.LFE67-.LFB67
 615 01ab 01       		.uleb128 0x1
 616 01ac 9C       		.byte	0x9c
 617 01ad EC010000 		.4byte	0x1ec
 618 01b1 11       		.uleb128 0x11
 619 01b2 7300     		.ascii	"s\000"
 620 01b4 01       		.byte	0x1
 621 01b5 46       		.byte	0x46
 622 01b6 BC000000 		.4byte	0xbc
 623 01ba 21000000 		.4byte	.LLST1
 624 01be 0F       		.uleb128 0xf
 625 01bf 08000000 		.4byte	.LVL20
 626 01c3 24040000 		.4byte	0x424
 627 01c7 0B       		.uleb128 0xb
 628 01c8 1E000000 		.4byte	.LVL21
 629 01cc 2F040000 		.4byte	0x42f
 630 01d0 DB010000 		.4byte	0x1db
 631 01d4 0C       		.uleb128 0xc
 632 01d5 01       		.uleb128 0x1
 633 01d6 50       		.byte	0x50
 634 01d7 02       		.uleb128 0x2
 635 01d8 74       		.byte	0x74
 636 01d9 00       		.sleb128 0
 637 01da 00       		.byte	0
 638 01db 0D       		.uleb128 0xd
 639 01dc 26000000 		.4byte	.LVL22
 640 01e0 3A040000 		.4byte	0x43a
 641 01e4 0C       		.uleb128 0xc
 642 01e5 01       		.uleb128 0x1
 643 01e6 50       		.byte	0x50
 644 01e7 02       		.uleb128 0x2
 645 01e8 74       		.byte	0x74
 646 01e9 00       		.sleb128 0
 647 01ea 00       		.byte	0
 648 01eb 00       		.byte	0
 649 01ec 12       		.uleb128 0x12
 650 01ed 29020000 		.4byte	.LASF54
 651 01f1 01       		.byte	0x1
 652 01f2 55       		.byte	0x55
 653 01f3 68000000 		.4byte	0x68
 654 01f7 00000000 		.4byte	.LFB68
 655 01fb 88000000 		.4byte	.LFE68-.LFB68
 656 01ff 01       		.uleb128 0x1
 657 0200 9C       		.byte	0x9c
 658 0201 39030000 		.4byte	0x339
 659 0205 13       		.uleb128 0x13
 660 0206 4E000000 		.4byte	.LBB2
 661 020a 3A000000 		.4byte	.LBE2-.LBB2
ARM GAS  C:\Users\xliu430\AppData\Local\Temp\ccbArNLI.s 			page 15


 662 020e 7F020000 		.4byte	0x27f
 663 0212 09       		.uleb128 0x9
 664 0213 47020000 		.4byte	.LASF21
 665 0217 01       		.byte	0x1
 666 0218 82       		.byte	0x82
 667 0219 39030000 		.4byte	0x339
 668 021d 03       		.uleb128 0x3
 669 021e 91       		.byte	0x91
 670 021f 947F     		.sleb128 -108
 671 0221 0B       		.uleb128 0xb
 672 0222 5E000000 		.4byte	.LVL35
 673 0226 45040000 		.4byte	0x445
 674 022a 3F020000 		.4byte	0x23f
 675 022e 0C       		.uleb128 0xc
 676 022f 01       		.uleb128 0x1
 677 0230 50       		.byte	0x50
 678 0231 03       		.uleb128 0x3
 679 0232 91       		.byte	0x91
 680 0233 947F     		.sleb128 -108
 681 0235 0C       		.uleb128 0xc
 682 0236 01       		.uleb128 0x1
 683 0237 51       		.byte	0x51
 684 0238 05       		.uleb128 0x5
 685 0239 03       		.byte	0x3
 686 023a 00000000 		.4byte	.LC0
 687 023e 00       		.byte	0
 688 023f 0B       		.uleb128 0xb
 689 0240 64000000 		.4byte	.LVL36
 690 0244 9C010000 		.4byte	0x19c
 691 0248 54020000 		.4byte	0x254
 692 024c 0C       		.uleb128 0xc
 693 024d 01       		.uleb128 0x1
 694 024e 50       		.byte	0x50
 695 024f 03       		.uleb128 0x3
 696 0250 91       		.byte	0x91
 697 0251 947F     		.sleb128 -108
 698 0253 00       		.byte	0
 699 0254 0B       		.uleb128 0xb
 700 0255 6A000000 		.4byte	.LVL37
 701 0259 9C010000 		.4byte	0x19c
 702 025d 6B020000 		.4byte	0x26b
 703 0261 0C       		.uleb128 0xc
 704 0262 01       		.uleb128 0x1
 705 0263 50       		.byte	0x50
 706 0264 05       		.uleb128 0x5
 707 0265 03       		.byte	0x3
 708 0266 04000000 		.4byte	.LC1
 709 026a 00       		.byte	0
 710 026b 0D       		.uleb128 0xd
 711 026c 70000000 		.4byte	.LVL38
 712 0270 9C010000 		.4byte	0x19c
 713 0274 0C       		.uleb128 0xc
 714 0275 01       		.uleb128 0x1
 715 0276 50       		.byte	0x50
 716 0277 05       		.uleb128 0x5
 717 0278 03       		.byte	0x3
 718 0279 0C000000 		.4byte	.LC2
ARM GAS  C:\Users\xliu430\AppData\Local\Temp\ccbArNLI.s 			page 16


 719 027d 00       		.byte	0
 720 027e 00       		.byte	0
 721 027f 0B       		.uleb128 0xb
 722 0280 0A000000 		.4byte	.LVL23
 723 0284 50040000 		.4byte	0x450
 724 0288 96020000 		.4byte	0x296
 725 028c 0C       		.uleb128 0xc
 726 028d 01       		.uleb128 0x1
 727 028e 50       		.byte	0x50
 728 028f 05       		.uleb128 0x5
 729 0290 03       		.byte	0x3
 730 0291 00000000 		.4byte	TC
 731 0295 00       		.byte	0
 732 0296 0B       		.uleb128 0xb
 733 0297 14000000 		.4byte	.LVL24
 734 029b 5B040000 		.4byte	0x45b
 735 029f AE020000 		.4byte	0x2ae
 736 02a3 0C       		.uleb128 0xc
 737 02a4 01       		.uleb128 0x1
 738 02a5 50       		.byte	0x50
 739 02a6 01       		.uleb128 0x1
 740 02a7 30       		.byte	0x30
 741 02a8 0C       		.uleb128 0xc
 742 02a9 01       		.uleb128 0x1
 743 02aa 51       		.byte	0x51
 744 02ab 01       		.uleb128 0x1
 745 02ac 31       		.byte	0x31
 746 02ad 00       		.byte	0
 747 02ae 0F       		.uleb128 0xf
 748 02af 18000000 		.4byte	.LVL25
 749 02b3 67040000 		.4byte	0x467
 750 02b7 0F       		.uleb128 0xf
 751 02b8 1C000000 		.4byte	.LVL26
 752 02bc 72040000 		.4byte	0x472
 753 02c0 0F       		.uleb128 0xf
 754 02c1 20000000 		.4byte	.LVL27
 755 02c5 7D040000 		.4byte	0x47d
 756 02c9 0B       		.uleb128 0xb
 757 02ca 26000000 		.4byte	.LVL28
 758 02ce 88040000 		.4byte	0x488
 759 02d2 DC020000 		.4byte	0x2dc
 760 02d6 0C       		.uleb128 0xc
 761 02d7 01       		.uleb128 0x1
 762 02d8 50       		.byte	0x50
 763 02d9 01       		.uleb128 0x1
 764 02da 30       		.byte	0x30
 765 02db 00       		.byte	0
 766 02dc 0F       		.uleb128 0xf
 767 02dd 2A000000 		.4byte	.LVL29
 768 02e1 93040000 		.4byte	0x493
 769 02e5 0F       		.uleb128 0xf
 770 02e6 2E000000 		.4byte	.LVL30
 771 02ea 9E040000 		.4byte	0x49e
 772 02ee 0B       		.uleb128 0xb
 773 02ef 34000000 		.4byte	.LVL31
 774 02f3 E2030000 		.4byte	0x3e2
 775 02f7 01030000 		.4byte	0x301
ARM GAS  C:\Users\xliu430\AppData\Local\Temp\ccbArNLI.s 			page 17


 776 02fb 0C       		.uleb128 0xc
 777 02fc 01       		.uleb128 0x1
 778 02fd 50       		.byte	0x50
 779 02fe 01       		.uleb128 0x1
 780 02ff 30       		.byte	0x30
 781 0300 00       		.byte	0
 782 0301 0B       		.uleb128 0xb
 783 0302 3A000000 		.4byte	.LVL32
 784 0306 ED030000 		.4byte	0x3ed
 785 030a 15030000 		.4byte	0x315
 786 030e 0C       		.uleb128 0xc
 787 030f 01       		.uleb128 0x1
 788 0310 50       		.byte	0x50
 789 0311 02       		.uleb128 0x2
 790 0312 08       		.byte	0x8
 791 0313 7F       		.byte	0x7f
 792 0314 00       		.byte	0
 793 0315 0B       		.uleb128 0xb
 794 0316 40000000 		.4byte	.LVL33
 795 031a F8030000 		.4byte	0x3f8
 796 031e 29030000 		.4byte	0x329
 797 0322 0C       		.uleb128 0xc
 798 0323 01       		.uleb128 0x1
 799 0324 50       		.byte	0x50
 800 0325 02       		.uleb128 0x2
 801 0326 08       		.byte	0x8
 802 0327 7F       		.byte	0x7f
 803 0328 00       		.byte	0
 804 0329 0D       		.uleb128 0xd
 805 032a 46000000 		.4byte	.LVL34
 806 032e 03040000 		.4byte	0x403
 807 0332 0C       		.uleb128 0xc
 808 0333 01       		.uleb128 0x1
 809 0334 50       		.byte	0x50
 810 0335 01       		.uleb128 0x1
 811 0336 30       		.byte	0x30
 812 0337 00       		.byte	0
 813 0338 00       		.byte	0
 814 0339 14       		.uleb128 0x14
 815 033a A7000000 		.4byte	0xa7
 816 033e 49030000 		.4byte	0x349
 817 0342 15       		.uleb128 0x15
 818 0343 B5000000 		.4byte	0xb5
 819 0347 63       		.byte	0x63
 820 0348 00       		.byte	0
 821 0349 16       		.uleb128 0x16
 822 034a 9B010000 		.4byte	.LASF22
 823 034e 05       		.byte	0x5
 824 034f 1207     		.2byte	0x712
 825 0351 55030000 		.4byte	0x355
 826 0355 17       		.uleb128 0x17
 827 0356 76000000 		.4byte	0x76
 828 035a 18       		.uleb128 0x18
 829 035b 30000000 		.4byte	.LASF23
 830 035f 01       		.byte	0x1
 831 0360 12       		.byte	0x12
 832 0361 8D000000 		.4byte	0x8d
ARM GAS  C:\Users\xliu430\AppData\Local\Temp\ccbArNLI.s 			page 18


 833 0365 05       		.uleb128 0x5
 834 0366 03       		.byte	0x3
 835 0367 00000000 		.4byte	count1
 836 036b 18       		.uleb128 0x18
 837 036c 37000000 		.4byte	.LASF24
 838 0370 01       		.byte	0x1
 839 0371 13       		.byte	0x13
 840 0372 8D000000 		.4byte	0x8d
 841 0376 05       		.uleb128 0x5
 842 0377 03       		.byte	0x3
 843 0378 00000000 		.4byte	count2
 844 037c 18       		.uleb128 0x18
 845 037d E9020000 		.4byte	.LASF25
 846 0381 01       		.byte	0x1
 847 0382 14       		.byte	0x14
 848 0383 68000000 		.4byte	0x68
 849 0387 05       		.uleb128 0x5
 850 0388 03       		.byte	0x3
 851 0389 00000000 		.4byte	speedresult
 852 038d 18       		.uleb128 0x18
 853 038e 2E020000 		.4byte	.LASF26
 854 0392 01       		.byte	0x1
 855 0393 16       		.byte	0x16
 856 0394 A0000000 		.4byte	0xa0
 857 0398 05       		.uleb128 0x5
 858 0399 03       		.byte	0x3
 859 039a 00000000 		.4byte	countsPerSec
 860 039e 18       		.uleb128 0x18
 861 039f 83030000 		.4byte	.LASF27
 862 03a3 01       		.byte	0x1
 863 03a4 17       		.byte	0x17
 864 03a5 A0000000 		.4byte	0xa0
 865 03a9 05       		.uleb128 0x5
 866 03aa 03       		.byte	0x3
 867 03ab 00000000 		.4byte	currrentDistance
 868 03af 18       		.uleb128 0x18
 869 03b0 1A000000 		.4byte	.LASF28
 870 03b4 01       		.byte	0x1
 871 03b5 19       		.byte	0x19
 872 03b6 68000000 		.4byte	0x68
 873 03ba 05       		.uleb128 0x5
 874 03bb 03       		.byte	0x3
 875 03bc 00000000 		.4byte	result1
 876 03c0 18       		.uleb128 0x18
 877 03c1 3B020000 		.4byte	.LASF29
 878 03c5 01       		.byte	0x1
 879 03c6 1A       		.byte	0x1a
 880 03c7 68000000 		.4byte	0x68
 881 03cb 05       		.uleb128 0x5
 882 03cc 03       		.byte	0x3
 883 03cd 00000000 		.4byte	flag
 884 03d1 18       		.uleb128 0x18
 885 03d2 8A000000 		.4byte	.LASF30
 886 03d6 01       		.byte	0x1
 887 03d7 1B       		.byte	0x1b
 888 03d8 68000000 		.4byte	0x68
 889 03dc 05       		.uleb128 0x5
ARM GAS  C:\Users\xliu430\AppData\Local\Temp\ccbArNLI.s 			page 19


 890 03dd 03       		.byte	0x3
 891 03de 00000000 		.4byte	distance
 892 03e2 19       		.uleb128 0x19
 893 03e3 6E000000 		.4byte	.LASF31
 894 03e7 6E000000 		.4byte	.LASF31
 895 03eb 06       		.byte	0x6
 896 03ec C7       		.byte	0xc7
 897 03ed 19       		.uleb128 0x19
 898 03ee 54010000 		.4byte	.LASF32
 899 03f2 54010000 		.4byte	.LASF32
 900 03f6 06       		.byte	0x6
 901 03f7 CA       		.byte	0xca
 902 03f8 19       		.uleb128 0x19
 903 03f9 9D020000 		.4byte	.LASF33
 904 03fd 9D020000 		.4byte	.LASF33
 905 0401 07       		.byte	0x7
 906 0402 C7       		.byte	0xc7
 907 0403 19       		.uleb128 0x19
 908 0404 BA020000 		.4byte	.LASF34
 909 0408 BA020000 		.4byte	.LASF34
 910 040c 07       		.byte	0x7
 911 040d CA       		.byte	0xca
 912 040e 19       		.uleb128 0x19
 913 040f 1A030000 		.4byte	.LASF35
 914 0413 1A030000 		.4byte	.LASF35
 915 0417 08       		.byte	0x8
 916 0418 5E       		.byte	0x5e
 917 0419 19       		.uleb128 0x19
 918 041a 6A020000 		.4byte	.LASF36
 919 041e 6A020000 		.4byte	.LASF36
 920 0422 09       		.byte	0x9
 921 0423 4E       		.byte	0x4e
 922 0424 19       		.uleb128 0x19
 923 0425 45030000 		.4byte	.LASF37
 924 0429 45030000 		.4byte	.LASF37
 925 042d 0A       		.byte	0xa
 926 042e 28       		.byte	0x28
 927 042f 19       		.uleb128 0x19
 928 0430 40020000 		.4byte	.LASF38
 929 0434 40020000 		.4byte	.LASF38
 930 0438 0B       		.byte	0xb
 931 0439 21       		.byte	0x21
 932 043a 19       		.uleb128 0x19
 933 043b 17020000 		.4byte	.LASF39
 934 043f 17020000 		.4byte	.LASF39
 935 0443 0A       		.byte	0xa
 936 0444 23       		.byte	0x23
 937 0445 19       		.uleb128 0x19
 938 0446 94030000 		.4byte	.LASF40
 939 044a 94030000 		.4byte	.LASF40
 940 044e 0C       		.byte	0xc
 941 044f E7       		.byte	0xe7
 942 0450 19       		.uleb128 0x19
 943 0451 99000000 		.4byte	.LASF41
 944 0455 99000000 		.4byte	.LASF41
 945 0459 0D       		.byte	0xd
 946 045a 18       		.byte	0x18
ARM GAS  C:\Users\xliu430\AppData\Local\Temp\ccbArNLI.s 			page 20


 947 045b 1A       		.uleb128 0x1a
 948 045c 35030000 		.4byte	.LASF42
 949 0460 35030000 		.4byte	.LASF42
 950 0464 0E       		.byte	0xe
 951 0465 2A01     		.2byte	0x12a
 952 0467 19       		.uleb128 0x19
 953 0468 22000000 		.4byte	.LASF43
 954 046c 22000000 		.4byte	.LASF43
 955 0470 08       		.byte	0x8
 956 0471 5A       		.byte	0x5a
 957 0472 19       		.uleb128 0x19
 958 0473 A8000000 		.4byte	.LASF44
 959 0477 A8000000 		.4byte	.LASF44
 960 047b 0F       		.byte	0xf
 961 047c 48       		.byte	0x48
 962 047d 19       		.uleb128 0x19
 963 047e B1030000 		.4byte	.LASF45
 964 0482 B1030000 		.4byte	.LASF45
 965 0486 09       		.byte	0x9
 966 0487 48       		.byte	0x48
 967 0488 19       		.uleb128 0x19
 968 0489 9C030000 		.4byte	.LASF46
 969 048d 9C030000 		.4byte	.LASF46
 970 0491 09       		.byte	0x9
 971 0492 4F       		.byte	0x4f
 972 0493 19       		.uleb128 0x19
 973 0494 6F030000 		.4byte	.LASF47
 974 0498 6F030000 		.4byte	.LASF47
 975 049c 06       		.byte	0x6
 976 049d 92       		.byte	0x92
 977 049e 19       		.uleb128 0x19
 978 049f 05030000 		.4byte	.LASF48
 979 04a3 05030000 		.4byte	.LASF48
 980 04a7 07       		.byte	0x7
 981 04a8 92       		.byte	0x92
 982 04a9 00       		.byte	0
 983              		.section	.debug_abbrev,"",%progbits
 984              	.Ldebug_abbrev0:
 985 0000 01       		.uleb128 0x1
 986 0001 11       		.uleb128 0x11
 987 0002 01       		.byte	0x1
 988 0003 25       		.uleb128 0x25
 989 0004 0E       		.uleb128 0xe
 990 0005 13       		.uleb128 0x13
 991 0006 0B       		.uleb128 0xb
 992 0007 03       		.uleb128 0x3
 993 0008 0E       		.uleb128 0xe
 994 0009 1B       		.uleb128 0x1b
 995 000a 0E       		.uleb128 0xe
 996 000b 55       		.uleb128 0x55
 997 000c 17       		.uleb128 0x17
 998 000d 11       		.uleb128 0x11
 999 000e 01       		.uleb128 0x1
 1000 000f 10       		.uleb128 0x10
 1001 0010 17       		.uleb128 0x17
 1002 0011 00       		.byte	0
 1003 0012 00       		.byte	0
ARM GAS  C:\Users\xliu430\AppData\Local\Temp\ccbArNLI.s 			page 21


 1004 0013 02       		.uleb128 0x2
 1005 0014 24       		.uleb128 0x24
 1006 0015 00       		.byte	0
 1007 0016 0B       		.uleb128 0xb
 1008 0017 0B       		.uleb128 0xb
 1009 0018 3E       		.uleb128 0x3e
 1010 0019 0B       		.uleb128 0xb
 1011 001a 03       		.uleb128 0x3
 1012 001b 0E       		.uleb128 0xe
 1013 001c 00       		.byte	0
 1014 001d 00       		.byte	0
 1015 001e 03       		.uleb128 0x3
 1016 001f 16       		.uleb128 0x16
 1017 0020 00       		.byte	0
 1018 0021 03       		.uleb128 0x3
 1019 0022 0E       		.uleb128 0xe
 1020 0023 3A       		.uleb128 0x3a
 1021 0024 0B       		.uleb128 0xb
 1022 0025 3B       		.uleb128 0x3b
 1023 0026 0B       		.uleb128 0xb
 1024 0027 49       		.uleb128 0x49
 1025 0028 13       		.uleb128 0x13
 1026 0029 00       		.byte	0
 1027 002a 00       		.byte	0
 1028 002b 04       		.uleb128 0x4
 1029 002c 24       		.uleb128 0x24
 1030 002d 00       		.byte	0
 1031 002e 0B       		.uleb128 0xb
 1032 002f 0B       		.uleb128 0xb
 1033 0030 3E       		.uleb128 0x3e
 1034 0031 0B       		.uleb128 0xb
 1035 0032 03       		.uleb128 0x3
 1036 0033 08       		.uleb128 0x8
 1037 0034 00       		.byte	0
 1038 0035 00       		.byte	0
 1039 0036 05       		.uleb128 0x5
 1040 0037 16       		.uleb128 0x16
 1041 0038 00       		.byte	0
 1042 0039 03       		.uleb128 0x3
 1043 003a 0E       		.uleb128 0xe
 1044 003b 3A       		.uleb128 0x3a
 1045 003c 0B       		.uleb128 0xb
 1046 003d 3B       		.uleb128 0x3b
 1047 003e 05       		.uleb128 0x5
 1048 003f 49       		.uleb128 0x49
 1049 0040 13       		.uleb128 0x13
 1050 0041 00       		.byte	0
 1051 0042 00       		.byte	0
 1052 0043 06       		.uleb128 0x6
 1053 0044 0F       		.uleb128 0xf
 1054 0045 00       		.byte	0
 1055 0046 0B       		.uleb128 0xb
 1056 0047 0B       		.uleb128 0xb
 1057 0048 49       		.uleb128 0x49
 1058 0049 13       		.uleb128 0x13
 1059 004a 00       		.byte	0
 1060 004b 00       		.byte	0
ARM GAS  C:\Users\xliu430\AppData\Local\Temp\ccbArNLI.s 			page 22


 1061 004c 07       		.uleb128 0x7
 1062 004d 2E       		.uleb128 0x2e
 1063 004e 01       		.byte	0x1
 1064 004f 3F       		.uleb128 0x3f
 1065 0050 19       		.uleb128 0x19
 1066 0051 03       		.uleb128 0x3
 1067 0052 0E       		.uleb128 0xe
 1068 0053 3A       		.uleb128 0x3a
 1069 0054 0B       		.uleb128 0xb
 1070 0055 3B       		.uleb128 0x3b
 1071 0056 0B       		.uleb128 0xb
 1072 0057 27       		.uleb128 0x27
 1073 0058 19       		.uleb128 0x19
 1074 0059 49       		.uleb128 0x49
 1075 005a 13       		.uleb128 0x13
 1076 005b 11       		.uleb128 0x11
 1077 005c 01       		.uleb128 0x1
 1078 005d 12       		.uleb128 0x12
 1079 005e 06       		.uleb128 0x6
 1080 005f 40       		.uleb128 0x40
 1081 0060 18       		.uleb128 0x18
 1082 0061 9642     		.uleb128 0x2116
 1083 0063 19       		.uleb128 0x19
 1084 0064 01       		.uleb128 0x1
 1085 0065 13       		.uleb128 0x13
 1086 0066 00       		.byte	0
 1087 0067 00       		.byte	0
 1088 0068 08       		.uleb128 0x8
 1089 0069 05       		.uleb128 0x5
 1090 006a 00       		.byte	0
 1091 006b 03       		.uleb128 0x3
 1092 006c 0E       		.uleb128 0xe
 1093 006d 3A       		.uleb128 0x3a
 1094 006e 0B       		.uleb128 0xb
 1095 006f 3B       		.uleb128 0x3b
 1096 0070 0B       		.uleb128 0xb
 1097 0071 49       		.uleb128 0x49
 1098 0072 13       		.uleb128 0x13
 1099 0073 02       		.uleb128 0x2
 1100 0074 17       		.uleb128 0x17
 1101 0075 00       		.byte	0
 1102 0076 00       		.byte	0
 1103 0077 09       		.uleb128 0x9
 1104 0078 34       		.uleb128 0x34
 1105 0079 00       		.byte	0
 1106 007a 03       		.uleb128 0x3
 1107 007b 0E       		.uleb128 0xe
 1108 007c 3A       		.uleb128 0x3a
 1109 007d 0B       		.uleb128 0xb
 1110 007e 3B       		.uleb128 0x3b
 1111 007f 0B       		.uleb128 0xb
 1112 0080 49       		.uleb128 0x49
 1113 0081 13       		.uleb128 0x13
 1114 0082 02       		.uleb128 0x2
 1115 0083 18       		.uleb128 0x18
 1116 0084 00       		.byte	0
 1117 0085 00       		.byte	0
ARM GAS  C:\Users\xliu430\AppData\Local\Temp\ccbArNLI.s 			page 23


 1118 0086 0A       		.uleb128 0xa
 1119 0087 2E       		.uleb128 0x2e
 1120 0088 01       		.byte	0x1
 1121 0089 3F       		.uleb128 0x3f
 1122 008a 19       		.uleb128 0x19
 1123 008b 03       		.uleb128 0x3
 1124 008c 0E       		.uleb128 0xe
 1125 008d 3A       		.uleb128 0x3a
 1126 008e 0B       		.uleb128 0xb
 1127 008f 3B       		.uleb128 0x3b
 1128 0090 0B       		.uleb128 0xb
 1129 0091 11       		.uleb128 0x11
 1130 0092 01       		.uleb128 0x1
 1131 0093 12       		.uleb128 0x12
 1132 0094 06       		.uleb128 0x6
 1133 0095 40       		.uleb128 0x40
 1134 0096 18       		.uleb128 0x18
 1135 0097 9742     		.uleb128 0x2117
 1136 0099 19       		.uleb128 0x19
 1137 009a 01       		.uleb128 0x1
 1138 009b 13       		.uleb128 0x13
 1139 009c 00       		.byte	0
 1140 009d 00       		.byte	0
 1141 009e 0B       		.uleb128 0xb
 1142 009f 898201   		.uleb128 0x4109
 1143 00a2 01       		.byte	0x1
 1144 00a3 11       		.uleb128 0x11
 1145 00a4 01       		.uleb128 0x1
 1146 00a5 31       		.uleb128 0x31
 1147 00a6 13       		.uleb128 0x13
 1148 00a7 01       		.uleb128 0x1
 1149 00a8 13       		.uleb128 0x13
 1150 00a9 00       		.byte	0
 1151 00aa 00       		.byte	0
 1152 00ab 0C       		.uleb128 0xc
 1153 00ac 8A8201   		.uleb128 0x410a
 1154 00af 00       		.byte	0
 1155 00b0 02       		.uleb128 0x2
 1156 00b1 18       		.uleb128 0x18
 1157 00b2 9142     		.uleb128 0x2111
 1158 00b4 18       		.uleb128 0x18
 1159 00b5 00       		.byte	0
 1160 00b6 00       		.byte	0
 1161 00b7 0D       		.uleb128 0xd
 1162 00b8 898201   		.uleb128 0x4109
 1163 00bb 01       		.byte	0x1
 1164 00bc 11       		.uleb128 0x11
 1165 00bd 01       		.uleb128 0x1
 1166 00be 31       		.uleb128 0x31
 1167 00bf 13       		.uleb128 0x13
 1168 00c0 00       		.byte	0
 1169 00c1 00       		.byte	0
 1170 00c2 0E       		.uleb128 0xe
 1171 00c3 2E       		.uleb128 0x2e
 1172 00c4 01       		.byte	0x1
 1173 00c5 3F       		.uleb128 0x3f
 1174 00c6 19       		.uleb128 0x19
ARM GAS  C:\Users\xliu430\AppData\Local\Temp\ccbArNLI.s 			page 24


 1175 00c7 03       		.uleb128 0x3
 1176 00c8 08       		.uleb128 0x8
 1177 00c9 3A       		.uleb128 0x3a
 1178 00ca 0B       		.uleb128 0xb
 1179 00cb 3B       		.uleb128 0x3b
 1180 00cc 0B       		.uleb128 0xb
 1181 00cd 27       		.uleb128 0x27
 1182 00ce 19       		.uleb128 0x19
 1183 00cf 11       		.uleb128 0x11
 1184 00d0 01       		.uleb128 0x1
 1185 00d1 12       		.uleb128 0x12
 1186 00d2 06       		.uleb128 0x6
 1187 00d3 40       		.uleb128 0x40
 1188 00d4 18       		.uleb128 0x18
 1189 00d5 9642     		.uleb128 0x2116
 1190 00d7 19       		.uleb128 0x19
 1191 00d8 01       		.uleb128 0x1
 1192 00d9 13       		.uleb128 0x13
 1193 00da 00       		.byte	0
 1194 00db 00       		.byte	0
 1195 00dc 0F       		.uleb128 0xf
 1196 00dd 898201   		.uleb128 0x4109
 1197 00e0 00       		.byte	0
 1198 00e1 11       		.uleb128 0x11
 1199 00e2 01       		.uleb128 0x1
 1200 00e3 31       		.uleb128 0x31
 1201 00e4 13       		.uleb128 0x13
 1202 00e5 00       		.byte	0
 1203 00e6 00       		.byte	0
 1204 00e7 10       		.uleb128 0x10
 1205 00e8 2E       		.uleb128 0x2e
 1206 00e9 01       		.byte	0x1
 1207 00ea 3F       		.uleb128 0x3f
 1208 00eb 19       		.uleb128 0x19
 1209 00ec 03       		.uleb128 0x3
 1210 00ed 0E       		.uleb128 0xe
 1211 00ee 3A       		.uleb128 0x3a
 1212 00ef 0B       		.uleb128 0xb
 1213 00f0 3B       		.uleb128 0x3b
 1214 00f1 0B       		.uleb128 0xb
 1215 00f2 27       		.uleb128 0x27
 1216 00f3 19       		.uleb128 0x19
 1217 00f4 11       		.uleb128 0x11
 1218 00f5 01       		.uleb128 0x1
 1219 00f6 12       		.uleb128 0x12
 1220 00f7 06       		.uleb128 0x6
 1221 00f8 40       		.uleb128 0x40
 1222 00f9 18       		.uleb128 0x18
 1223 00fa 9742     		.uleb128 0x2117
 1224 00fc 19       		.uleb128 0x19
 1225 00fd 01       		.uleb128 0x1
 1226 00fe 13       		.uleb128 0x13
 1227 00ff 00       		.byte	0
 1228 0100 00       		.byte	0
 1229 0101 11       		.uleb128 0x11
 1230 0102 05       		.uleb128 0x5
 1231 0103 00       		.byte	0
ARM GAS  C:\Users\xliu430\AppData\Local\Temp\ccbArNLI.s 			page 25


 1232 0104 03       		.uleb128 0x3
 1233 0105 08       		.uleb128 0x8
 1234 0106 3A       		.uleb128 0x3a
 1235 0107 0B       		.uleb128 0xb
 1236 0108 3B       		.uleb128 0x3b
 1237 0109 0B       		.uleb128 0xb
 1238 010a 49       		.uleb128 0x49
 1239 010b 13       		.uleb128 0x13
 1240 010c 02       		.uleb128 0x2
 1241 010d 17       		.uleb128 0x17
 1242 010e 00       		.byte	0
 1243 010f 00       		.byte	0
 1244 0110 12       		.uleb128 0x12
 1245 0111 2E       		.uleb128 0x2e
 1246 0112 01       		.byte	0x1
 1247 0113 3F       		.uleb128 0x3f
 1248 0114 19       		.uleb128 0x19
 1249 0115 03       		.uleb128 0x3
 1250 0116 0E       		.uleb128 0xe
 1251 0117 3A       		.uleb128 0x3a
 1252 0118 0B       		.uleb128 0xb
 1253 0119 3B       		.uleb128 0x3b
 1254 011a 0B       		.uleb128 0xb
 1255 011b 27       		.uleb128 0x27
 1256 011c 19       		.uleb128 0x19
 1257 011d 49       		.uleb128 0x49
 1258 011e 13       		.uleb128 0x13
 1259 011f 8701     		.uleb128 0x87
 1260 0121 19       		.uleb128 0x19
 1261 0122 11       		.uleb128 0x11
 1262 0123 01       		.uleb128 0x1
 1263 0124 12       		.uleb128 0x12
 1264 0125 06       		.uleb128 0x6
 1265 0126 40       		.uleb128 0x40
 1266 0127 18       		.uleb128 0x18
 1267 0128 9742     		.uleb128 0x2117
 1268 012a 19       		.uleb128 0x19
 1269 012b 01       		.uleb128 0x1
 1270 012c 13       		.uleb128 0x13
 1271 012d 00       		.byte	0
 1272 012e 00       		.byte	0
 1273 012f 13       		.uleb128 0x13
 1274 0130 0B       		.uleb128 0xb
 1275 0131 01       		.byte	0x1
 1276 0132 11       		.uleb128 0x11
 1277 0133 01       		.uleb128 0x1
 1278 0134 12       		.uleb128 0x12
 1279 0135 06       		.uleb128 0x6
 1280 0136 01       		.uleb128 0x1
 1281 0137 13       		.uleb128 0x13
 1282 0138 00       		.byte	0
 1283 0139 00       		.byte	0
 1284 013a 14       		.uleb128 0x14
 1285 013b 01       		.uleb128 0x1
 1286 013c 01       		.byte	0x1
 1287 013d 49       		.uleb128 0x49
 1288 013e 13       		.uleb128 0x13
ARM GAS  C:\Users\xliu430\AppData\Local\Temp\ccbArNLI.s 			page 26


 1289 013f 01       		.uleb128 0x1
 1290 0140 13       		.uleb128 0x13
 1291 0141 00       		.byte	0
 1292 0142 00       		.byte	0
 1293 0143 15       		.uleb128 0x15
 1294 0144 21       		.uleb128 0x21
 1295 0145 00       		.byte	0
 1296 0146 49       		.uleb128 0x49
 1297 0147 13       		.uleb128 0x13
 1298 0148 2F       		.uleb128 0x2f
 1299 0149 0B       		.uleb128 0xb
 1300 014a 00       		.byte	0
 1301 014b 00       		.byte	0
 1302 014c 16       		.uleb128 0x16
 1303 014d 34       		.uleb128 0x34
 1304 014e 00       		.byte	0
 1305 014f 03       		.uleb128 0x3
 1306 0150 0E       		.uleb128 0xe
 1307 0151 3A       		.uleb128 0x3a
 1308 0152 0B       		.uleb128 0xb
 1309 0153 3B       		.uleb128 0x3b
 1310 0154 05       		.uleb128 0x5
 1311 0155 49       		.uleb128 0x49
 1312 0156 13       		.uleb128 0x13
 1313 0157 3F       		.uleb128 0x3f
 1314 0158 19       		.uleb128 0x19
 1315 0159 3C       		.uleb128 0x3c
 1316 015a 19       		.uleb128 0x19
 1317 015b 00       		.byte	0
 1318 015c 00       		.byte	0
 1319 015d 17       		.uleb128 0x17
 1320 015e 35       		.uleb128 0x35
 1321 015f 00       		.byte	0
 1322 0160 49       		.uleb128 0x49
 1323 0161 13       		.uleb128 0x13
 1324 0162 00       		.byte	0
 1325 0163 00       		.byte	0
 1326 0164 18       		.uleb128 0x18
 1327 0165 34       		.uleb128 0x34
 1328 0166 00       		.byte	0
 1329 0167 03       		.uleb128 0x3
 1330 0168 0E       		.uleb128 0xe
 1331 0169 3A       		.uleb128 0x3a
 1332 016a 0B       		.uleb128 0xb
 1333 016b 3B       		.uleb128 0x3b
 1334 016c 0B       		.uleb128 0xb
 1335 016d 49       		.uleb128 0x49
 1336 016e 13       		.uleb128 0x13
 1337 016f 3F       		.uleb128 0x3f
 1338 0170 19       		.uleb128 0x19
 1339 0171 02       		.uleb128 0x2
 1340 0172 18       		.uleb128 0x18
 1341 0173 00       		.byte	0
 1342 0174 00       		.byte	0
 1343 0175 19       		.uleb128 0x19
 1344 0176 2E       		.uleb128 0x2e
 1345 0177 00       		.byte	0
ARM GAS  C:\Users\xliu430\AppData\Local\Temp\ccbArNLI.s 			page 27


 1346 0178 3F       		.uleb128 0x3f
 1347 0179 19       		.uleb128 0x19
 1348 017a 3C       		.uleb128 0x3c
 1349 017b 19       		.uleb128 0x19
 1350 017c 6E       		.uleb128 0x6e
 1351 017d 0E       		.uleb128 0xe
 1352 017e 03       		.uleb128 0x3
 1353 017f 0E       		.uleb128 0xe
 1354 0180 3A       		.uleb128 0x3a
 1355 0181 0B       		.uleb128 0xb
 1356 0182 3B       		.uleb128 0x3b
 1357 0183 0B       		.uleb128 0xb
 1358 0184 00       		.byte	0
 1359 0185 00       		.byte	0
 1360 0186 1A       		.uleb128 0x1a
 1361 0187 2E       		.uleb128 0x2e
 1362 0188 00       		.byte	0
 1363 0189 3F       		.uleb128 0x3f
 1364 018a 19       		.uleb128 0x19
 1365 018b 3C       		.uleb128 0x3c
 1366 018c 19       		.uleb128 0x19
 1367 018d 6E       		.uleb128 0x6e
 1368 018e 0E       		.uleb128 0xe
 1369 018f 03       		.uleb128 0x3
 1370 0190 0E       		.uleb128 0xe
 1371 0191 3A       		.uleb128 0x3a
 1372 0192 0B       		.uleb128 0xb
 1373 0193 3B       		.uleb128 0x3b
 1374 0194 05       		.uleb128 0x5
 1375 0195 00       		.byte	0
 1376 0196 00       		.byte	0
 1377 0197 00       		.byte	0
 1378              		.section	.debug_loc,"",%progbits
 1379              	.Ldebug_loc0:
 1380              	.LLST0:
 1381 0000 00000000 		.4byte	.LVL0
 1382 0004 05000000 		.4byte	.LVL1-1
 1383 0008 0100     		.2byte	0x1
 1384 000a 50       		.byte	0x50
 1385 000b 05000000 		.4byte	.LVL1-1
 1386 000f 38000000 		.4byte	.LFE64
 1387 0013 0400     		.2byte	0x4
 1388 0015 F3       		.byte	0xf3
 1389 0016 01       		.uleb128 0x1
 1390 0017 50       		.byte	0x50
 1391 0018 9F       		.byte	0x9f
 1392 0019 00000000 		.4byte	0
 1393 001d 00000000 		.4byte	0
 1394              	.LLST1:
 1395 0021 00000000 		.4byte	.LVL18
 1396 0025 04000000 		.4byte	.LVL19
 1397 0029 0100     		.2byte	0x1
 1398 002b 50       		.byte	0x50
 1399 002c 04000000 		.4byte	.LVL19
 1400 0030 28000000 		.4byte	.LFE67
 1401 0034 0100     		.2byte	0x1
 1402 0036 54       		.byte	0x54
ARM GAS  C:\Users\xliu430\AppData\Local\Temp\ccbArNLI.s 			page 28


 1403 0037 00000000 		.4byte	0
 1404 003b 00000000 		.4byte	0
 1405              		.section	.debug_aranges,"",%progbits
 1406 0000 3C000000 		.4byte	0x3c
 1407 0004 0200     		.2byte	0x2
 1408 0006 00000000 		.4byte	.Ldebug_info0
 1409 000a 04       		.byte	0x4
 1410 000b 00       		.byte	0
 1411 000c 0000     		.2byte	0
 1412 000e 0000     		.2byte	0
 1413 0010 00000000 		.4byte	.LFB64
 1414 0014 38000000 		.4byte	.LFE64-.LFB64
 1415 0018 00000000 		.4byte	.LFB65
 1416 001c 1C000000 		.4byte	.LFE65-.LFB65
 1417 0020 00000000 		.4byte	.LFB66
 1418 0024 74000000 		.4byte	.LFE66-.LFB66
 1419 0028 00000000 		.4byte	.LFB67
 1420 002c 28000000 		.4byte	.LFE67-.LFB67
 1421 0030 00000000 		.4byte	.LFB68
 1422 0034 88000000 		.4byte	.LFE68-.LFB68
 1423 0038 00000000 		.4byte	0
 1424 003c 00000000 		.4byte	0
 1425              		.section	.debug_ranges,"",%progbits
 1426              	.Ldebug_ranges0:
 1427 0000 00000000 		.4byte	.LFB64
 1428 0004 38000000 		.4byte	.LFE64
 1429 0008 00000000 		.4byte	.LFB65
 1430 000c 1C000000 		.4byte	.LFE65
 1431 0010 00000000 		.4byte	.LFB66
 1432 0014 74000000 		.4byte	.LFE66
 1433 0018 00000000 		.4byte	.LFB67
 1434 001c 28000000 		.4byte	.LFE67
 1435 0020 00000000 		.4byte	.LFB68
 1436 0024 88000000 		.4byte	.LFE68
 1437 0028 00000000 		.4byte	0
 1438 002c 00000000 		.4byte	0
 1439              		.section	.debug_line,"",%progbits
 1440              	.Ldebug_line0:
 1441 0000 CC020000 		.section	.debug_str,"MS",%progbits,1
 1441      02004B02 
 1441      00000201 
 1441      FB0E0D00 
 1441      01010101 
 1442              	.LASF6:
 1443 0000 6C6F6E67 		.ascii	"long long int\000"
 1443      206C6F6E 
 1443      6720696E 
 1443      7400
 1444              	.LASF0:
 1445 000e 7369676E 		.ascii	"signed char\000"
 1445      65642063 
 1445      68617200 
 1446              	.LASF28:
 1447 001a 72657375 		.ascii	"result1\000"
 1447      6C743100 
 1448              	.LASF43:
 1449 0022 54696D65 		.ascii	"Timer_1_Start\000"
ARM GAS  C:\Users\xliu430\AppData\Local\Temp\ccbArNLI.s 			page 29


 1449      725F315F 
 1449      53746172 
 1449      7400
 1450              	.LASF23:
 1451 0030 636F756E 		.ascii	"count1\000"
 1451      743100
 1452              	.LASF24:
 1453 0037 636F756E 		.ascii	"count2\000"
 1453      743200
 1454              	.LASF9:
 1455 003e 5F5F696E 		.ascii	"__int32_t\000"
 1455      7433325F 
 1455      7400
 1456              	.LASF18:
 1457 0048 75736250 		.ascii	"usbPutString\000"
 1457      75745374 
 1457      72696E67 
 1457      00
 1458              	.LASF8:
 1459 0055 756E7369 		.ascii	"unsigned int\000"
 1459      676E6564 
 1459      20696E74 
 1459      00
 1460              	.LASF52:
 1461 0062 67657444 		.ascii	"getDistance\000"
 1461      69737461 
 1461      6E636500 
 1462              	.LASF31:
 1463 006e 50574D5F 		.ascii	"PWM_leftmotor_WriteCompare1\000"
 1463      6C656674 
 1463      6D6F746F 
 1463      725F5772 
 1463      69746543 
 1464              	.LASF30:
 1465 008a 64697374 		.ascii	"distance\000"
 1465      616E6365 
 1465      00
 1466              	.LASF13:
 1467 0093 666C6F61 		.ascii	"float\000"
 1467      7400
 1468              	.LASF41:
 1469 0099 6973725F 		.ascii	"isr_TC_StartEx\000"
 1469      54435F53 
 1469      74617274 
 1469      457800
 1470              	.LASF44:
 1471 00a8 51756164 		.ascii	"QuadDec_1_Start\000"
 1471      4465635F 
 1471      315F5374 
 1471      61727400 
 1472              	.LASF1:
 1473 00b8 756E7369 		.ascii	"unsigned char\000"
 1473      676E6564 
 1473      20636861 
 1473      7200
 1474              	.LASF49:
 1475 00c6 474E5520 		.ascii	"GNU C11 5.4.1 20160609 (release) [ARM/embedded-5-br"
ARM GAS  C:\Users\xliu430\AppData\Local\Temp\ccbArNLI.s 			page 30


 1475      43313120 
 1475      352E342E 
 1475      31203230 
 1475      31363036 
 1476 00f9 616E6368 		.ascii	"anch revision 237715] -mcpu=cortex-m3 -mthumb -g -O"
 1476      20726576 
 1476      6973696F 
 1476      6E203233 
 1476      37373135 
 1477 012c 67202D66 		.ascii	"g -ffunction-sections -ffat-lto-objects\000"
 1477      66756E63 
 1477      74696F6E 
 1477      2D736563 
 1477      74696F6E 
 1478              	.LASF32:
 1479 0154 50574D5F 		.ascii	"PWM_leftmotor_WriteCompare2\000"
 1479      6C656674 
 1479      6D6F746F 
 1479      725F5772 
 1479      69746543 
 1480              	.LASF12:
 1481 0170 696E7431 		.ascii	"int16\000"
 1481      3600
 1482              	.LASF5:
 1483 0176 6C6F6E67 		.ascii	"long unsigned int\000"
 1483      20756E73 
 1483      69676E65 
 1483      6420696E 
 1483      7400
 1484              	.LASF3:
 1485 0188 73686F72 		.ascii	"short unsigned int\000"
 1485      7420756E 
 1485      7369676E 
 1485      65642069 
 1485      6E7400
 1486              	.LASF22:
 1487 019b 49544D5F 		.ascii	"ITM_RxBuffer\000"
 1487      52784275 
 1487      66666572 
 1487      00
 1488              	.LASF51:
 1489 01a8 5C5C6669 		.ascii	"\\\\files.auckland.ac.nz\\myhome\\Documents\\GitHub"
 1489      6C65732E 
 1489      6175636B 
 1489      6C616E64 
 1489      2E61632E 
 1490 01d6 5C70726F 		.ascii	"\\project-project_group_15\\Workspacemotor1\\Hardwa"
 1490      6A656374 
 1490      2D70726F 
 1490      6A656374 
 1490      5F67726F 
 1491 0206 7265322E 		.ascii	"re2.cydsn\000"
 1491      63796473 
 1491      6E00
 1492              	.LASF14:
 1493 0210 646F7562 		.ascii	"double\000"
 1493      6C6500
ARM GAS  C:\Users\xliu430\AppData\Local\Temp\ccbArNLI.s 			page 31


 1494              	.LASF39:
 1495 0217 55534255 		.ascii	"USBUART_1_PutData\000"
 1495      4152545F 
 1495      315F5075 
 1495      74446174 
 1495      6100
 1496              	.LASF54:
 1497 0229 6D61696E 		.ascii	"main\000"
 1497      00
 1498              	.LASF26:
 1499 022e 636F756E 		.ascii	"countsPerSec\000"
 1499      74735065 
 1499      72536563 
 1499      00
 1500              	.LASF29:
 1501 023b 666C6167 		.ascii	"flag\000"
 1501      00
 1502              	.LASF38:
 1503 0240 7374726C 		.ascii	"strlen\000"
 1503      656E00
 1504              	.LASF21:
 1505 0247 73656E64 		.ascii	"send\000"
 1505      00
 1506              	.LASF7:
 1507 024c 6C6F6E67 		.ascii	"long long unsigned int\000"
 1507      206C6F6E 
 1507      6720756E 
 1507      7369676E 
 1507      65642069 
 1508              	.LASF20:
 1509 0263 72657375 		.ascii	"result\000"
 1509      6C7400
 1510              	.LASF36:
 1511 026a 51756164 		.ascii	"QuadDec_2_GetCounter\000"
 1511      4465635F 
 1511      325F4765 
 1511      74436F75 
 1511      6E746572 
 1512              	.LASF53:
 1513 027f 73746F70 		.ascii	"stopTheMotor\000"
 1513      5468654D 
 1513      6F746F72 
 1513      00
 1514              	.LASF10:
 1515 028c 696E7433 		.ascii	"int32_t\000"
 1515      325F7400 
 1516              	.LASF17:
 1517 0294 73697A65 		.ascii	"sizetype\000"
 1517      74797065 
 1517      00
 1518              	.LASF33:
 1519 029d 50574D5F 		.ascii	"PWM_rightmotor_WriteCompare1\000"
 1519      72696768 
 1519      746D6F74 
 1519      6F725F57 
 1519      72697465 
 1520              	.LASF34:
ARM GAS  C:\Users\xliu430\AppData\Local\Temp\ccbArNLI.s 			page 32


 1521 02ba 50574D5F 		.ascii	"PWM_rightmotor_WriteCompare2\000"
 1521      72696768 
 1521      746D6F74 
 1521      6F725F57 
 1521      72697465 
 1522              	.LASF50:
 1523 02d7 6D61696E 		.ascii	"main.c\000"
 1523      2E6300
 1524              	.LASF15:
 1525 02de 63686172 		.ascii	"char\000"
 1525      00
 1526              	.LASF19:
 1527 02e3 636F756E 		.ascii	"count\000"
 1527      7400
 1528              	.LASF25:
 1529 02e9 73706565 		.ascii	"speedresult\000"
 1529      64726573 
 1529      756C7400 
 1530              	.LASF2:
 1531 02f5 73686F72 		.ascii	"short int\000"
 1531      7420696E 
 1531      7400
 1532              	.LASF11:
 1533 02ff 75696E74 		.ascii	"uint8\000"
 1533      3800
 1534              	.LASF48:
 1535 0305 50574D5F 		.ascii	"PWM_rightmotor_Start\000"
 1535      72696768 
 1535      746D6F74 
 1535      6F725F53 
 1535      74617274 
 1536              	.LASF35:
 1537 031a 54696D65 		.ascii	"Timer_1_ReadStatusRegister\000"
 1537      725F315F 
 1537      52656164 
 1537      53746174 
 1537      75735265 
 1538              	.LASF42:
 1539 0335 55534255 		.ascii	"USBUART_1_Start\000"
 1539      4152545F 
 1539      315F5374 
 1539      61727400 
 1540              	.LASF37:
 1541 0345 55534255 		.ascii	"USBUART_1_CDCIsReady\000"
 1541      4152545F 
 1541      315F4344 
 1541      43497352 
 1541      65616479 
 1542              	.LASF4:
 1543 035a 6C6F6E67 		.ascii	"long int\000"
 1543      20696E74 
 1543      00
 1544              	.LASF16:
 1545 0363 6C6F6E67 		.ascii	"long double\000"
 1545      20646F75 
 1545      626C6500 
 1546              	.LASF47:
ARM GAS  C:\Users\xliu430\AppData\Local\Temp\ccbArNLI.s 			page 33


 1547 036f 50574D5F 		.ascii	"PWM_leftmotor_Start\000"
 1547      6C656674 
 1547      6D6F746F 
 1547      725F5374 
 1547      61727400 
 1548              	.LASF27:
 1549 0383 63757272 		.ascii	"currrentDistance\000"
 1549      72656E74 
 1549      44697374 
 1549      616E6365 
 1549      00
 1550              	.LASF40:
 1551 0394 73707269 		.ascii	"sprintf\000"
 1551      6E746600 
 1552              	.LASF46:
 1553 039c 51756164 		.ascii	"QuadDec_2_SetCounter\000"
 1553      4465635F 
 1553      325F5365 
 1553      74436F75 
 1553      6E746572 
 1554              	.LASF45:
 1555 03b1 51756164 		.ascii	"QuadDec_2_Start\000"
 1555      4465635F 
 1555      325F5374 
 1555      61727400 
 1556              		.ident	"GCC: (GNU Tools for ARM Embedded Processors) 5.4.1 20160609 (release) [ARM/embedded-5-bran
