ARM GAS  C:\Users\xliu430\AppData\Local\Temp\ccU5WKEg.s 			page 1


   1              		.syntax unified
   2              		.cpu cortex-m3
   3              		.fpu softvfp
   4              		.eabi_attribute 20, 1
   5              		.eabi_attribute 21, 1
   6              		.eabi_attribute 23, 3
   7              		.eabi_attribute 24, 1
   8              		.eabi_attribute 25, 1
   9              		.eabi_attribute 26, 1
  10              		.eabi_attribute 30, 1
  11              		.eabi_attribute 34, 1
  12              		.eabi_attribute 18, 4
  13              		.thumb
  14              		.syntax unified
  15              		.file	"main.c"
  16              		.text
  17              	.Ltext0:
  18              		.cfi_sections	.debug_frame
  19              		.section	.text.eoc2,"ax",%progbits
  20              		.align	2
  21              		.global	eoc2
  22              		.thumb
  23              		.thumb_func
  24              		.type	eoc2, %function
  25              	eoc2:
  26              	.LFB64:
  27              		.file 1 "main.c"
   1:main.c        **** /* ========================================
   2:main.c        ****  *
   3:main.c        ****  * Copyright YOUR COMPANY, THE YEAR
   4:main.c        ****  * All Rights Reserved
   5:main.c        ****  * UNPUBLISHED, LICENSED SOFTWARE.
   6:main.c        ****  *
   7:main.c        ****  * CONFIDENTIAL AND PROPRIETARY INFORMATION
   8:main.c        ****  * WHICH IS THE PROPERTY OF your company.
   9:main.c        ****  *
  10:main.c        ****  * ========================================
  11:main.c        **** */
  12:main.c        **** #include "project.h"
  13:main.c        **** #include <stdio.h>
  14:main.c        **** #include <project.h>
  15:main.c        **** #include <string.h>
  16:main.c        ****  int flag=0;
  17:main.c        **** int flag2=0;
  18:main.c        **** int count =0;
  19:main.c        **** int count2 =0;
  20:main.c        **** int array[100] ={0};
  21:main.c        **** int array2[100] ={0};
  22:main.c        **** /*
  23:main.c        **** CY_ISR(tc_sample){
  24:main.c        **** LED_Write(~LED_Read());
  25:main.c        **** 
  26:main.c        **** ADC_SAR_1_StartConvert();
  27:main.c        **** 
  28:main.c        **** isr_TC_ClearPending();
  29:main.c        **** Timer_1_ReadStatusRegister();
  30:main.c        **** }
ARM GAS  C:\Users\xliu430\AppData\Local\Temp\ccU5WKEg.s 			page 2


  31:main.c        **** */
  32:main.c        **** 
  33:main.c        **** CY_ISR(eoc2){
  28              		.loc 1 33 0
  29              		.cfi_startproc
  30              		@ args = 0, pretend = 0, frame = 0
  31              		@ frame_needed = 0, uses_anonymous_args = 0
  32 0000 08B5     		push	{r3, lr}
  33              		.cfi_def_cfa_offset 8
  34              		.cfi_offset 3, -8
  35              		.cfi_offset 14, -4
  34:main.c        **** if(count2 < 99){
  36              		.loc 1 34 0
  37 0002 0B4B     		ldr	r3, .L5
  38 0004 1B68     		ldr	r3, [r3]
  39 0006 622B     		cmp	r3, #98
  40 0008 0BDC     		bgt	.L2
  41              	.LBB2:
  35:main.c        ****         int  val2= ADC_SAR_2_GetResult16();
  42              		.loc 1 35 0
  43 000a FFF7FEFF 		bl	ADC_SAR_2_GetResult16
  44              	.LVL0:
  36:main.c        ****         int mVolts2 = ADC_SAR_2_CountsTo_mVolts(val2);
  45              		.loc 1 36 0
  46 000e FFF7FEFF 		bl	ADC_SAR_2_CountsTo_mVolts
  47              	.LVL1:
  37:main.c        ****         array2[count2] = mVolts2;
  48              		.loc 1 37 0
  49 0012 074A     		ldr	r2, .L5
  50 0014 1368     		ldr	r3, [r2]
  51 0016 02EB8301 		add	r1, r2, r3, lsl #2
  52 001a 4860     		str	r0, [r1, #4]
  38:main.c        ****         count2++;
  53              		.loc 1 38 0
  54 001c 0133     		adds	r3, r3, #1
  55 001e 1360     		str	r3, [r2]
  56              	.LBE2:
  57 0020 08BD     		pop	{r3, pc}
  58              	.LVL2:
  59              	.L2:
  39:main.c        ****         }
  40:main.c        ****     else{
  41:main.c        ****         Timer_2_Stop();
  60              		.loc 1 41 0
  61 0022 FFF7FEFF 		bl	Timer_2_Stop
  62              	.LVL3:
  42:main.c        ****         flag2 = 1;
  63              		.loc 1 42 0
  64 0026 0122     		movs	r2, #1
  65 0028 014B     		ldr	r3, .L5
  66 002a C3F89421 		str	r2, [r3, #404]
  67 002e 08BD     		pop	{r3, pc}
  68              	.L6:
  69              		.align	2
  70              	.L5:
  71 0030 00000000 		.word	.LANCHOR0
  72              		.cfi_endproc
ARM GAS  C:\Users\xliu430\AppData\Local\Temp\ccU5WKEg.s 			page 3


  73              	.LFE64:
  74              		.size	eoc2, .-eoc2
  75              		.section	.text.eoc,"ax",%progbits
  76              		.align	2
  77              		.global	eoc
  78              		.thumb
  79              		.thumb_func
  80              		.type	eoc, %function
  81              	eoc:
  82              	.LFB65:
  43:main.c        ****     }
  44:main.c        **** }
  45:main.c        **** 
  46:main.c        **** 
  47:main.c        **** CY_ISR(eoc){
  83              		.loc 1 47 0
  84              		.cfi_startproc
  85              		@ args = 0, pretend = 0, frame = 0
  86              		@ frame_needed = 0, uses_anonymous_args = 0
  87 0000 08B5     		push	{r3, lr}
  88              		.cfi_def_cfa_offset 8
  89              		.cfi_offset 3, -8
  90              		.cfi_offset 14, -4
  48:main.c        ****     if(count < 99){
  91              		.loc 1 48 0
  92 0002 0D4B     		ldr	r3, .L11
  93 0004 D3F89831 		ldr	r3, [r3, #408]
  94 0008 622B     		cmp	r3, #98
  95 000a 0EDC     		bgt	.L8
  96              	.LBB3:
  49:main.c        ****         int  val= ADC_SAR_1_GetResult16();
  97              		.loc 1 49 0
  98 000c FFF7FEFF 		bl	ADC_SAR_1_GetResult16
  99              	.LVL4:
  50:main.c        ****         int mVolts = ADC_SAR_1_CountsTo_mVolts(val);
 100              		.loc 1 50 0
 101 0010 FFF7FEFF 		bl	ADC_SAR_1_CountsTo_mVolts
 102              	.LVL5:
  51:main.c        ****         array[count] = mVolts;
 103              		.loc 1 51 0
 104 0014 084A     		ldr	r2, .L11
 105 0016 D2F89831 		ldr	r3, [r2, #408]
 106 001a 02EB8301 		add	r1, r2, r3, lsl #2
 107 001e C1F89C01 		str	r0, [r1, #412]
  52:main.c        ****         count++;
 108              		.loc 1 52 0
 109 0022 0133     		adds	r3, r3, #1
 110 0024 C2F89831 		str	r3, [r2, #408]
 111              	.LBE3:
 112 0028 08BD     		pop	{r3, pc}
 113              	.LVL6:
 114              	.L8:
  53:main.c        ****         }
  54:main.c        ****     else{
  55:main.c        ****         Timer_1_Stop();
 115              		.loc 1 55 0
 116 002a FFF7FEFF 		bl	Timer_1_Stop
ARM GAS  C:\Users\xliu430\AppData\Local\Temp\ccU5WKEg.s 			page 4


 117              	.LVL7:
  56:main.c        ****         flag = 1;
 118              		.loc 1 56 0
 119 002e 0122     		movs	r2, #1
 120 0030 014B     		ldr	r3, .L11
 121 0032 C3F82C23 		str	r2, [r3, #812]
 122 0036 08BD     		pop	{r3, pc}
 123              	.L12:
 124              		.align	2
 125              	.L11:
 126 0038 00000000 		.word	.LANCHOR0
 127              		.cfi_endproc
 128              	.LFE65:
 129              		.size	eoc, .-eoc
 130              		.section	.text.usbPutString,"ax",%progbits
 131              		.align	2
 132              		.global	usbPutString
 133              		.thumb
 134              		.thumb_func
 135              		.type	usbPutString, %function
 136              	usbPutString:
 137              	.LFB66:
  57:main.c        ****     }
  58:main.c        **** }
  59:main.c        **** 
  60:main.c        **** void usbPutString(char *s)
  61:main.c        **** {
 138              		.loc 1 61 0
 139              		.cfi_startproc
 140              		@ args = 0, pretend = 0, frame = 0
 141              		@ frame_needed = 0, uses_anonymous_args = 0
 142              	.LVL8:
 143 0000 10B5     		push	{r4, lr}
 144              		.cfi_def_cfa_offset 8
 145              		.cfi_offset 4, -8
 146              		.cfi_offset 14, -4
 147 0002 0446     		mov	r4, r0
 148              	.LVL9:
 149              	.L14:
  62:main.c        **** // !! Assumes that *s is a string with allocated space >=64 chars     
  63:main.c        **** //  Since USB implementation retricts data packets to 64 chars, this function truncates the
  64:main.c        **** //  length to 62 char (63rd char is a '!')
  65:main.c        ****     
  66:main.c        ****     while (USBUART_1_CDCIsReady() == 0);
 150              		.loc 1 66 0 discriminator 1
 151 0004 FFF7FEFF 		bl	USBUART_1_CDCIsReady
 152              	.LVL10:
 153 0008 0028     		cmp	r0, #0
 154 000a FBD0     		beq	.L14
  67:main.c        ****     s[63]='\0';
 155              		.loc 1 67 0
 156 000c 0023     		movs	r3, #0
 157 000e 84F83F30 		strb	r3, [r4, #63]
  68:main.c        ****     s[62]='!';
 158              		.loc 1 68 0
 159 0012 2123     		movs	r3, #33
 160 0014 84F83E30 		strb	r3, [r4, #62]
ARM GAS  C:\Users\xliu430\AppData\Local\Temp\ccU5WKEg.s 			page 5


  69:main.c        ****     USBUART_1_PutData((uint8*)s,strlen(s));
 161              		.loc 1 69 0
 162 0018 2046     		mov	r0, r4
 163 001a FFF7FEFF 		bl	strlen
 164              	.LVL11:
 165 001e 81B2     		uxth	r1, r0
 166 0020 2046     		mov	r0, r4
 167 0022 FFF7FEFF 		bl	USBUART_1_PutData
 168              	.LVL12:
 169 0026 10BD     		pop	{r4, pc}
 170              		.cfi_endproc
 171              	.LFE66:
 172              		.size	usbPutString, .-usbPutString
 173              		.section	.text.findMaximum,"ax",%progbits
 174              		.align	2
 175              		.global	findMaximum
 176              		.thumb
 177              		.thumb_func
 178              		.type	findMaximum, %function
 179              	findMaximum:
 180              	.LFB67:
  70:main.c        **** }
  71:main.c        **** 
  72:main.c        **** int findMaximum(int array[100]){
 181              		.loc 1 72 0
 182              		.cfi_startproc
 183              		@ args = 0, pretend = 0, frame = 0
 184              		@ frame_needed = 0, uses_anonymous_args = 0
 185              		@ link register save eliminated.
 186              	.LVL13:
 187              	.LBB4:
  73:main.c        **** int maximum = 0;
  74:main.c        ****     for(int i = 0; i < 100; i ++){
 188              		.loc 1 74 0
 189 0000 0023     		movs	r3, #0
 190              	.LBE4:
  73:main.c        **** int maximum = 0;
 191              		.loc 1 73 0
 192 0002 1946     		mov	r1, r3
 193              	.LBB5:
 194              		.loc 1 74 0
 195 0004 05E0     		b	.L17
 196              	.LVL14:
 197              	.L19:
  75:main.c        ****         if (array[i]> maximum){
 198              		.loc 1 75 0
 199 0006 50F82320 		ldr	r2, [r0, r3, lsl #2]
 200 000a 9142     		cmp	r1, r2
 201 000c 00DA     		bge	.L18
  76:main.c        ****          maximum = array[i];
 202              		.loc 1 76 0
 203 000e 1146     		mov	r1, r2
 204              	.LVL15:
 205              	.L18:
  74:main.c        ****         if (array[i]> maximum){
 206              		.loc 1 74 0 discriminator 2
 207 0010 0133     		adds	r3, r3, #1
ARM GAS  C:\Users\xliu430\AppData\Local\Temp\ccU5WKEg.s 			page 6


 208              	.LVL16:
 209              	.L17:
  74:main.c        ****         if (array[i]> maximum){
 210              		.loc 1 74 0 is_stmt 0 discriminator 1
 211 0012 632B     		cmp	r3, #99
 212 0014 F7DD     		ble	.L19
 213              	.LBE5:
  77:main.c        ****         }  
  78:main.c        ****     }
  79:main.c        ****     return maximum;
  80:main.c        **** }
 214              		.loc 1 80 0 is_stmt 1
 215 0016 0846     		mov	r0, r1
 216              	.LVL17:
 217 0018 7047     		bx	lr
 218              		.cfi_endproc
 219              	.LFE67:
 220              		.size	findMaximum, .-findMaximum
 221 001a 00BF     		.section	.text.findMinimum,"ax",%progbits
 222              		.align	2
 223              		.global	findMinimum
 224              		.thumb
 225              		.thumb_func
 226              		.type	findMinimum, %function
 227              	findMinimum:
 228              	.LFB68:
  81:main.c        **** 
  82:main.c        **** int findMinimum(int array[100]){
 229              		.loc 1 82 0
 230              		.cfi_startproc
 231              		@ args = 0, pretend = 0, frame = 0
 232              		@ frame_needed = 0, uses_anonymous_args = 0
 233              		@ link register save eliminated.
 234              	.LVL18:
 235              	.LBB6:
  83:main.c        **** int minimum = 10000;
  84:main.c        ****     for(int i = 0; i < 100; i ++){
 236              		.loc 1 84 0
 237 0000 0023     		movs	r3, #0
 238              	.LBE6:
  83:main.c        **** int minimum = 10000;
 239              		.loc 1 83 0
 240 0002 42F21071 		movw	r1, #10000
 241              	.LBB7:
 242              		.loc 1 84 0
 243 0006 05E0     		b	.L22
 244              	.LVL19:
 245              	.L24:
  85:main.c        ****         if (array[i] < minimum){
 246              		.loc 1 85 0
 247 0008 50F82320 		ldr	r2, [r0, r3, lsl #2]
 248 000c 9142     		cmp	r1, r2
 249 000e 00DD     		ble	.L23
  86:main.c        ****          minimum = array[i];
 250              		.loc 1 86 0
 251 0010 1146     		mov	r1, r2
 252              	.LVL20:
ARM GAS  C:\Users\xliu430\AppData\Local\Temp\ccU5WKEg.s 			page 7


 253              	.L23:
  84:main.c        ****         if (array[i] < minimum){
 254              		.loc 1 84 0 discriminator 2
 255 0012 0133     		adds	r3, r3, #1
 256              	.LVL21:
 257              	.L22:
  84:main.c        ****         if (array[i] < minimum){
 258              		.loc 1 84 0 is_stmt 0 discriminator 1
 259 0014 632B     		cmp	r3, #99
 260 0016 F7DD     		ble	.L24
 261              	.LBE7:
  87:main.c        ****         }  
  88:main.c        ****     }
  89:main.c        ****     return minimum;
  90:main.c        **** }
 262              		.loc 1 90 0 is_stmt 1
 263 0018 0846     		mov	r0, r1
 264              	.LVL22:
 265 001a 7047     		bx	lr
 266              		.cfi_endproc
 267              	.LFE68:
 268              		.size	findMinimum, .-findMinimum
 269              		.section	.text.main,"ax",%progbits
 270              		.align	2
 271              		.global	main
 272              		.thumb
 273              		.thumb_func
 274              		.type	main, %function
 275              	main:
 276              	.LFB69:
  91:main.c        **** 
  92:main.c        **** 
  93:main.c        **** int main(void)
  94:main.c        **** 
  95:main.c        **** {   //isr_TC_StartEx(tc_sample);
 277              		.loc 1 95 0
 278              		.cfi_startproc
 279              		@ args = 0, pretend = 0, frame = 0
 280              		@ frame_needed = 0, uses_anonymous_args = 0
 281 0000 38B5     		push	{r3, r4, r5, lr}
 282              		.cfi_def_cfa_offset 16
 283              		.cfi_offset 3, -16
 284              		.cfi_offset 4, -12
 285              		.cfi_offset 5, -8
 286              		.cfi_offset 14, -4
  96:main.c        ****     isr_EOC_StartEx(eoc);
 287              		.loc 1 96 0
 288 0002 3048     		ldr	r0, .L35
 289 0004 FFF7FEFF 		bl	isr_EOC_StartEx
 290              	.LVL23:
  97:main.c        ****     isr_EOC2_StartEx(eoc2);
 291              		.loc 1 97 0
 292 0008 2F48     		ldr	r0, .L35+4
 293 000a FFF7FEFF 		bl	isr_EOC2_StartEx
 294              	.LVL24:
  98:main.c        **** 
  99:main.c        **** 
ARM GAS  C:\Users\xliu430\AppData\Local\Temp\ccU5WKEg.s 			page 8


 100:main.c        ****     CyGlobalIntEnable; /* Enable global interrupts. */
 295              		.loc 1 100 0
 296              		.syntax unified
 297              	@ 100 "main.c" 1
 298 000e 62B6     		CPSIE   i
 299              	@ 0 "" 2
 101:main.c        ****     
 102:main.c        ****     //USBUART_1_Start(0,USBUART_1_5V_OPERATION);
 103:main.c        ****     //while(USBUART_1_GetConfiguration() == 0){}
 104:main.c        ****     ADC_SAR_1_Start();
 300              		.loc 1 104 0
 301              		.thumb
 302              		.syntax unified
 303 0010 FFF7FEFF 		bl	ADC_SAR_1_Start
 304              	.LVL25:
 105:main.c        ****     Timer_1_Start();
 305              		.loc 1 105 0
 306 0014 FFF7FEFF 		bl	Timer_1_Start
 307              	.LVL26:
 106:main.c        ****     ADC_SAR_2_Start();
 308              		.loc 1 106 0
 309 0018 FFF7FEFF 		bl	ADC_SAR_2_Start
 310              	.LVL27:
 107:main.c        ****     Timer_2_Start();
 311              		.loc 1 107 0
 312 001c FFF7FEFF 		bl	Timer_2_Start
 313              	.LVL28:
 314              	.L30:
 108:main.c        ****     
 109:main.c        ****     
 110:main.c        ****     /* Place your initialization/startup code here (e.g. MyInst_Start()) */
 111:main.c        ****   
 112:main.c        ****     for(;;)
 113:main.c        ****     {
 114:main.c        ****         
 115:main.c        ****         
 116:main.c        ****         /* Place your application code here. */
 117:main.c        ****         if(flag == 1){
 315              		.loc 1 117 0
 316 0020 2A4B     		ldr	r3, .L35+8
 317 0022 D3F82C33 		ldr	r3, [r3, #812]
 318 0026 012B     		cmp	r3, #1
 319 0028 21D1     		bne	.L27
 320              	.LBB8:
 118:main.c        ****                      
 119:main.c        ****             
 120:main.c        ****              int result=  findMaximum(array) -findMinimum(array);
 321              		.loc 1 120 0
 322 002a 294D     		ldr	r5, .L35+12
 323 002c 2846     		mov	r0, r5
 324 002e FFF7FEFF 		bl	findMaximum
 325              	.LVL29:
 326 0032 0446     		mov	r4, r0
 327 0034 2846     		mov	r0, r5
 328 0036 FFF7FEFF 		bl	findMinimum
 329              	.LVL30:
 330 003a 201A     		subs	r0, r4, r0
ARM GAS  C:\Users\xliu430\AppData\Local\Temp\ccU5WKEg.s 			page 9


 331              	.LVL31:
 121:main.c        ****              //char send[100];
 122:main.c        ****               //sprintf(send,"%d\r\n",result);
 123:main.c        ****              // usbPutString(send);
 124:main.c        ****            
 125:main.c        ****                     if(result < 400){
 332              		.loc 1 125 0
 333 003c B0F5C87F 		cmp	r0, #400
 334 0040 03DA     		bge	.L28
 126:main.c        ****                         LED_Write(1);
 335              		.loc 1 126 0
 336 0042 0120     		movs	r0, #1
 337              	.LVL32:
 338 0044 FFF7FEFF 		bl	LED_Write
 339              	.LVL33:
 340 0048 02E0     		b	.L29
 341              	.LVL34:
 342              	.L28:
 127:main.c        ****                     }
 128:main.c        ****                     else{
 129:main.c        ****                         LED_Write(0);
 343              		.loc 1 129 0
 344 004a 0020     		movs	r0, #0
 345              	.LVL35:
 346 004c FFF7FEFF 		bl	LED_Write
 347              	.LVL36:
 348              	.L29:
 130:main.c        ****                     }
 131:main.c        ****             
 132:main.c        ****                     count = 0;
 349              		.loc 1 132 0
 350 0050 1E4C     		ldr	r4, .L35+8
 351 0052 0025     		movs	r5, #0
 352 0054 C4F89851 		str	r5, [r4, #408]
 133:main.c        ****                     memset(array,0,sizeof(array));
 353              		.loc 1 133 0
 354 0058 4FF4C872 		mov	r2, #400
 355 005c 2946     		mov	r1, r5
 356 005e 04F5CE70 		add	r0, r4, #412
 357 0062 FFF7FEFF 		bl	memset
 358              	.LVL37:
 134:main.c        ****                     flag = 0;
 359              		.loc 1 134 0
 360 0066 C4F82C53 		str	r5, [r4, #812]
 135:main.c        ****                     Timer_1_Start();
 361              		.loc 1 135 0
 362 006a FFF7FEFF 		bl	Timer_1_Start
 363              	.LVL38:
 364              	.L27:
 365              	.LBE8:
 136:main.c        ****     }
 137:main.c        ****         
 138:main.c        ****         
 139:main.c        ****       if(flag2 == 1){
 366              		.loc 1 139 0
 367 006e 174B     		ldr	r3, .L35+8
 368 0070 D3F89431 		ldr	r3, [r3, #404]
ARM GAS  C:\Users\xliu430\AppData\Local\Temp\ccU5WKEg.s 			page 10


 369 0074 012B     		cmp	r3, #1
 370 0076 D3D1     		bne	.L30
 371              	.LBB9:
 140:main.c        ****                      
 141:main.c        ****             
 142:main.c        ****                  int result2=  findMaximum(array2) -findMinimum(array2);
 372              		.loc 1 142 0
 373 0078 164D     		ldr	r5, .L35+16
 374 007a 2846     		mov	r0, r5
 375 007c FFF7FEFF 		bl	findMaximum
 376              	.LVL39:
 377 0080 0446     		mov	r4, r0
 378 0082 2846     		mov	r0, r5
 379 0084 FFF7FEFF 		bl	findMinimum
 380              	.LVL40:
 381 0088 201A     		subs	r0, r4, r0
 382              	.LVL41:
 143:main.c        ****                 // char send[100];
 144:main.c        ****                  //sprintf(send,"%d\r\n",result2);
 145:main.c        ****                  //usbPutString(send);
 146:main.c        ****                
 147:main.c        ****                         if(result2 < 400){
 383              		.loc 1 147 0
 384 008a B0F5C87F 		cmp	r0, #400
 385 008e 03DA     		bge	.L31
 148:main.c        ****                             LED_1_Write(1);
 386              		.loc 1 148 0
 387 0090 0120     		movs	r0, #1
 388              	.LVL42:
 389 0092 FFF7FEFF 		bl	LED_1_Write
 390              	.LVL43:
 391 0096 02E0     		b	.L32
 392              	.LVL44:
 393              	.L31:
 149:main.c        ****                         }
 150:main.c        ****                         else{
 151:main.c        ****                             LED_1_Write(0);
 394              		.loc 1 151 0
 395 0098 0020     		movs	r0, #0
 396              	.LVL45:
 397 009a FFF7FEFF 		bl	LED_1_Write
 398              	.LVL46:
 399              	.L32:
 152:main.c        ****                         }
 153:main.c        ****                 
 154:main.c        ****                         count2 = 0;
 400              		.loc 1 154 0
 401 009e 0B4C     		ldr	r4, .L35+8
 402 00a0 0025     		movs	r5, #0
 403 00a2 2560     		str	r5, [r4]
 155:main.c        ****                         memset(array,0,sizeof(array2));
 404              		.loc 1 155 0
 405 00a4 4FF4C872 		mov	r2, #400
 406 00a8 2946     		mov	r1, r5
 407 00aa 04F5CE70 		add	r0, r4, #412
 408 00ae FFF7FEFF 		bl	memset
 409              	.LVL47:
ARM GAS  C:\Users\xliu430\AppData\Local\Temp\ccU5WKEg.s 			page 11


 156:main.c        ****                         flag2 = 0;
 410              		.loc 1 156 0
 411 00b2 C4F89451 		str	r5, [r4, #404]
 157:main.c        ****                         Timer_2_Start();
 412              		.loc 1 157 0
 413 00b6 FFF7FEFF 		bl	Timer_2_Start
 414              	.LVL48:
 158:main.c        **** 
 159:main.c        **** 
 160:main.c        ****     
 161:main.c        ****             CyDelay(1);      
 415              		.loc 1 161 0
 416 00ba 0120     		movs	r0, #1
 417 00bc FFF7FEFF 		bl	CyDelay
 418              	.LVL49:
 419 00c0 AEE7     		b	.L30
 420              	.L36:
 421 00c2 00BF     		.align	2
 422              	.L35:
 423 00c4 00000000 		.word	eoc
 424 00c8 00000000 		.word	eoc2
 425 00cc 00000000 		.word	.LANCHOR0
 426 00d0 9C010000 		.word	.LANCHOR0+412
 427 00d4 04000000 		.word	.LANCHOR0+4
 428              	.LBE9:
 429              		.cfi_endproc
 430              	.LFE69:
 431              		.size	main, .-main
 432              		.global	array2
 433              		.global	array
 434              		.global	count2
 435              		.global	count
 436              		.global	flag2
 437              		.global	flag
 438              		.bss
 439              		.align	2
 440              		.set	.LANCHOR0,. + 0
 441              		.type	count2, %object
 442              		.size	count2, 4
 443              	count2:
 444 0000 00000000 		.space	4
 445              		.type	array2, %object
 446              		.size	array2, 400
 447              	array2:
 448 0004 00000000 		.space	400
 448      00000000 
 448      00000000 
 448      00000000 
 448      00000000 
 449              		.type	flag2, %object
 450              		.size	flag2, 4
 451              	flag2:
 452 0194 00000000 		.space	4
 453              		.type	count, %object
 454              		.size	count, 4
 455              	count:
 456 0198 00000000 		.space	4
ARM GAS  C:\Users\xliu430\AppData\Local\Temp\ccU5WKEg.s 			page 12


 457              		.type	array, %object
 458              		.size	array, 400
 459              	array:
 460 019c 00000000 		.space	400
 460      00000000 
 460      00000000 
 460      00000000 
 460      00000000 
 461              		.type	flag, %object
 462              		.size	flag, 4
 463              	flag:
 464 032c 00000000 		.space	4
 465              		.text
 466              	.Letext0:
 467              		.file 2 "c:\\program files (x86)\\cypress\\psoc creator\\4.2\\psoc creator\\import\\gnu\\arm\\5.4.
 468              		.file 3 "c:\\program files (x86)\\cypress\\psoc creator\\4.2\\psoc creator\\import\\gnu\\arm\\5.4.
 469              		.file 4 "Generated_Source\\PSoC5/cytypes.h"
 470              		.file 5 "Generated_Source\\PSoC5/core_cm3.h"
 471              		.file 6 "Generated_Source\\PSoC5/ADC_SAR_2.h"
 472              		.file 7 "Generated_Source\\PSoC5/Timer_2.h"
 473              		.file 8 "Generated_Source\\PSoC5/ADC_SAR_1.h"
 474              		.file 9 "Generated_Source\\PSoC5/Timer_1.h"
 475              		.file 10 "Generated_Source\\PSoC5/USBUART_1_cdc.h"
 476              		.file 11 "c:\\program files (x86)\\cypress\\psoc creator\\4.2\\psoc creator\\import\\gnu\\arm\\5.4
 477              		.file 12 "Generated_Source\\PSoC5/LED.h"
 478              		.file 13 "Generated_Source\\PSoC5/LED_1.h"
 479              		.file 14 "Generated_Source\\PSoC5/CyLib.h"
 480              		.file 15 "Generated_Source\\PSoC5/isr_EOC.h"
 481              		.file 16 "Generated_Source\\PSoC5/isr_EOC2.h"
 482              		.section	.debug_info,"",%progbits
 483              	.Ldebug_info0:
 484 0000 56050000 		.4byte	0x556
 485 0004 0400     		.2byte	0x4
 486 0006 00000000 		.4byte	.Ldebug_abbrev0
 487 000a 04       		.byte	0x4
 488 000b 01       		.uleb128 0x1
 489 000c 1A010000 		.4byte	.LASF53
 490 0010 0C       		.byte	0xc
 491 0011 EA020000 		.4byte	.LASF54
 492 0015 3B000000 		.4byte	.LASF55
 493 0019 30000000 		.4byte	.Ldebug_ranges0+0x30
 494 001d 00000000 		.4byte	0
 495 0021 00000000 		.4byte	.Ldebug_line0
 496 0025 02       		.uleb128 0x2
 497 0026 01       		.byte	0x1
 498 0027 06       		.byte	0x6
 499 0028 56030000 		.4byte	.LASF0
 500 002c 02       		.uleb128 0x2
 501 002d 01       		.byte	0x1
 502 002e 08       		.byte	0x8
 503 002f 0C010000 		.4byte	.LASF1
 504 0033 02       		.uleb128 0x2
 505 0034 02       		.byte	0x2
 506 0035 05       		.byte	0x5
 507 0036 22030000 		.4byte	.LASF2
 508 003a 02       		.uleb128 0x2
 509 003b 02       		.byte	0x2
ARM GAS  C:\Users\xliu430\AppData\Local\Temp\ccU5WKEg.s 			page 13


 510 003c 07       		.byte	0x7
 511 003d BA010000 		.4byte	.LASF3
 512 0041 03       		.uleb128 0x3
 513 0042 24000000 		.4byte	.LASF9
 514 0046 02       		.byte	0x2
 515 0047 3F       		.byte	0x3f
 516 0048 4C000000 		.4byte	0x4c
 517 004c 02       		.uleb128 0x2
 518 004d 04       		.byte	0x4
 519 004e 05       		.byte	0x5
 520 004f 41030000 		.4byte	.LASF4
 521 0053 02       		.uleb128 0x2
 522 0054 04       		.byte	0x4
 523 0055 07       		.byte	0x7
 524 0056 A8010000 		.4byte	.LASF5
 525 005a 02       		.uleb128 0x2
 526 005b 08       		.byte	0x8
 527 005c 05       		.byte	0x5
 528 005d D5020000 		.4byte	.LASF6
 529 0061 02       		.uleb128 0x2
 530 0062 08       		.byte	0x8
 531 0063 07       		.byte	0x7
 532 0064 83020000 		.4byte	.LASF7
 533 0068 04       		.uleb128 0x4
 534 0069 04       		.byte	0x4
 535 006a 05       		.byte	0x5
 536 006b 696E7400 		.ascii	"int\000"
 537 006f 02       		.uleb128 0x2
 538 0070 04       		.byte	0x4
 539 0071 07       		.byte	0x7
 540 0072 C6000000 		.4byte	.LASF8
 541 0076 03       		.uleb128 0x3
 542 0077 0C030000 		.4byte	.LASF10
 543 007b 03       		.byte	0x3
 544 007c 2C       		.byte	0x2c
 545 007d 41000000 		.4byte	0x41
 546 0081 05       		.uleb128 0x5
 547 0082 14030000 		.4byte	.LASF11
 548 0086 04       		.byte	0x4
 549 0087 E401     		.2byte	0x1e4
 550 0089 2C000000 		.4byte	0x2c
 551 008d 02       		.uleb128 0x2
 552 008e 04       		.byte	0x4
 553 008f 04       		.byte	0x4
 554 0090 EB000000 		.4byte	.LASF12
 555 0094 02       		.uleb128 0x2
 556 0095 08       		.byte	0x8
 557 0096 04       		.byte	0x4
 558 0097 30020000 		.4byte	.LASF13
 559 009b 02       		.uleb128 0x2
 560 009c 01       		.byte	0x1
 561 009d 08       		.byte	0x8
 562 009e F1020000 		.4byte	.LASF14
 563 00a2 02       		.uleb128 0x2
 564 00a3 08       		.byte	0x8
 565 00a4 04       		.byte	0x4
 566 00a5 4A030000 		.4byte	.LASF15
ARM GAS  C:\Users\xliu430\AppData\Local\Temp\ccU5WKEg.s 			page 14


 567 00a9 02       		.uleb128 0x2
 568 00aa 04       		.byte	0x4
 569 00ab 07       		.byte	0x7
 570 00ac B6020000 		.4byte	.LASF16
 571 00b0 06       		.uleb128 0x6
 572 00b1 04       		.byte	0x4
 573 00b2 9B000000 		.4byte	0x9b
 574 00b6 07       		.uleb128 0x7
 575 00b7 00000000 		.4byte	.LASF19
 576 00bb 01       		.byte	0x1
 577 00bc 21       		.byte	0x21
 578 00bd 00000000 		.4byte	.LFB64
 579 00c1 34000000 		.4byte	.LFE64-.LFB64
 580 00c5 01       		.uleb128 0x1
 581 00c6 9C       		.byte	0x9c
 582 00c7 13010000 		.4byte	0x113
 583 00cb 08       		.uleb128 0x8
 584 00cc 0A000000 		.4byte	.LBB2
 585 00d0 16000000 		.4byte	.LBE2-.LBB2
 586 00d4 09010000 		.4byte	0x109
 587 00d8 09       		.uleb128 0x9
 588 00d9 D9010000 		.4byte	.LASF17
 589 00dd 01       		.byte	0x1
 590 00de 23       		.byte	0x23
 591 00df 68000000 		.4byte	0x68
 592 00e3 00000000 		.4byte	.LLST0
 593 00e7 09       		.uleb128 0x9
 594 00e8 E3000000 		.4byte	.LASF18
 595 00ec 01       		.byte	0x1
 596 00ed 24       		.byte	0x24
 597 00ee 68000000 		.4byte	0x68
 598 00f2 19000000 		.4byte	.LLST1
 599 00f6 0A       		.uleb128 0xa
 600 00f7 0E000000 		.4byte	.LVL0
 601 00fb 8A040000 		.4byte	0x48a
 602 00ff 0A       		.uleb128 0xa
 603 0100 12000000 		.4byte	.LVL1
 604 0104 95040000 		.4byte	0x495
 605 0108 00       		.byte	0
 606 0109 0A       		.uleb128 0xa
 607 010a 26000000 		.4byte	.LVL3
 608 010e A0040000 		.4byte	0x4a0
 609 0112 00       		.byte	0
 610 0113 0B       		.uleb128 0xb
 611 0114 656F6300 		.ascii	"eoc\000"
 612 0118 01       		.byte	0x1
 613 0119 2F       		.byte	0x2f
 614 011a 00000000 		.4byte	.LFB65
 615 011e 3C000000 		.4byte	.LFE65-.LFB65
 616 0122 01       		.uleb128 0x1
 617 0123 9C       		.byte	0x9c
 618 0124 70010000 		.4byte	0x170
 619 0128 08       		.uleb128 0x8
 620 0129 0C000000 		.4byte	.LBB3
 621 012d 1C000000 		.4byte	.LBE3-.LBB3
 622 0131 66010000 		.4byte	0x166
 623 0135 0C       		.uleb128 0xc
ARM GAS  C:\Users\xliu430\AppData\Local\Temp\ccU5WKEg.s 			page 15


 624 0136 76616C00 		.ascii	"val\000"
 625 013a 01       		.byte	0x1
 626 013b 31       		.byte	0x31
 627 013c 68000000 		.4byte	0x68
 628 0140 2C000000 		.4byte	.LLST2
 629 0144 09       		.uleb128 0x9
 630 0145 AF020000 		.4byte	.LASF20
 631 0149 01       		.byte	0x1
 632 014a 32       		.byte	0x32
 633 014b 68000000 		.4byte	0x68
 634 014f 45000000 		.4byte	.LLST3
 635 0153 0A       		.uleb128 0xa
 636 0154 10000000 		.4byte	.LVL4
 637 0158 AB040000 		.4byte	0x4ab
 638 015c 0A       		.uleb128 0xa
 639 015d 14000000 		.4byte	.LVL5
 640 0161 B6040000 		.4byte	0x4b6
 641 0165 00       		.byte	0
 642 0166 0A       		.uleb128 0xa
 643 0167 2E000000 		.4byte	.LVL7
 644 016b C1040000 		.4byte	0x4c1
 645 016f 00       		.byte	0
 646 0170 07       		.uleb128 0x7
 647 0171 2E000000 		.4byte	.LASF21
 648 0175 01       		.byte	0x1
 649 0176 3C       		.byte	0x3c
 650 0177 00000000 		.4byte	.LFB66
 651 017b 28000000 		.4byte	.LFE66-.LFB66
 652 017f 01       		.uleb128 0x1
 653 0180 9C       		.byte	0x9c
 654 0181 C0010000 		.4byte	0x1c0
 655 0185 0D       		.uleb128 0xd
 656 0186 7300     		.ascii	"s\000"
 657 0188 01       		.byte	0x1
 658 0189 3C       		.byte	0x3c
 659 018a B0000000 		.4byte	0xb0
 660 018e 58000000 		.4byte	.LLST4
 661 0192 0A       		.uleb128 0xa
 662 0193 08000000 		.4byte	.LVL10
 663 0197 CC040000 		.4byte	0x4cc
 664 019b 0E       		.uleb128 0xe
 665 019c 1E000000 		.4byte	.LVL11
 666 01a0 D7040000 		.4byte	0x4d7
 667 01a4 AF010000 		.4byte	0x1af
 668 01a8 0F       		.uleb128 0xf
 669 01a9 01       		.uleb128 0x1
 670 01aa 50       		.byte	0x50
 671 01ab 02       		.uleb128 0x2
 672 01ac 74       		.byte	0x74
 673 01ad 00       		.sleb128 0
 674 01ae 00       		.byte	0
 675 01af 10       		.uleb128 0x10
 676 01b0 26000000 		.4byte	.LVL12
 677 01b4 E2040000 		.4byte	0x4e2
 678 01b8 0F       		.uleb128 0xf
 679 01b9 01       		.uleb128 0x1
 680 01ba 50       		.byte	0x50
ARM GAS  C:\Users\xliu430\AppData\Local\Temp\ccU5WKEg.s 			page 16


 681 01bb 02       		.uleb128 0x2
 682 01bc 74       		.byte	0x74
 683 01bd 00       		.sleb128 0
 684 01be 00       		.byte	0
 685 01bf 00       		.byte	0
 686 01c0 11       		.uleb128 0x11
 687 01c1 CD010000 		.4byte	.LASF24
 688 01c5 01       		.byte	0x1
 689 01c6 48       		.byte	0x48
 690 01c7 68000000 		.4byte	0x68
 691 01cb 00000000 		.4byte	.LFB67
 692 01cf 1A000000 		.4byte	.LFE67-.LFB67
 693 01d3 01       		.uleb128 0x1
 694 01d4 9C       		.byte	0x9c
 695 01d5 0B020000 		.4byte	0x20b
 696 01d9 12       		.uleb128 0x12
 697 01da DE010000 		.4byte	.LASF22
 698 01de 01       		.byte	0x1
 699 01df 48       		.byte	0x48
 700 01e0 0B020000 		.4byte	0x20b
 701 01e4 76000000 		.4byte	.LLST5
 702 01e8 09       		.uleb128 0x9
 703 01e9 1A030000 		.4byte	.LASF23
 704 01ed 01       		.byte	0x1
 705 01ee 49       		.byte	0x49
 706 01ef 68000000 		.4byte	0x68
 707 01f3 97000000 		.4byte	.LLST6
 708 01f7 13       		.uleb128 0x13
 709 01f8 00000000 		.4byte	.Ldebug_ranges0+0
 710 01fc 0C       		.uleb128 0xc
 711 01fd 6900     		.ascii	"i\000"
 712 01ff 01       		.byte	0x1
 713 0200 4A       		.byte	0x4a
 714 0201 68000000 		.4byte	0x68
 715 0205 B6000000 		.4byte	.LLST7
 716 0209 00       		.byte	0
 717 020a 00       		.byte	0
 718 020b 06       		.uleb128 0x6
 719 020c 04       		.byte	0x4
 720 020d 68000000 		.4byte	0x68
 721 0211 11       		.uleb128 0x11
 722 0212 66020000 		.4byte	.LASF25
 723 0216 01       		.byte	0x1
 724 0217 52       		.byte	0x52
 725 0218 68000000 		.4byte	0x68
 726 021c 00000000 		.4byte	.LFB68
 727 0220 1C000000 		.4byte	.LFE68-.LFB68
 728 0224 01       		.uleb128 0x1
 729 0225 9C       		.byte	0x9c
 730 0226 5C020000 		.4byte	0x25c
 731 022a 12       		.uleb128 0x12
 732 022b DE010000 		.4byte	.LASF22
 733 022f 01       		.byte	0x1
 734 0230 52       		.byte	0x52
 735 0231 0B020000 		.4byte	0x20b
 736 0235 D5000000 		.4byte	.LLST8
 737 0239 09       		.uleb128 0x9
ARM GAS  C:\Users\xliu430\AppData\Local\Temp\ccU5WKEg.s 			page 17


 738 023a F1010000 		.4byte	.LASF26
 739 023e 01       		.byte	0x1
 740 023f 53       		.byte	0x53
 741 0240 68000000 		.4byte	0x68
 742 0244 F6000000 		.4byte	.LLST9
 743 0248 13       		.uleb128 0x13
 744 0249 18000000 		.4byte	.Ldebug_ranges0+0x18
 745 024d 0C       		.uleb128 0xc
 746 024e 6900     		.ascii	"i\000"
 747 0250 01       		.byte	0x1
 748 0251 54       		.byte	0x54
 749 0252 68000000 		.4byte	0x68
 750 0256 17010000 		.4byte	.LLST10
 751 025a 00       		.byte	0
 752 025b 00       		.byte	0
 753 025c 14       		.uleb128 0x14
 754 025d 77020000 		.4byte	.LASF56
 755 0261 01       		.byte	0x1
 756 0262 5D       		.byte	0x5d
 757 0263 68000000 		.4byte	0x68
 758 0267 00000000 		.4byte	.LFB69
 759 026b D8000000 		.4byte	.LFE69-.LFB69
 760 026f 01       		.uleb128 0x1
 761 0270 9C       		.byte	0x9c
 762 0271 03040000 		.4byte	0x403
 763 0275 08       		.uleb128 0x8
 764 0276 2A000000 		.4byte	.LBB8
 765 027a 44000000 		.4byte	.LBE8-.LBB8
 766 027e 0B030000 		.4byte	0x30b
 767 0282 09       		.uleb128 0x9
 768 0283 9A020000 		.4byte	.LASF27
 769 0287 01       		.byte	0x1
 770 0288 78       		.byte	0x78
 771 0289 68000000 		.4byte	0x68
 772 028d 36010000 		.4byte	.LLST11
 773 0291 0E       		.uleb128 0xe
 774 0292 32000000 		.4byte	.LVL29
 775 0296 C0010000 		.4byte	0x1c0
 776 029a A5020000 		.4byte	0x2a5
 777 029e 0F       		.uleb128 0xf
 778 029f 01       		.uleb128 0x1
 779 02a0 50       		.byte	0x50
 780 02a1 02       		.uleb128 0x2
 781 02a2 75       		.byte	0x75
 782 02a3 00       		.sleb128 0
 783 02a4 00       		.byte	0
 784 02a5 0E       		.uleb128 0xe
 785 02a6 3A000000 		.4byte	.LVL30
 786 02aa 11020000 		.4byte	0x211
 787 02ae B9020000 		.4byte	0x2b9
 788 02b2 0F       		.uleb128 0xf
 789 02b3 01       		.uleb128 0x1
 790 02b4 50       		.byte	0x50
 791 02b5 02       		.uleb128 0x2
 792 02b6 75       		.byte	0x75
 793 02b7 00       		.sleb128 0
 794 02b8 00       		.byte	0
ARM GAS  C:\Users\xliu430\AppData\Local\Temp\ccU5WKEg.s 			page 18


 795 02b9 0E       		.uleb128 0xe
 796 02ba 48000000 		.4byte	.LVL33
 797 02be ED040000 		.4byte	0x4ed
 798 02c2 CC020000 		.4byte	0x2cc
 799 02c6 0F       		.uleb128 0xf
 800 02c7 01       		.uleb128 0x1
 801 02c8 50       		.byte	0x50
 802 02c9 01       		.uleb128 0x1
 803 02ca 31       		.byte	0x31
 804 02cb 00       		.byte	0
 805 02cc 0E       		.uleb128 0xe
 806 02cd 50000000 		.4byte	.LVL36
 807 02d1 ED040000 		.4byte	0x4ed
 808 02d5 DF020000 		.4byte	0x2df
 809 02d9 0F       		.uleb128 0xf
 810 02da 01       		.uleb128 0x1
 811 02db 50       		.byte	0x50
 812 02dc 01       		.uleb128 0x1
 813 02dd 30       		.byte	0x30
 814 02de 00       		.byte	0
 815 02df 0E       		.uleb128 0xe
 816 02e0 66000000 		.4byte	.LVL37
 817 02e4 F8040000 		.4byte	0x4f8
 818 02e8 01030000 		.4byte	0x301
 819 02ec 0F       		.uleb128 0xf
 820 02ed 01       		.uleb128 0x1
 821 02ee 50       		.byte	0x50
 822 02ef 03       		.uleb128 0x3
 823 02f0 74       		.byte	0x74
 824 02f1 9C03     		.sleb128 412
 825 02f3 0F       		.uleb128 0xf
 826 02f4 01       		.uleb128 0x1
 827 02f5 51       		.byte	0x51
 828 02f6 02       		.uleb128 0x2
 829 02f7 75       		.byte	0x75
 830 02f8 00       		.sleb128 0
 831 02f9 0F       		.uleb128 0xf
 832 02fa 01       		.uleb128 0x1
 833 02fb 52       		.byte	0x52
 834 02fc 03       		.uleb128 0x3
 835 02fd 0A       		.byte	0xa
 836 02fe 9001     		.2byte	0x190
 837 0300 00       		.byte	0
 838 0301 0A       		.uleb128 0xa
 839 0302 6E000000 		.4byte	.LVL38
 840 0306 01050000 		.4byte	0x501
 841 030a 00       		.byte	0
 842 030b 08       		.uleb128 0x8
 843 030c 78000000 		.4byte	.LBB9
 844 0310 60000000 		.4byte	.LBE9-.LBB9
 845 0314 B0030000 		.4byte	0x3b0
 846 0318 09       		.uleb128 0x9
 847 0319 0B000000 		.4byte	.LASF28
 848 031d 01       		.byte	0x1
 849 031e 8E       		.byte	0x8e
 850 031f 68000000 		.4byte	0x68
 851 0323 54010000 		.4byte	.LLST12
ARM GAS  C:\Users\xliu430\AppData\Local\Temp\ccU5WKEg.s 			page 19


 852 0327 0E       		.uleb128 0xe
 853 0328 80000000 		.4byte	.LVL39
 854 032c C0010000 		.4byte	0x1c0
 855 0330 3B030000 		.4byte	0x33b
 856 0334 0F       		.uleb128 0xf
 857 0335 01       		.uleb128 0x1
 858 0336 50       		.byte	0x50
 859 0337 02       		.uleb128 0x2
 860 0338 75       		.byte	0x75
 861 0339 00       		.sleb128 0
 862 033a 00       		.byte	0
 863 033b 0E       		.uleb128 0xe
 864 033c 88000000 		.4byte	.LVL40
 865 0340 11020000 		.4byte	0x211
 866 0344 4F030000 		.4byte	0x34f
 867 0348 0F       		.uleb128 0xf
 868 0349 01       		.uleb128 0x1
 869 034a 50       		.byte	0x50
 870 034b 02       		.uleb128 0x2
 871 034c 75       		.byte	0x75
 872 034d 00       		.sleb128 0
 873 034e 00       		.byte	0
 874 034f 0E       		.uleb128 0xe
 875 0350 96000000 		.4byte	.LVL43
 876 0354 0C050000 		.4byte	0x50c
 877 0358 62030000 		.4byte	0x362
 878 035c 0F       		.uleb128 0xf
 879 035d 01       		.uleb128 0x1
 880 035e 50       		.byte	0x50
 881 035f 01       		.uleb128 0x1
 882 0360 31       		.byte	0x31
 883 0361 00       		.byte	0
 884 0362 0E       		.uleb128 0xe
 885 0363 9E000000 		.4byte	.LVL46
 886 0367 0C050000 		.4byte	0x50c
 887 036b 75030000 		.4byte	0x375
 888 036f 0F       		.uleb128 0xf
 889 0370 01       		.uleb128 0x1
 890 0371 50       		.byte	0x50
 891 0372 01       		.uleb128 0x1
 892 0373 30       		.byte	0x30
 893 0374 00       		.byte	0
 894 0375 0E       		.uleb128 0xe
 895 0376 B2000000 		.4byte	.LVL47
 896 037a F8040000 		.4byte	0x4f8
 897 037e 97030000 		.4byte	0x397
 898 0382 0F       		.uleb128 0xf
 899 0383 01       		.uleb128 0x1
 900 0384 50       		.byte	0x50
 901 0385 03       		.uleb128 0x3
 902 0386 74       		.byte	0x74
 903 0387 9C03     		.sleb128 412
 904 0389 0F       		.uleb128 0xf
 905 038a 01       		.uleb128 0x1
 906 038b 51       		.byte	0x51
 907 038c 02       		.uleb128 0x2
 908 038d 75       		.byte	0x75
ARM GAS  C:\Users\xliu430\AppData\Local\Temp\ccU5WKEg.s 			page 20


 909 038e 00       		.sleb128 0
 910 038f 0F       		.uleb128 0xf
 911 0390 01       		.uleb128 0x1
 912 0391 52       		.byte	0x52
 913 0392 03       		.uleb128 0x3
 914 0393 0A       		.byte	0xa
 915 0394 9001     		.2byte	0x190
 916 0396 00       		.byte	0
 917 0397 0A       		.uleb128 0xa
 918 0398 BA000000 		.4byte	.LVL48
 919 039c 17050000 		.4byte	0x517
 920 03a0 10       		.uleb128 0x10
 921 03a1 C0000000 		.4byte	.LVL49
 922 03a5 22050000 		.4byte	0x522
 923 03a9 0F       		.uleb128 0xf
 924 03aa 01       		.uleb128 0x1
 925 03ab 50       		.byte	0x50
 926 03ac 01       		.uleb128 0x1
 927 03ad 31       		.byte	0x31
 928 03ae 00       		.byte	0
 929 03af 00       		.byte	0
 930 03b0 0E       		.uleb128 0xe
 931 03b1 08000000 		.4byte	.LVL23
 932 03b5 2D050000 		.4byte	0x52d
 933 03b9 C7030000 		.4byte	0x3c7
 934 03bd 0F       		.uleb128 0xf
 935 03be 01       		.uleb128 0x1
 936 03bf 50       		.byte	0x50
 937 03c0 05       		.uleb128 0x5
 938 03c1 03       		.byte	0x3
 939 03c2 00000000 		.4byte	eoc
 940 03c6 00       		.byte	0
 941 03c7 0E       		.uleb128 0xe
 942 03c8 0E000000 		.4byte	.LVL24
 943 03cc 38050000 		.4byte	0x538
 944 03d0 DE030000 		.4byte	0x3de
 945 03d4 0F       		.uleb128 0xf
 946 03d5 01       		.uleb128 0x1
 947 03d6 50       		.byte	0x50
 948 03d7 05       		.uleb128 0x5
 949 03d8 03       		.byte	0x3
 950 03d9 00000000 		.4byte	eoc2
 951 03dd 00       		.byte	0
 952 03de 0A       		.uleb128 0xa
 953 03df 14000000 		.4byte	.LVL25
 954 03e3 43050000 		.4byte	0x543
 955 03e7 0A       		.uleb128 0xa
 956 03e8 18000000 		.4byte	.LVL26
 957 03ec 01050000 		.4byte	0x501
 958 03f0 0A       		.uleb128 0xa
 959 03f1 1C000000 		.4byte	.LVL27
 960 03f5 4E050000 		.4byte	0x54e
 961 03f9 0A       		.uleb128 0xa
 962 03fa 20000000 		.4byte	.LVL28
 963 03fe 17050000 		.4byte	0x517
 964 0402 00       		.byte	0
 965 0403 15       		.uleb128 0x15
ARM GAS  C:\Users\xliu430\AppData\Local\Temp\ccU5WKEg.s 			page 21


 966 0404 E4010000 		.4byte	.LASF29
 967 0408 05       		.byte	0x5
 968 0409 1207     		.2byte	0x712
 969 040b 0F040000 		.4byte	0x40f
 970 040f 16       		.uleb128 0x16
 971 0410 76000000 		.4byte	0x76
 972 0414 17       		.uleb128 0x17
 973 0415 72020000 		.4byte	.LASF30
 974 0419 01       		.byte	0x1
 975 041a 10       		.byte	0x10
 976 041b 68000000 		.4byte	0x68
 977 041f 05       		.uleb128 0x5
 978 0420 03       		.byte	0x3
 979 0421 00000000 		.4byte	flag
 980 0425 17       		.uleb128 0x17
 981 0426 05000000 		.4byte	.LASF31
 982 042a 01       		.byte	0x1
 983 042b 11       		.byte	0x11
 984 042c 68000000 		.4byte	0x68
 985 0430 05       		.uleb128 0x5
 986 0431 03       		.byte	0x3
 987 0432 00000000 		.4byte	flag2
 988 0436 17       		.uleb128 0x17
 989 0437 06030000 		.4byte	.LASF32
 990 043b 01       		.byte	0x1
 991 043c 12       		.byte	0x12
 992 043d 68000000 		.4byte	0x68
 993 0441 05       		.uleb128 0x5
 994 0442 03       		.byte	0x3
 995 0443 00000000 		.4byte	count
 996 0447 17       		.uleb128 0x17
 997 0448 13000000 		.4byte	.LASF33
 998 044c 01       		.byte	0x1
 999 044d 13       		.byte	0x13
 1000 044e 68000000 		.4byte	0x68
 1001 0452 05       		.uleb128 0x5
 1002 0453 03       		.byte	0x3
 1003 0454 00000000 		.4byte	count2
 1004 0458 18       		.uleb128 0x18
 1005 0459 68000000 		.4byte	0x68
 1006 045d 68040000 		.4byte	0x468
 1007 0461 19       		.uleb128 0x19
 1008 0462 A9000000 		.4byte	0xa9
 1009 0466 63       		.byte	0x63
 1010 0467 00       		.byte	0
 1011 0468 17       		.uleb128 0x17
 1012 0469 DE010000 		.4byte	.LASF22
 1013 046d 01       		.byte	0x1
 1014 046e 14       		.byte	0x14
 1015 046f 58040000 		.4byte	0x458
 1016 0473 05       		.uleb128 0x5
 1017 0474 03       		.byte	0x3
 1018 0475 00000000 		.4byte	array
 1019 0479 17       		.uleb128 0x17
 1020 047a E3020000 		.4byte	.LASF34
 1021 047e 01       		.byte	0x1
 1022 047f 15       		.byte	0x15
ARM GAS  C:\Users\xliu430\AppData\Local\Temp\ccU5WKEg.s 			page 22


 1023 0480 58040000 		.4byte	0x458
 1024 0484 05       		.uleb128 0x5
 1025 0485 03       		.byte	0x3
 1026 0486 00000000 		.4byte	array2
 1027 048a 1A       		.uleb128 0x1a
 1028 048b F9010000 		.4byte	.LASF35
 1029 048f F9010000 		.4byte	.LASF35
 1030 0493 06       		.byte	0x6
 1031 0494 3B       		.byte	0x3b
 1032 0495 1A       		.uleb128 0x1a
 1033 0496 16020000 		.4byte	.LASF36
 1034 049a 16020000 		.4byte	.LASF36
 1035 049e 06       		.byte	0x6
 1036 049f 3F       		.byte	0x3f
 1037 04a0 1A       		.uleb128 0x1a
 1038 04a1 FF000000 		.4byte	.LASF37
 1039 04a5 FF000000 		.4byte	.LASF37
 1040 04a9 07       		.byte	0x7
 1041 04aa 5B       		.byte	0x5b
 1042 04ab 1A       		.uleb128 0x1a
 1043 04ac BF020000 		.4byte	.LASF38
 1044 04b0 BF020000 		.4byte	.LASF38
 1045 04b4 08       		.byte	0x8
 1046 04b5 3B       		.byte	0x3b
 1047 04b6 1A       		.uleb128 0x1a
 1048 04b7 AC000000 		.4byte	.LASF39
 1049 04bb AC000000 		.4byte	.LASF39
 1050 04bf 08       		.byte	0x8
 1051 04c0 3F       		.byte	0x3f
 1052 04c1 1A       		.uleb128 0x1a
 1053 04c2 72030000 		.4byte	.LASF40
 1054 04c6 72030000 		.4byte	.LASF40
 1055 04ca 09       		.byte	0x9
 1056 04cb 5B       		.byte	0x5b
 1057 04cc 1A       		.uleb128 0x1a
 1058 04cd 2C030000 		.4byte	.LASF41
 1059 04d1 2C030000 		.4byte	.LASF41
 1060 04d5 0A       		.byte	0xa
 1061 04d6 28       		.byte	0x28
 1062 04d7 1A       		.uleb128 0x1a
 1063 04d8 7C020000 		.4byte	.LASF42
 1064 04dc 7C020000 		.4byte	.LASF42
 1065 04e0 0B       		.byte	0xb
 1066 04e1 21       		.byte	0x21
 1067 04e2 1A       		.uleb128 0x1a
 1068 04e3 37020000 		.4byte	.LASF43
 1069 04e7 37020000 		.4byte	.LASF43
 1070 04eb 0A       		.byte	0xa
 1071 04ec 23       		.byte	0x23
 1072 04ed 1A       		.uleb128 0x1a
 1073 04ee 1A000000 		.4byte	.LASF44
 1074 04f2 1A000000 		.4byte	.LASF44
 1075 04f6 0C       		.byte	0xc
 1076 04f7 26       		.byte	0x26
 1077 04f8 1B       		.uleb128 0x1b
 1078 04f9 0F020000 		.4byte	.LASF57
 1079 04fd 0F020000 		.4byte	.LASF57
ARM GAS  C:\Users\xliu430\AppData\Local\Temp\ccU5WKEg.s 			page 23


 1080 0501 1A       		.uleb128 0x1a
 1081 0502 F1000000 		.4byte	.LASF45
 1082 0506 F1000000 		.4byte	.LASF45
 1083 050a 09       		.byte	0x9
 1084 050b 5A       		.byte	0x5a
 1085 050c 1A       		.uleb128 0x1a
 1086 050d 5A020000 		.4byte	.LASF46
 1087 0511 5A020000 		.4byte	.LASF46
 1088 0515 0D       		.byte	0xd
 1089 0516 26       		.byte	0x26
 1090 0517 1A       		.uleb128 0x1a
 1091 0518 A1020000 		.4byte	.LASF47
 1092 051c A1020000 		.4byte	.LASF47
 1093 0520 07       		.byte	0x7
 1094 0521 5A       		.byte	0x5a
 1095 0522 1A       		.uleb128 0x1a
 1096 0523 7F030000 		.4byte	.LASF48
 1097 0527 7F030000 		.4byte	.LASF48
 1098 052b 0E       		.byte	0xe
 1099 052c 76       		.byte	0x76
 1100 052d 1A       		.uleb128 0x1a
 1101 052e D3000000 		.4byte	.LASF49
 1102 0532 D3000000 		.4byte	.LASF49
 1103 0536 0F       		.byte	0xf
 1104 0537 18       		.byte	0x18
 1105 0538 1A       		.uleb128 0x1a
 1106 0539 49020000 		.4byte	.LASF50
 1107 053d 49020000 		.4byte	.LASF50
 1108 0541 10       		.byte	0x10
 1109 0542 18       		.byte	0x18
 1110 0543 1A       		.uleb128 0x1a
 1111 0544 62030000 		.4byte	.LASF51
 1112 0548 62030000 		.4byte	.LASF51
 1113 054c 08       		.byte	0x8
 1114 054d 34       		.byte	0x34
 1115 054e 1A       		.uleb128 0x1a
 1116 054f F6020000 		.4byte	.LASF52
 1117 0553 F6020000 		.4byte	.LASF52
 1118 0557 06       		.byte	0x6
 1119 0558 34       		.byte	0x34
 1120 0559 00       		.byte	0
 1121              		.section	.debug_abbrev,"",%progbits
 1122              	.Ldebug_abbrev0:
 1123 0000 01       		.uleb128 0x1
 1124 0001 11       		.uleb128 0x11
 1125 0002 01       		.byte	0x1
 1126 0003 25       		.uleb128 0x25
 1127 0004 0E       		.uleb128 0xe
 1128 0005 13       		.uleb128 0x13
 1129 0006 0B       		.uleb128 0xb
 1130 0007 03       		.uleb128 0x3
 1131 0008 0E       		.uleb128 0xe
 1132 0009 1B       		.uleb128 0x1b
 1133 000a 0E       		.uleb128 0xe
 1134 000b 55       		.uleb128 0x55
 1135 000c 17       		.uleb128 0x17
 1136 000d 11       		.uleb128 0x11
ARM GAS  C:\Users\xliu430\AppData\Local\Temp\ccU5WKEg.s 			page 24


 1137 000e 01       		.uleb128 0x1
 1138 000f 10       		.uleb128 0x10
 1139 0010 17       		.uleb128 0x17
 1140 0011 00       		.byte	0
 1141 0012 00       		.byte	0
 1142 0013 02       		.uleb128 0x2
 1143 0014 24       		.uleb128 0x24
 1144 0015 00       		.byte	0
 1145 0016 0B       		.uleb128 0xb
 1146 0017 0B       		.uleb128 0xb
 1147 0018 3E       		.uleb128 0x3e
 1148 0019 0B       		.uleb128 0xb
 1149 001a 03       		.uleb128 0x3
 1150 001b 0E       		.uleb128 0xe
 1151 001c 00       		.byte	0
 1152 001d 00       		.byte	0
 1153 001e 03       		.uleb128 0x3
 1154 001f 16       		.uleb128 0x16
 1155 0020 00       		.byte	0
 1156 0021 03       		.uleb128 0x3
 1157 0022 0E       		.uleb128 0xe
 1158 0023 3A       		.uleb128 0x3a
 1159 0024 0B       		.uleb128 0xb
 1160 0025 3B       		.uleb128 0x3b
 1161 0026 0B       		.uleb128 0xb
 1162 0027 49       		.uleb128 0x49
 1163 0028 13       		.uleb128 0x13
 1164 0029 00       		.byte	0
 1165 002a 00       		.byte	0
 1166 002b 04       		.uleb128 0x4
 1167 002c 24       		.uleb128 0x24
 1168 002d 00       		.byte	0
 1169 002e 0B       		.uleb128 0xb
 1170 002f 0B       		.uleb128 0xb
 1171 0030 3E       		.uleb128 0x3e
 1172 0031 0B       		.uleb128 0xb
 1173 0032 03       		.uleb128 0x3
 1174 0033 08       		.uleb128 0x8
 1175 0034 00       		.byte	0
 1176 0035 00       		.byte	0
 1177 0036 05       		.uleb128 0x5
 1178 0037 16       		.uleb128 0x16
 1179 0038 00       		.byte	0
 1180 0039 03       		.uleb128 0x3
 1181 003a 0E       		.uleb128 0xe
 1182 003b 3A       		.uleb128 0x3a
 1183 003c 0B       		.uleb128 0xb
 1184 003d 3B       		.uleb128 0x3b
 1185 003e 05       		.uleb128 0x5
 1186 003f 49       		.uleb128 0x49
 1187 0040 13       		.uleb128 0x13
 1188 0041 00       		.byte	0
 1189 0042 00       		.byte	0
 1190 0043 06       		.uleb128 0x6
 1191 0044 0F       		.uleb128 0xf
 1192 0045 00       		.byte	0
 1193 0046 0B       		.uleb128 0xb
ARM GAS  C:\Users\xliu430\AppData\Local\Temp\ccU5WKEg.s 			page 25


 1194 0047 0B       		.uleb128 0xb
 1195 0048 49       		.uleb128 0x49
 1196 0049 13       		.uleb128 0x13
 1197 004a 00       		.byte	0
 1198 004b 00       		.byte	0
 1199 004c 07       		.uleb128 0x7
 1200 004d 2E       		.uleb128 0x2e
 1201 004e 01       		.byte	0x1
 1202 004f 3F       		.uleb128 0x3f
 1203 0050 19       		.uleb128 0x19
 1204 0051 03       		.uleb128 0x3
 1205 0052 0E       		.uleb128 0xe
 1206 0053 3A       		.uleb128 0x3a
 1207 0054 0B       		.uleb128 0xb
 1208 0055 3B       		.uleb128 0x3b
 1209 0056 0B       		.uleb128 0xb
 1210 0057 27       		.uleb128 0x27
 1211 0058 19       		.uleb128 0x19
 1212 0059 11       		.uleb128 0x11
 1213 005a 01       		.uleb128 0x1
 1214 005b 12       		.uleb128 0x12
 1215 005c 06       		.uleb128 0x6
 1216 005d 40       		.uleb128 0x40
 1217 005e 18       		.uleb128 0x18
 1218 005f 9742     		.uleb128 0x2117
 1219 0061 19       		.uleb128 0x19
 1220 0062 01       		.uleb128 0x1
 1221 0063 13       		.uleb128 0x13
 1222 0064 00       		.byte	0
 1223 0065 00       		.byte	0
 1224 0066 08       		.uleb128 0x8
 1225 0067 0B       		.uleb128 0xb
 1226 0068 01       		.byte	0x1
 1227 0069 11       		.uleb128 0x11
 1228 006a 01       		.uleb128 0x1
 1229 006b 12       		.uleb128 0x12
 1230 006c 06       		.uleb128 0x6
 1231 006d 01       		.uleb128 0x1
 1232 006e 13       		.uleb128 0x13
 1233 006f 00       		.byte	0
 1234 0070 00       		.byte	0
 1235 0071 09       		.uleb128 0x9
 1236 0072 34       		.uleb128 0x34
 1237 0073 00       		.byte	0
 1238 0074 03       		.uleb128 0x3
 1239 0075 0E       		.uleb128 0xe
 1240 0076 3A       		.uleb128 0x3a
 1241 0077 0B       		.uleb128 0xb
 1242 0078 3B       		.uleb128 0x3b
 1243 0079 0B       		.uleb128 0xb
 1244 007a 49       		.uleb128 0x49
 1245 007b 13       		.uleb128 0x13
 1246 007c 02       		.uleb128 0x2
 1247 007d 17       		.uleb128 0x17
 1248 007e 00       		.byte	0
 1249 007f 00       		.byte	0
 1250 0080 0A       		.uleb128 0xa
ARM GAS  C:\Users\xliu430\AppData\Local\Temp\ccU5WKEg.s 			page 26


 1251 0081 898201   		.uleb128 0x4109
 1252 0084 00       		.byte	0
 1253 0085 11       		.uleb128 0x11
 1254 0086 01       		.uleb128 0x1
 1255 0087 31       		.uleb128 0x31
 1256 0088 13       		.uleb128 0x13
 1257 0089 00       		.byte	0
 1258 008a 00       		.byte	0
 1259 008b 0B       		.uleb128 0xb
 1260 008c 2E       		.uleb128 0x2e
 1261 008d 01       		.byte	0x1
 1262 008e 3F       		.uleb128 0x3f
 1263 008f 19       		.uleb128 0x19
 1264 0090 03       		.uleb128 0x3
 1265 0091 08       		.uleb128 0x8
 1266 0092 3A       		.uleb128 0x3a
 1267 0093 0B       		.uleb128 0xb
 1268 0094 3B       		.uleb128 0x3b
 1269 0095 0B       		.uleb128 0xb
 1270 0096 27       		.uleb128 0x27
 1271 0097 19       		.uleb128 0x19
 1272 0098 11       		.uleb128 0x11
 1273 0099 01       		.uleb128 0x1
 1274 009a 12       		.uleb128 0x12
 1275 009b 06       		.uleb128 0x6
 1276 009c 40       		.uleb128 0x40
 1277 009d 18       		.uleb128 0x18
 1278 009e 9742     		.uleb128 0x2117
 1279 00a0 19       		.uleb128 0x19
 1280 00a1 01       		.uleb128 0x1
 1281 00a2 13       		.uleb128 0x13
 1282 00a3 00       		.byte	0
 1283 00a4 00       		.byte	0
 1284 00a5 0C       		.uleb128 0xc
 1285 00a6 34       		.uleb128 0x34
 1286 00a7 00       		.byte	0
 1287 00a8 03       		.uleb128 0x3
 1288 00a9 08       		.uleb128 0x8
 1289 00aa 3A       		.uleb128 0x3a
 1290 00ab 0B       		.uleb128 0xb
 1291 00ac 3B       		.uleb128 0x3b
 1292 00ad 0B       		.uleb128 0xb
 1293 00ae 49       		.uleb128 0x49
 1294 00af 13       		.uleb128 0x13
 1295 00b0 02       		.uleb128 0x2
 1296 00b1 17       		.uleb128 0x17
 1297 00b2 00       		.byte	0
 1298 00b3 00       		.byte	0
 1299 00b4 0D       		.uleb128 0xd
 1300 00b5 05       		.uleb128 0x5
 1301 00b6 00       		.byte	0
 1302 00b7 03       		.uleb128 0x3
 1303 00b8 08       		.uleb128 0x8
 1304 00b9 3A       		.uleb128 0x3a
 1305 00ba 0B       		.uleb128 0xb
 1306 00bb 3B       		.uleb128 0x3b
 1307 00bc 0B       		.uleb128 0xb
ARM GAS  C:\Users\xliu430\AppData\Local\Temp\ccU5WKEg.s 			page 27


 1308 00bd 49       		.uleb128 0x49
 1309 00be 13       		.uleb128 0x13
 1310 00bf 02       		.uleb128 0x2
 1311 00c0 17       		.uleb128 0x17
 1312 00c1 00       		.byte	0
 1313 00c2 00       		.byte	0
 1314 00c3 0E       		.uleb128 0xe
 1315 00c4 898201   		.uleb128 0x4109
 1316 00c7 01       		.byte	0x1
 1317 00c8 11       		.uleb128 0x11
 1318 00c9 01       		.uleb128 0x1
 1319 00ca 31       		.uleb128 0x31
 1320 00cb 13       		.uleb128 0x13
 1321 00cc 01       		.uleb128 0x1
 1322 00cd 13       		.uleb128 0x13
 1323 00ce 00       		.byte	0
 1324 00cf 00       		.byte	0
 1325 00d0 0F       		.uleb128 0xf
 1326 00d1 8A8201   		.uleb128 0x410a
 1327 00d4 00       		.byte	0
 1328 00d5 02       		.uleb128 0x2
 1329 00d6 18       		.uleb128 0x18
 1330 00d7 9142     		.uleb128 0x2111
 1331 00d9 18       		.uleb128 0x18
 1332 00da 00       		.byte	0
 1333 00db 00       		.byte	0
 1334 00dc 10       		.uleb128 0x10
 1335 00dd 898201   		.uleb128 0x4109
 1336 00e0 01       		.byte	0x1
 1337 00e1 11       		.uleb128 0x11
 1338 00e2 01       		.uleb128 0x1
 1339 00e3 31       		.uleb128 0x31
 1340 00e4 13       		.uleb128 0x13
 1341 00e5 00       		.byte	0
 1342 00e6 00       		.byte	0
 1343 00e7 11       		.uleb128 0x11
 1344 00e8 2E       		.uleb128 0x2e
 1345 00e9 01       		.byte	0x1
 1346 00ea 3F       		.uleb128 0x3f
 1347 00eb 19       		.uleb128 0x19
 1348 00ec 03       		.uleb128 0x3
 1349 00ed 0E       		.uleb128 0xe
 1350 00ee 3A       		.uleb128 0x3a
 1351 00ef 0B       		.uleb128 0xb
 1352 00f0 3B       		.uleb128 0x3b
 1353 00f1 0B       		.uleb128 0xb
 1354 00f2 27       		.uleb128 0x27
 1355 00f3 19       		.uleb128 0x19
 1356 00f4 49       		.uleb128 0x49
 1357 00f5 13       		.uleb128 0x13
 1358 00f6 11       		.uleb128 0x11
 1359 00f7 01       		.uleb128 0x1
 1360 00f8 12       		.uleb128 0x12
 1361 00f9 06       		.uleb128 0x6
 1362 00fa 40       		.uleb128 0x40
 1363 00fb 18       		.uleb128 0x18
 1364 00fc 9742     		.uleb128 0x2117
ARM GAS  C:\Users\xliu430\AppData\Local\Temp\ccU5WKEg.s 			page 28


 1365 00fe 19       		.uleb128 0x19
 1366 00ff 01       		.uleb128 0x1
 1367 0100 13       		.uleb128 0x13
 1368 0101 00       		.byte	0
 1369 0102 00       		.byte	0
 1370 0103 12       		.uleb128 0x12
 1371 0104 05       		.uleb128 0x5
 1372 0105 00       		.byte	0
 1373 0106 03       		.uleb128 0x3
 1374 0107 0E       		.uleb128 0xe
 1375 0108 3A       		.uleb128 0x3a
 1376 0109 0B       		.uleb128 0xb
 1377 010a 3B       		.uleb128 0x3b
 1378 010b 0B       		.uleb128 0xb
 1379 010c 49       		.uleb128 0x49
 1380 010d 13       		.uleb128 0x13
 1381 010e 02       		.uleb128 0x2
 1382 010f 17       		.uleb128 0x17
 1383 0110 00       		.byte	0
 1384 0111 00       		.byte	0
 1385 0112 13       		.uleb128 0x13
 1386 0113 0B       		.uleb128 0xb
 1387 0114 01       		.byte	0x1
 1388 0115 55       		.uleb128 0x55
 1389 0116 17       		.uleb128 0x17
 1390 0117 00       		.byte	0
 1391 0118 00       		.byte	0
 1392 0119 14       		.uleb128 0x14
 1393 011a 2E       		.uleb128 0x2e
 1394 011b 01       		.byte	0x1
 1395 011c 3F       		.uleb128 0x3f
 1396 011d 19       		.uleb128 0x19
 1397 011e 03       		.uleb128 0x3
 1398 011f 0E       		.uleb128 0xe
 1399 0120 3A       		.uleb128 0x3a
 1400 0121 0B       		.uleb128 0xb
 1401 0122 3B       		.uleb128 0x3b
 1402 0123 0B       		.uleb128 0xb
 1403 0124 27       		.uleb128 0x27
 1404 0125 19       		.uleb128 0x19
 1405 0126 49       		.uleb128 0x49
 1406 0127 13       		.uleb128 0x13
 1407 0128 8701     		.uleb128 0x87
 1408 012a 19       		.uleb128 0x19
 1409 012b 11       		.uleb128 0x11
 1410 012c 01       		.uleb128 0x1
 1411 012d 12       		.uleb128 0x12
 1412 012e 06       		.uleb128 0x6
 1413 012f 40       		.uleb128 0x40
 1414 0130 18       		.uleb128 0x18
 1415 0131 9742     		.uleb128 0x2117
 1416 0133 19       		.uleb128 0x19
 1417 0134 01       		.uleb128 0x1
 1418 0135 13       		.uleb128 0x13
 1419 0136 00       		.byte	0
 1420 0137 00       		.byte	0
 1421 0138 15       		.uleb128 0x15
ARM GAS  C:\Users\xliu430\AppData\Local\Temp\ccU5WKEg.s 			page 29


 1422 0139 34       		.uleb128 0x34
 1423 013a 00       		.byte	0
 1424 013b 03       		.uleb128 0x3
 1425 013c 0E       		.uleb128 0xe
 1426 013d 3A       		.uleb128 0x3a
 1427 013e 0B       		.uleb128 0xb
 1428 013f 3B       		.uleb128 0x3b
 1429 0140 05       		.uleb128 0x5
 1430 0141 49       		.uleb128 0x49
 1431 0142 13       		.uleb128 0x13
 1432 0143 3F       		.uleb128 0x3f
 1433 0144 19       		.uleb128 0x19
 1434 0145 3C       		.uleb128 0x3c
 1435 0146 19       		.uleb128 0x19
 1436 0147 00       		.byte	0
 1437 0148 00       		.byte	0
 1438 0149 16       		.uleb128 0x16
 1439 014a 35       		.uleb128 0x35
 1440 014b 00       		.byte	0
 1441 014c 49       		.uleb128 0x49
 1442 014d 13       		.uleb128 0x13
 1443 014e 00       		.byte	0
 1444 014f 00       		.byte	0
 1445 0150 17       		.uleb128 0x17
 1446 0151 34       		.uleb128 0x34
 1447 0152 00       		.byte	0
 1448 0153 03       		.uleb128 0x3
 1449 0154 0E       		.uleb128 0xe
 1450 0155 3A       		.uleb128 0x3a
 1451 0156 0B       		.uleb128 0xb
 1452 0157 3B       		.uleb128 0x3b
 1453 0158 0B       		.uleb128 0xb
 1454 0159 49       		.uleb128 0x49
 1455 015a 13       		.uleb128 0x13
 1456 015b 3F       		.uleb128 0x3f
 1457 015c 19       		.uleb128 0x19
 1458 015d 02       		.uleb128 0x2
 1459 015e 18       		.uleb128 0x18
 1460 015f 00       		.byte	0
 1461 0160 00       		.byte	0
 1462 0161 18       		.uleb128 0x18
 1463 0162 01       		.uleb128 0x1
 1464 0163 01       		.byte	0x1
 1465 0164 49       		.uleb128 0x49
 1466 0165 13       		.uleb128 0x13
 1467 0166 01       		.uleb128 0x1
 1468 0167 13       		.uleb128 0x13
 1469 0168 00       		.byte	0
 1470 0169 00       		.byte	0
 1471 016a 19       		.uleb128 0x19
 1472 016b 21       		.uleb128 0x21
 1473 016c 00       		.byte	0
 1474 016d 49       		.uleb128 0x49
 1475 016e 13       		.uleb128 0x13
 1476 016f 2F       		.uleb128 0x2f
 1477 0170 0B       		.uleb128 0xb
 1478 0171 00       		.byte	0
ARM GAS  C:\Users\xliu430\AppData\Local\Temp\ccU5WKEg.s 			page 30


 1479 0172 00       		.byte	0
 1480 0173 1A       		.uleb128 0x1a
 1481 0174 2E       		.uleb128 0x2e
 1482 0175 00       		.byte	0
 1483 0176 3F       		.uleb128 0x3f
 1484 0177 19       		.uleb128 0x19
 1485 0178 3C       		.uleb128 0x3c
 1486 0179 19       		.uleb128 0x19
 1487 017a 6E       		.uleb128 0x6e
 1488 017b 0E       		.uleb128 0xe
 1489 017c 03       		.uleb128 0x3
 1490 017d 0E       		.uleb128 0xe
 1491 017e 3A       		.uleb128 0x3a
 1492 017f 0B       		.uleb128 0xb
 1493 0180 3B       		.uleb128 0x3b
 1494 0181 0B       		.uleb128 0xb
 1495 0182 00       		.byte	0
 1496 0183 00       		.byte	0
 1497 0184 1B       		.uleb128 0x1b
 1498 0185 2E       		.uleb128 0x2e
 1499 0186 00       		.byte	0
 1500 0187 3F       		.uleb128 0x3f
 1501 0188 19       		.uleb128 0x19
 1502 0189 3C       		.uleb128 0x3c
 1503 018a 19       		.uleb128 0x19
 1504 018b 6E       		.uleb128 0x6e
 1505 018c 0E       		.uleb128 0xe
 1506 018d 03       		.uleb128 0x3
 1507 018e 0E       		.uleb128 0xe
 1508 018f 00       		.byte	0
 1509 0190 00       		.byte	0
 1510 0191 00       		.byte	0
 1511              		.section	.debug_loc,"",%progbits
 1512              	.Ldebug_loc0:
 1513              	.LLST0:
 1514 0000 0E000000 		.4byte	.LVL0
 1515 0004 11000000 		.4byte	.LVL1-1
 1516 0008 0700     		.2byte	0x7
 1517 000a 70       		.byte	0x70
 1518 000b 00       		.sleb128 0
 1519 000c 40       		.byte	0x40
 1520 000d 24       		.byte	0x24
 1521 000e 40       		.byte	0x40
 1522 000f 26       		.byte	0x26
 1523 0010 9F       		.byte	0x9f
 1524 0011 00000000 		.4byte	0
 1525 0015 00000000 		.4byte	0
 1526              	.LLST1:
 1527 0019 12000000 		.4byte	.LVL1
 1528 001d 22000000 		.4byte	.LVL2
 1529 0021 0100     		.2byte	0x1
 1530 0023 50       		.byte	0x50
 1531 0024 00000000 		.4byte	0
 1532 0028 00000000 		.4byte	0
 1533              	.LLST2:
 1534 002c 10000000 		.4byte	.LVL4
 1535 0030 13000000 		.4byte	.LVL5-1
ARM GAS  C:\Users\xliu430\AppData\Local\Temp\ccU5WKEg.s 			page 31


 1536 0034 0700     		.2byte	0x7
 1537 0036 70       		.byte	0x70
 1538 0037 00       		.sleb128 0
 1539 0038 40       		.byte	0x40
 1540 0039 24       		.byte	0x24
 1541 003a 40       		.byte	0x40
 1542 003b 26       		.byte	0x26
 1543 003c 9F       		.byte	0x9f
 1544 003d 00000000 		.4byte	0
 1545 0041 00000000 		.4byte	0
 1546              	.LLST3:
 1547 0045 14000000 		.4byte	.LVL5
 1548 0049 2A000000 		.4byte	.LVL6
 1549 004d 0100     		.2byte	0x1
 1550 004f 50       		.byte	0x50
 1551 0050 00000000 		.4byte	0
 1552 0054 00000000 		.4byte	0
 1553              	.LLST4:
 1554 0058 00000000 		.4byte	.LVL8
 1555 005c 04000000 		.4byte	.LVL9
 1556 0060 0100     		.2byte	0x1
 1557 0062 50       		.byte	0x50
 1558 0063 04000000 		.4byte	.LVL9
 1559 0067 28000000 		.4byte	.LFE66
 1560 006b 0100     		.2byte	0x1
 1561 006d 54       		.byte	0x54
 1562 006e 00000000 		.4byte	0
 1563 0072 00000000 		.4byte	0
 1564              	.LLST5:
 1565 0076 00000000 		.4byte	.LVL13
 1566 007a 18000000 		.4byte	.LVL17
 1567 007e 0100     		.2byte	0x1
 1568 0080 50       		.byte	0x50
 1569 0081 18000000 		.4byte	.LVL17
 1570 0085 1A000000 		.4byte	.LFE67
 1571 0089 0400     		.2byte	0x4
 1572 008b F3       		.byte	0xf3
 1573 008c 01       		.uleb128 0x1
 1574 008d 50       		.byte	0x50
 1575 008e 9F       		.byte	0x9f
 1576 008f 00000000 		.4byte	0
 1577 0093 00000000 		.4byte	0
 1578              	.LLST6:
 1579 0097 00000000 		.4byte	.LVL13
 1580 009b 06000000 		.4byte	.LVL14
 1581 009f 0200     		.2byte	0x2
 1582 00a1 30       		.byte	0x30
 1583 00a2 9F       		.byte	0x9f
 1584 00a3 06000000 		.4byte	.LVL14
 1585 00a7 1A000000 		.4byte	.LFE67
 1586 00ab 0100     		.2byte	0x1
 1587 00ad 51       		.byte	0x51
 1588 00ae 00000000 		.4byte	0
 1589 00b2 00000000 		.4byte	0
 1590              	.LLST7:
 1591 00b6 00000000 		.4byte	.LVL13
 1592 00ba 06000000 		.4byte	.LVL14
ARM GAS  C:\Users\xliu430\AppData\Local\Temp\ccU5WKEg.s 			page 32


 1593 00be 0200     		.2byte	0x2
 1594 00c0 30       		.byte	0x30
 1595 00c1 9F       		.byte	0x9f
 1596 00c2 06000000 		.4byte	.LVL14
 1597 00c6 1A000000 		.4byte	.LFE67
 1598 00ca 0100     		.2byte	0x1
 1599 00cc 53       		.byte	0x53
 1600 00cd 00000000 		.4byte	0
 1601 00d1 00000000 		.4byte	0
 1602              	.LLST8:
 1603 00d5 00000000 		.4byte	.LVL18
 1604 00d9 1A000000 		.4byte	.LVL22
 1605 00dd 0100     		.2byte	0x1
 1606 00df 50       		.byte	0x50
 1607 00e0 1A000000 		.4byte	.LVL22
 1608 00e4 1C000000 		.4byte	.LFE68
 1609 00e8 0400     		.2byte	0x4
 1610 00ea F3       		.byte	0xf3
 1611 00eb 01       		.uleb128 0x1
 1612 00ec 50       		.byte	0x50
 1613 00ed 9F       		.byte	0x9f
 1614 00ee 00000000 		.4byte	0
 1615 00f2 00000000 		.4byte	0
 1616              	.LLST9:
 1617 00f6 00000000 		.4byte	.LVL18
 1618 00fa 08000000 		.4byte	.LVL19
 1619 00fe 0400     		.2byte	0x4
 1620 0100 0A       		.byte	0xa
 1621 0101 1027     		.2byte	0x2710
 1622 0103 9F       		.byte	0x9f
 1623 0104 08000000 		.4byte	.LVL19
 1624 0108 1C000000 		.4byte	.LFE68
 1625 010c 0100     		.2byte	0x1
 1626 010e 51       		.byte	0x51
 1627 010f 00000000 		.4byte	0
 1628 0113 00000000 		.4byte	0
 1629              	.LLST10:
 1630 0117 00000000 		.4byte	.LVL18
 1631 011b 08000000 		.4byte	.LVL19
 1632 011f 0200     		.2byte	0x2
 1633 0121 30       		.byte	0x30
 1634 0122 9F       		.byte	0x9f
 1635 0123 08000000 		.4byte	.LVL19
 1636 0127 1C000000 		.4byte	.LFE68
 1637 012b 0100     		.2byte	0x1
 1638 012d 53       		.byte	0x53
 1639 012e 00000000 		.4byte	0
 1640 0132 00000000 		.4byte	0
 1641              	.LLST11:
 1642 0136 3C000000 		.4byte	.LVL31
 1643 013a 44000000 		.4byte	.LVL32
 1644 013e 0100     		.2byte	0x1
 1645 0140 50       		.byte	0x50
 1646 0141 4A000000 		.4byte	.LVL34
 1647 0145 4C000000 		.4byte	.LVL35
 1648 0149 0100     		.2byte	0x1
 1649 014b 50       		.byte	0x50
ARM GAS  C:\Users\xliu430\AppData\Local\Temp\ccU5WKEg.s 			page 33


 1650 014c 00000000 		.4byte	0
 1651 0150 00000000 		.4byte	0
 1652              	.LLST12:
 1653 0154 8A000000 		.4byte	.LVL41
 1654 0158 92000000 		.4byte	.LVL42
 1655 015c 0100     		.2byte	0x1
 1656 015e 50       		.byte	0x50
 1657 015f 98000000 		.4byte	.LVL44
 1658 0163 9A000000 		.4byte	.LVL45
 1659 0167 0100     		.2byte	0x1
 1660 0169 50       		.byte	0x50
 1661 016a 00000000 		.4byte	0
 1662 016e 00000000 		.4byte	0
 1663              		.section	.debug_aranges,"",%progbits
 1664 0000 44000000 		.4byte	0x44
 1665 0004 0200     		.2byte	0x2
 1666 0006 00000000 		.4byte	.Ldebug_info0
 1667 000a 04       		.byte	0x4
 1668 000b 00       		.byte	0
 1669 000c 0000     		.2byte	0
 1670 000e 0000     		.2byte	0
 1671 0010 00000000 		.4byte	.LFB64
 1672 0014 34000000 		.4byte	.LFE64-.LFB64
 1673 0018 00000000 		.4byte	.LFB65
 1674 001c 3C000000 		.4byte	.LFE65-.LFB65
 1675 0020 00000000 		.4byte	.LFB66
 1676 0024 28000000 		.4byte	.LFE66-.LFB66
 1677 0028 00000000 		.4byte	.LFB67
 1678 002c 1A000000 		.4byte	.LFE67-.LFB67
 1679 0030 00000000 		.4byte	.LFB68
 1680 0034 1C000000 		.4byte	.LFE68-.LFB68
 1681 0038 00000000 		.4byte	.LFB69
 1682 003c D8000000 		.4byte	.LFE69-.LFB69
 1683 0040 00000000 		.4byte	0
 1684 0044 00000000 		.4byte	0
 1685              		.section	.debug_ranges,"",%progbits
 1686              	.Ldebug_ranges0:
 1687 0000 00000000 		.4byte	.LBB4
 1688 0004 02000000 		.4byte	.LBE4
 1689 0008 04000000 		.4byte	.LBB5
 1690 000c 16000000 		.4byte	.LBE5
 1691 0010 00000000 		.4byte	0
 1692 0014 00000000 		.4byte	0
 1693 0018 00000000 		.4byte	.LBB6
 1694 001c 02000000 		.4byte	.LBE6
 1695 0020 06000000 		.4byte	.LBB7
 1696 0024 18000000 		.4byte	.LBE7
 1697 0028 00000000 		.4byte	0
 1698 002c 00000000 		.4byte	0
 1699 0030 00000000 		.4byte	.LFB64
 1700 0034 34000000 		.4byte	.LFE64
 1701 0038 00000000 		.4byte	.LFB65
 1702 003c 3C000000 		.4byte	.LFE65
 1703 0040 00000000 		.4byte	.LFB66
 1704 0044 28000000 		.4byte	.LFE66
 1705 0048 00000000 		.4byte	.LFB67
 1706 004c 1A000000 		.4byte	.LFE67
ARM GAS  C:\Users\xliu430\AppData\Local\Temp\ccU5WKEg.s 			page 34


 1707 0050 00000000 		.4byte	.LFB68
 1708 0054 1C000000 		.4byte	.LFE68
 1709 0058 00000000 		.4byte	.LFB69
 1710 005c D8000000 		.4byte	.LFE69
 1711 0060 00000000 		.4byte	0
 1712 0064 00000000 		.4byte	0
 1713              		.section	.debug_line,"",%progbits
 1714              	.Ldebug_line0:
 1715 0000 FE020000 		.section	.debug_str,"MS",%progbits,1
 1715      02004502 
 1715      00000201 
 1715      FB0E0D00 
 1715      01010101 
 1716              	.LASF19:
 1717 0000 656F6332 		.ascii	"eoc2\000"
 1717      00
 1718              	.LASF31:
 1719 0005 666C6167 		.ascii	"flag2\000"
 1719      3200
 1720              	.LASF28:
 1721 000b 72657375 		.ascii	"result2\000"
 1721      6C743200 
 1722              	.LASF33:
 1723 0013 636F756E 		.ascii	"count2\000"
 1723      743200
 1724              	.LASF44:
 1725 001a 4C45445F 		.ascii	"LED_Write\000"
 1725      57726974 
 1725      6500
 1726              	.LASF9:
 1727 0024 5F5F696E 		.ascii	"__int32_t\000"
 1727      7433325F 
 1727      7400
 1728              	.LASF21:
 1729 002e 75736250 		.ascii	"usbPutString\000"
 1729      75745374 
 1729      72696E67 
 1729      00
 1730              	.LASF55:
 1731 003b 5C5C6669 		.ascii	"\\\\files.auckland.ac.nz\\myhome\\Documents\\GitHub"
 1731      6C65732E 
 1731      6175636B 
 1731      6C616E64 
 1731      2E61632E 
 1732 0069 5C70726F 		.ascii	"\\project-project_group_15\\hardware task1 - versio"
 1732      6A656374 
 1732      2D70726F 
 1732      6A656374 
 1732      5F67726F 
 1733 009a 6E335C44 		.ascii	"n3\\Design01.cydsn\000"
 1733      65736967 
 1733      6E30312E 
 1733      63796473 
 1733      6E00
 1734              	.LASF39:
 1735 00ac 4144435F 		.ascii	"ADC_SAR_1_CountsTo_mVolts\000"
 1735      5341525F 
ARM GAS  C:\Users\xliu430\AppData\Local\Temp\ccU5WKEg.s 			page 35


 1735      315F436F 
 1735      756E7473 
 1735      546F5F6D 
 1736              	.LASF8:
 1737 00c6 756E7369 		.ascii	"unsigned int\000"
 1737      676E6564 
 1737      20696E74 
 1737      00
 1738              	.LASF49:
 1739 00d3 6973725F 		.ascii	"isr_EOC_StartEx\000"
 1739      454F435F 
 1739      53746172 
 1739      74457800 
 1740              	.LASF18:
 1741 00e3 6D566F6C 		.ascii	"mVolts2\000"
 1741      74733200 
 1742              	.LASF12:
 1743 00eb 666C6F61 		.ascii	"float\000"
 1743      7400
 1744              	.LASF45:
 1745 00f1 54696D65 		.ascii	"Timer_1_Start\000"
 1745      725F315F 
 1745      53746172 
 1745      7400
 1746              	.LASF37:
 1747 00ff 54696D65 		.ascii	"Timer_2_Stop\000"
 1747      725F325F 
 1747      53746F70 
 1747      00
 1748              	.LASF1:
 1749 010c 756E7369 		.ascii	"unsigned char\000"
 1749      676E6564 
 1749      20636861 
 1749      7200
 1750              	.LASF53:
 1751 011a 474E5520 		.ascii	"GNU C11 5.4.1 20160609 (release) [ARM/embedded-5-br"
 1751      43313120 
 1751      352E342E 
 1751      31203230 
 1751      31363036 
 1752 014d 616E6368 		.ascii	"anch revision 237715] -mcpu=cortex-m3 -mthumb -g -O"
 1752      20726576 
 1752      6973696F 
 1752      6E203233 
 1752      37373135 
 1753 0180 67202D66 		.ascii	"g -ffunction-sections -ffat-lto-objects\000"
 1753      66756E63 
 1753      74696F6E 
 1753      2D736563 
 1753      74696F6E 
 1754              	.LASF5:
 1755 01a8 6C6F6E67 		.ascii	"long unsigned int\000"
 1755      20756E73 
 1755      69676E65 
 1755      6420696E 
 1755      7400
 1756              	.LASF3:
ARM GAS  C:\Users\xliu430\AppData\Local\Temp\ccU5WKEg.s 			page 36


 1757 01ba 73686F72 		.ascii	"short unsigned int\000"
 1757      7420756E 
 1757      7369676E 
 1757      65642069 
 1757      6E7400
 1758              	.LASF24:
 1759 01cd 66696E64 		.ascii	"findMaximum\000"
 1759      4D617869 
 1759      6D756D00 
 1760              	.LASF17:
 1761 01d9 76616C32 		.ascii	"val2\000"
 1761      00
 1762              	.LASF22:
 1763 01de 61727261 		.ascii	"array\000"
 1763      7900
 1764              	.LASF29:
 1765 01e4 49544D5F 		.ascii	"ITM_RxBuffer\000"
 1765      52784275 
 1765      66666572 
 1765      00
 1766              	.LASF26:
 1767 01f1 6D696E69 		.ascii	"minimum\000"
 1767      6D756D00 
 1768              	.LASF35:
 1769 01f9 4144435F 		.ascii	"ADC_SAR_2_GetResult16\000"
 1769      5341525F 
 1769      325F4765 
 1769      74526573 
 1769      756C7431 
 1770              	.LASF57:
 1771 020f 6D656D73 		.ascii	"memset\000"
 1771      657400
 1772              	.LASF36:
 1773 0216 4144435F 		.ascii	"ADC_SAR_2_CountsTo_mVolts\000"
 1773      5341525F 
 1773      325F436F 
 1773      756E7473 
 1773      546F5F6D 
 1774              	.LASF13:
 1775 0230 646F7562 		.ascii	"double\000"
 1775      6C6500
 1776              	.LASF43:
 1777 0237 55534255 		.ascii	"USBUART_1_PutData\000"
 1777      4152545F 
 1777      315F5075 
 1777      74446174 
 1777      6100
 1778              	.LASF50:
 1779 0249 6973725F 		.ascii	"isr_EOC2_StartEx\000"
 1779      454F4332 
 1779      5F537461 
 1779      72744578 
 1779      00
 1780              	.LASF46:
 1781 025a 4C45445F 		.ascii	"LED_1_Write\000"
 1781      315F5772 
 1781      69746500 
ARM GAS  C:\Users\xliu430\AppData\Local\Temp\ccU5WKEg.s 			page 37


 1782              	.LASF25:
 1783 0266 66696E64 		.ascii	"findMinimum\000"
 1783      4D696E69 
 1783      6D756D00 
 1784              	.LASF30:
 1785 0272 666C6167 		.ascii	"flag\000"
 1785      00
 1786              	.LASF56:
 1787 0277 6D61696E 		.ascii	"main\000"
 1787      00
 1788              	.LASF42:
 1789 027c 7374726C 		.ascii	"strlen\000"
 1789      656E00
 1790              	.LASF7:
 1791 0283 6C6F6E67 		.ascii	"long long unsigned int\000"
 1791      206C6F6E 
 1791      6720756E 
 1791      7369676E 
 1791      65642069 
 1792              	.LASF27:
 1793 029a 72657375 		.ascii	"result\000"
 1793      6C7400
 1794              	.LASF47:
 1795 02a1 54696D65 		.ascii	"Timer_2_Start\000"
 1795      725F325F 
 1795      53746172 
 1795      7400
 1796              	.LASF20:
 1797 02af 6D566F6C 		.ascii	"mVolts\000"
 1797      747300
 1798              	.LASF16:
 1799 02b6 73697A65 		.ascii	"sizetype\000"
 1799      74797065 
 1799      00
 1800              	.LASF38:
 1801 02bf 4144435F 		.ascii	"ADC_SAR_1_GetResult16\000"
 1801      5341525F 
 1801      315F4765 
 1801      74526573 
 1801      756C7431 
 1802              	.LASF6:
 1803 02d5 6C6F6E67 		.ascii	"long long int\000"
 1803      206C6F6E 
 1803      6720696E 
 1803      7400
 1804              	.LASF34:
 1805 02e3 61727261 		.ascii	"array2\000"
 1805      793200
 1806              	.LASF54:
 1807 02ea 6D61696E 		.ascii	"main.c\000"
 1807      2E6300
 1808              	.LASF14:
 1809 02f1 63686172 		.ascii	"char\000"
 1809      00
 1810              	.LASF52:
 1811 02f6 4144435F 		.ascii	"ADC_SAR_2_Start\000"
 1811      5341525F 
ARM GAS  C:\Users\xliu430\AppData\Local\Temp\ccU5WKEg.s 			page 38


 1811      325F5374 
 1811      61727400 
 1812              	.LASF32:
 1813 0306 636F756E 		.ascii	"count\000"
 1813      7400
 1814              	.LASF10:
 1815 030c 696E7433 		.ascii	"int32_t\000"
 1815      325F7400 
 1816              	.LASF11:
 1817 0314 75696E74 		.ascii	"uint8\000"
 1817      3800
 1818              	.LASF23:
 1819 031a 6D617869 		.ascii	"maximum\000"
 1819      6D756D00 
 1820              	.LASF2:
 1821 0322 73686F72 		.ascii	"short int\000"
 1821      7420696E 
 1821      7400
 1822              	.LASF41:
 1823 032c 55534255 		.ascii	"USBUART_1_CDCIsReady\000"
 1823      4152545F 
 1823      315F4344 
 1823      43497352 
 1823      65616479 
 1824              	.LASF4:
 1825 0341 6C6F6E67 		.ascii	"long int\000"
 1825      20696E74 
 1825      00
 1826              	.LASF15:
 1827 034a 6C6F6E67 		.ascii	"long double\000"
 1827      20646F75 
 1827      626C6500 
 1828              	.LASF0:
 1829 0356 7369676E 		.ascii	"signed char\000"
 1829      65642063 
 1829      68617200 
 1830              	.LASF51:
 1831 0362 4144435F 		.ascii	"ADC_SAR_1_Start\000"
 1831      5341525F 
 1831      315F5374 
 1831      61727400 
 1832              	.LASF40:
 1833 0372 54696D65 		.ascii	"Timer_1_Stop\000"
 1833      725F315F 
 1833      53746F70 
 1833      00
 1834              	.LASF48:
 1835 037f 43794465 		.ascii	"CyDelay\000"
 1835      6C617900 
 1836              		.ident	"GCC: (GNU Tools for ARM Embedded Processors) 5.4.1 20160609 (release) [ARM/embedded-5-bran
